{"meta": {"format": 3, "version": "7.11.0", "timestamp": "2025-10-29T16:29:50.194122", "branch_coverage": false, "show_contexts": false}, "files": {"app/__init__.py": {"executed_lines": [0], "summary": {"covered_lines": 0, "num_statements": 0, "percent_covered": 100.0, "percent_covered_display": "100", "missing_lines": 0, "excluded_lines": 0}, "missing_lines": [], "excluded_lines": [], "functions": {"": {"executed_lines": [], "summary": {"covered_lines": 0, "num_statements": 0, "percent_covered": 100.0, "percent_covered_display": "100", "missing_lines": 0, "excluded_lines": 0}, "missing_lines": [], "excluded_lines": []}}, "classes": {"": {"executed_lines": [], "summary": {"covered_lines": 0, "num_statements": 0, "percent_covered": 100.0, "percent_covered_display": "100", "missing_lines": 0, "excluded_lines": 0}, "missing_lines": [], "excluded_lines": []}}}, "app/agents/__init__.py": {"executed_lines": [1, 7, 8, 9, 10, 11, 12, 13, 14, 15, 17], "summary": {"covered_lines": 10, "num_statements": 10, "percent_covered": 100.0, "percent_covered_display": "100", "missing_lines": 0, "excluded_lines": 0}, "missing_lines": [], "excluded_lines": [], "functions": {"": {"executed_lines": [1, 7, 8, 9, 10, 11, 12, 13, 14, 15, 17], "summary": {"covered_lines": 10, "num_statements": 10, "percent_covered": 100.0, "percent_covered_display": "100", "missing_lines": 0, "excluded_lines": 0}, "missing_lines": [], "excluded_lines": []}}, "classes": {"": {"executed_lines": [1, 7, 8, 9, 10, 11, 12, 13, 14, 15, 17], "summary": {"covered_lines": 10, "num_statements": 10, "percent_covered": 100.0, "percent_covered_display": "100", "missing_lines": 0, "excluded_lines": 0}, "missing_lines": [], "excluded_lines": []}}}, "app/agents/application_form_handler.py": {"executed_lines": [1, 8, 9, 11, 13, 14, 17, 18, 30, 39, 40, 42, 43, 45, 47, 57, 59, 61, 62, 63, 72, 73, 75, 76, 77, 86, 89, 92, 95, 102, 105, 113, 114, 115, 116, 117, 118, 119, 120, 121, 122, 126, 129, 132, 134, 135, 140, 145, 147, 157, 158, 159, 161, 169, 179, 181, 182, 183, 184, 185, 186, 188, 190, 200, 201, 204, 205, 206, 211, 212, 213, 214, 219, 220, 221, 223, 224, 227, 232, 234], "summary": {"covered_lines": 78, "num_statements": 82, "percent_covered": 95.1219512195122, "percent_covered_display": "95", "missing_lines": 4, "excluded_lines": 0}, "missing_lines": [123, 233, 236, 237], "excluded_lines": [], "functions": {"ApplicationFormHandlerAgent.__init__": {"executed_lines": [39, 40], "summary": {"covered_lines": 2, "num_statements": 2, "percent_covered": 100.0, "percent_covered_display": "100", "missing_lines": 0, "excluded_lines": 0}, "missing_lines": [], "excluded_lines": []}, "ApplicationFormHandlerAgent.agent_name": {"executed_lines": [45], "summary": {"covered_lines": 1, "num_statements": 1, "percent_covered": 100.0, "percent_covered_display": "100", "missing_lines": 0, "excluded_lines": 0}, "missing_lines": [], "excluded_lines": []}, "ApplicationFormHandlerAgent.process": {"executed_lines": [57, 59, 61, 62, 63, 72, 73, 75, 76, 77, 86, 89, 92, 95, 102, 105, 113, 114, 115, 116, 117, 118, 119, 120, 121, 122, 126, 129, 132, 134, 135, 140, 145, 147, 157, 158, 159, 161], "summary": {"covered_lines": 38, "num_statements": 39, "percent_covered": 97.43589743589743, "percent_covered_display": "97", "missing_lines": 1, "excluded_lines": 0}, "missing_lines": [123], "excluded_lines": []}, "ApplicationFormHandlerAgent._determine_routing": {"executed_lines": [179, 181, 182, 183, 184, 185, 186, 188], "summary": {"covered_lines": 8, "num_statements": 8, "percent_covered": 100.0, "percent_covered_display": "100", "missing_lines": 0, "excluded_lines": 0}, "missing_lines": [], "excluded_lines": []}, "ApplicationFormHandlerAgent._update_database": {"executed_lines": [200, 201, 204, 205, 206, 211, 212, 213, 214, 219, 220, 221, 223, 224, 227, 232, 234], "summary": {"covered_lines": 17, "num_statements": 20, "percent_covered": 85.0, "percent_covered_display": "85", "missing_lines": 3, "excluded_lines": 0}, "missing_lines": [233, 236, 237], "excluded_lines": []}, "": {"executed_lines": [1, 8, 9, 11, 13, 14, 17, 18, 30, 42, 43, 47, 169, 190], "summary": {"covered_lines": 12, "num_statements": 12, "percent_covered": 100.0, "percent_covered_display": "100", "missing_lines": 0, "excluded_lines": 0}, "missing_lines": [], "excluded_lines": []}}, "classes": {"ApplicationFormHandlerAgent": {"executed_lines": [39, 40, 45, 57, 59, 61, 62, 63, 72, 73, 75, 76, 77, 86, 89, 92, 95, 102, 105, 113, 114, 115, 116, 117, 118, 119, 120, 121, 122, 126, 129, 132, 134, 135, 140, 145, 147, 157, 158, 159, 161, 179, 181, 182, 183, 184, 185, 186, 188, 200, 201, 204, 205, 206, 211, 212, 213, 214, 219, 220, 221, 223, 224, 227, 232, 234], "summary": {"covered_lines": 66, "num_statements": 70, "percent_covered": 94.28571428571429, "percent_covered_display": "94", "missing_lines": 4, "excluded_lines": 0}, "missing_lines": [123, 233, 236, 237], "excluded_lines": []}, "": {"executed_lines": [1, 8, 9, 11, 13, 14, 17, 18, 30, 42, 43, 47, 169, 190], "summary": {"covered_lines": 12, "num_statements": 12, "percent_covered": 100.0, "percent_covered_display": "100", "missing_lines": 0, "excluded_lines": 0}, "missing_lines": [], "excluded_lines": []}}}, "app/agents/base_agent.py": {"executed_lines": [1, 9, 10, 11, 13, 16, 17, 18, 32, 33, 34, 35, 36, 38, 47, 48, 61, 62, 82, 91, 92, 93, 95, 96, 97, 108, 109, 120, 121, 138, 172, 180, 181, 182, 187, 196, 197, 198, 202, 217, 225, 226, 228, 229, 231], "summary": {"covered_lines": 42, "num_statements": 73, "percent_covered": 57.534246575342465, "percent_covered_display": "58", "missing_lines": 31, "excluded_lines": 0}, "missing_lines": [45, 58, 106, 118, 136, 155, 156, 158, 159, 161, 163, 164, 166, 168, 169, 170, 183, 184, 199, 200, 211, 212, 213, 214, 215, 227, 239, 240, 241, 242, 243], "excluded_lines": [], "functions": {"AgentResult.to_dict": {"executed_lines": [], "summary": {"covered_lines": 0, "num_statements": 1, "percent_covered": 0.0, "percent_covered_display": "0", "missing_lines": 1, "excluded_lines": 0}, "missing_lines": [45], "excluded_lines": []}, "AgentResult.from_dict": {"executed_lines": [], "summary": {"covered_lines": 0, "num_statements": 1, "percent_covered": 0.0, "percent_covered_display": "0", "missing_lines": 1, "excluded_lines": 0}, "missing_lines": [58], "excluded_lines": []}, "BaseAgent.__init__": {"executed_lines": [91, 92, 93], "summary": {"covered_lines": 3, "num_statements": 3, "percent_covered": 100.0, "percent_covered_display": "100", "missing_lines": 0, "excluded_lines": 0}, "missing_lines": [], "excluded_lines": []}, "BaseAgent.agent_name": {"executed_lines": [], "summary": {"covered_lines": 0, "num_statements": 1, "percent_covered": 0.0, "percent_covered_display": "0", "missing_lines": 1, "excluded_lines": 0}, "missing_lines": [106], "excluded_lines": []}, "BaseAgent.model": {"executed_lines": [], "summary": {"covered_lines": 0, "num_statements": 1, "percent_covered": 0.0, "percent_covered_display": "0", "missing_lines": 1, "excluded_lines": 0}, "missing_lines": [118], "excluded_lines": []}, "BaseAgent.process": {"executed_lines": [], "summary": {"covered_lines": 0, "num_statements": 1, "percent_covered": 0.0, "percent_covered_display": "0", "missing_lines": 1, "excluded_lines": 0}, "missing_lines": [136], "excluded_lines": []}, "BaseAgent._call_claude": {"executed_lines": [], "summary": {"covered_lines": 0, "num_statements": 11, "percent_covered": 0.0, "percent_covered_display": "0", "missing_lines": 11, "excluded_lines": 0}, "missing_lines": [155, 156, 158, 159, 161, 163, 164, 166, 168, 169, 170], "excluded_lines": []}, "BaseAgent._update_current_stage": {"executed_lines": [180, 181, 182], "summary": {"covered_lines": 3, "num_statements": 5, "percent_covered": 60.0, "percent_covered_display": "60", "missing_lines": 2, "excluded_lines": 0}, "missing_lines": [183, 184], "excluded_lines": []}, "BaseAgent._add_completed_stage": {"executed_lines": [196, 197, 198], "summary": {"covered_lines": 3, "num_statements": 5, "percent_covered": 60.0, "percent_covered_display": "60", "missing_lines": 2, "excluded_lines": 0}, "missing_lines": [199, 200], "excluded_lines": []}, "BaseAgent._store_stage_output": {"executed_lines": [], "summary": {"covered_lines": 0, "num_statements": 5, "percent_covered": 0.0, "percent_covered_display": "0", "missing_lines": 5, "excluded_lines": 0}, "missing_lines": [211, 212, 213, 214, 215], "excluded_lines": []}, "BaseAgent._update_error_info": {"executed_lines": [225, 226, 228, 229], "summary": {"covered_lines": 4, "num_statements": 5, "percent_covered": 80.0, "percent_covered_display": "80", "missing_lines": 1, "excluded_lines": 0}, "missing_lines": [227], "excluded_lines": []}, "BaseAgent._update_status": {"executed_lines": [], "summary": {"covered_lines": 0, "num_statements": 5, "percent_covered": 0.0, "percent_covered_display": "0", "missing_lines": 5, "excluded_lines": 0}, "missing_lines": [239, 240, 241, 242, 243], "excluded_lines": []}, "": {"executed_lines": [1, 9, 10, 11, 13, 16, 17, 18, 32, 33, 34, 35, 36, 38, 47, 48, 61, 62, 82, 95, 96, 97, 108, 109, 120, 121, 138, 172, 187, 202, 217, 231], "summary": {"covered_lines": 29, "num_statements": 29, "percent_covered": 100.0, "percent_covered_display": "100", "missing_lines": 0, "excluded_lines": 0}, "missing_lines": [], "excluded_lines": []}}, "classes": {"AgentResult": {"executed_lines": [], "summary": {"covered_lines": 0, "num_statements": 2, "percent_covered": 0.0, "percent_covered_display": "0", "missing_lines": 2, "excluded_lines": 0}, "missing_lines": [45, 58], "excluded_lines": []}, "BaseAgent": {"executed_lines": [91, 92, 93, 180, 181, 182, 196, 197, 198, 225, 226, 228, 229], "summary": {"covered_lines": 13, "num_statements": 42, "percent_covered": 30.952380952380953, "percent_covered_display": "31", "missing_lines": 29, "excluded_lines": 0}, "missing_lines": [106, 118, 136, 155, 156, 158, 159, 161, 163, 164, 166, 168, 169, 170, 183, 184, 199, 200, 211, 212, 213, 214, 215, 227, 239, 240, 241, 242, 243], "excluded_lines": []}, "": {"executed_lines": [1, 9, 10, 11, 13, 16, 17, 18, 32, 33, 34, 35, 36, 38, 47, 48, 61, 62, 82, 95, 96, 97, 108, 109, 120, 121, 138, 172, 187, 202, 217, 231], "summary": {"covered_lines": 29, "num_statements": 29, "percent_covered": 100.0, "percent_covered_display": "100", "missing_lines": 0, "excluded_lines": 0}, "missing_lines": [], "excluded_lines": []}}}, "app/agents/cover_letter_writer_agent.py": {"executed_lines": [1, 9, 10, 11, 12, 14, 15, 16, 18, 21, 22, 33, 38, 39, 43, 139, 152, 171, 192, 216, 229, 274, 295], "summary": {"covered_lines": 21, "num_statements": 146, "percent_covered": 14.383561643835616, "percent_covered_display": "14", "missing_lines": 125, "excluded_lines": 0}, "missing_lines": [35, 36, 41, 53, 55, 57, 58, 59, 62, 63, 65, 66, 67, 70, 73, 74, 75, 76, 77, 80, 83, 86, 89, 92, 93, 94, 97, 99, 100, 101, 102, 105, 106, 109, 110, 111, 114, 117, 120, 121, 122, 123, 125, 127, 129, 131, 133, 134, 135, 137, 141, 142, 144, 145, 146, 147, 148, 149, 150, 160, 161, 162, 163, 164, 165, 168, 169, 179, 180, 182, 183, 184, 188, 189, 190, 205, 207, 209, 211, 213, 214, 219, 220, 221, 222, 223, 225, 227, 231, 264, 266, 267, 268, 269, 270, 271, 272, 276, 277, 280, 281, 282, 284, 285, 286, 288, 289, 291, 292, 293, 297, 299, 300, 301, 303, 304, 305, 306, 308, 309, 310, 311, 312, 313, 314], "excluded_lines": [], "functions": {"CoverLetterWriterAgent.__init__": {"executed_lines": [], "summary": {"covered_lines": 0, "num_statements": 2, "percent_covered": 0.0, "percent_covered_display": "0", "missing_lines": 2, "excluded_lines": 0}, "missing_lines": [35, 36], "excluded_lines": []}, "CoverLetterWriterAgent.agent_name": {"executed_lines": [], "summary": {"covered_lines": 0, "num_statements": 1, "percent_covered": 0.0, "percent_covered_display": "0", "missing_lines": 1, "excluded_lines": 0}, "missing_lines": [41], "excluded_lines": []}, "CoverLetterWriterAgent.process": {"executed_lines": [], "summary": {"covered_lines": 0, "num_statements": 47, "percent_covered": 0.0, "percent_covered_display": "0", "missing_lines": 47, "excluded_lines": 0}, "missing_lines": [53, 55, 57, 58, 59, 62, 63, 65, 66, 67, 70, 73, 74, 75, 76, 77, 80, 83, 86, 89, 92, 93, 94, 97, 99, 100, 101, 102, 105, 106, 109, 110, 111, 114, 117, 120, 121, 122, 123, 125, 127, 129, 131, 133, 134, 135, 137], "excluded_lines": []}, "CoverLetterWriterAgent._load_cl_template": {"executed_lines": [], "summary": {"covered_lines": 0, "num_statements": 9, "percent_covered": 0.0, "percent_covered_display": "0", "missing_lines": 9, "excluded_lines": 0}, "missing_lines": [141, 142, 144, 145, 146, 147, 148, 149, 150], "excluded_lines": []}, "CoverLetterWriterAgent._extract_contact_person": {"executed_lines": [], "summary": {"covered_lines": 0, "num_statements": 8, "percent_covered": 0.0, "percent_covered_display": "0", "missing_lines": 8, "excluded_lines": 0}, "missing_lines": [160, 161, 162, 163, 164, 165, 168, 169], "excluded_lines": []}, "CoverLetterWriterAgent._parse_name_from_email": {"executed_lines": [], "summary": {"covered_lines": 0, "num_statements": 8, "percent_covered": 0.0, "percent_covered_display": "0", "missing_lines": 8, "excluded_lines": 0}, "missing_lines": [179, 180, 182, 183, 184, 188, 189, 190], "excluded_lines": []}, "CoverLetterWriterAgent._sanitize_filename": {"executed_lines": [], "summary": {"covered_lines": 0, "num_statements": 6, "percent_covered": 0.0, "percent_covered_display": "0", "missing_lines": 6, "excluded_lines": 0}, "missing_lines": [205, 207, 209, 211, 213, 214], "excluded_lines": []}, "CoverLetterWriterAgent._prepare_job_context": {"executed_lines": [], "summary": {"covered_lines": 0, "num_statements": 7, "percent_covered": 0.0, "percent_covered_display": "0", "missing_lines": 7, "excluded_lines": 0}, "missing_lines": [219, 220, 221, 222, 223, 225, 227], "excluded_lines": []}, "CoverLetterWriterAgent._generate_cover_letter_with_claude": {"executed_lines": [], "summary": {"covered_lines": 0, "num_statements": 9, "percent_covered": 0.0, "percent_covered_display": "0", "missing_lines": 9, "excluded_lines": 0}, "missing_lines": [231, 264, 266, 267, 268, 269, 270, 271, 272], "excluded_lines": []}, "CoverLetterWriterAgent._create_cover_letter_docx": {"executed_lines": [], "summary": {"covered_lines": 0, "num_statements": 13, "percent_covered": 0.0, "percent_covered_display": "0", "missing_lines": 13, "excluded_lines": 0}, "missing_lines": [276, 277, 280, 281, 282, 284, 285, 286, 288, 289, 291, 292, 293], "excluded_lines": []}, "CoverLetterWriterAgent._validate_output_file": {"executed_lines": [], "summary": {"covered_lines": 0, "num_statements": 15, "percent_covered": 0.0, "percent_covered_display": "0", "missing_lines": 15, "excluded_lines": 0}, "missing_lines": [297, 299, 300, 301, 303, 304, 305, 306, 308, 309, 310, 311, 312, 313, 314], "excluded_lines": []}, "": {"executed_lines": [1, 9, 10, 11, 12, 14, 15, 16, 18, 21, 22, 33, 38, 39, 43, 139, 152, 171, 192, 216, 229, 274, 295], "summary": {"covered_lines": 21, "num_statements": 21, "percent_covered": 100.0, "percent_covered_display": "100", "missing_lines": 0, "excluded_lines": 0}, "missing_lines": [], "excluded_lines": []}}, "classes": {"CoverLetterWriterAgent": {"executed_lines": [], "summary": {"covered_lines": 0, "num_statements": 125, "percent_covered": 0.0, "percent_covered_display": "0", "missing_lines": 125, "excluded_lines": 0}, "missing_lines": [35, 36, 41, 53, 55, 57, 58, 59, 62, 63, 65, 66, 67, 70, 73, 74, 75, 76, 77, 80, 83, 86, 89, 92, 93, 94, 97, 99, 100, 101, 102, 105, 106, 109, 110, 111, 114, 117, 120, 121, 122, 123, 125, 127, 129, 131, 133, 134, 135, 137, 141, 142, 144, 145, 146, 147, 148, 149, 150, 160, 161, 162, 163, 164, 165, 168, 169, 179, 180, 182, 183, 184, 188, 189, 190, 205, 207, 209, 211, 213, 214, 219, 220, 221, 222, 223, 225, 227, 231, 264, 266, 267, 268, 269, 270, 271, 272, 276, 277, 280, 281, 282, 284, 285, 286, 288, 289, 291, 292, 293, 297, 299, 300, 301, 303, 304, 305, 306, 308, 309, 310, 311, 312, 313, 314], "excluded_lines": []}, "": {"executed_lines": [1, 9, 10, 11, 12, 14, 15, 16, 18, 21, 22, 33, 38, 39, 43, 139, 152, 171, 192, 216, 229, 274, 295], "summary": {"covered_lines": 21, "num_statements": 21, "percent_covered": 100.0, "percent_covered_display": "100", "missing_lines": 0, "excluded_lines": 0}, "missing_lines": [], "excluded_lines": []}}}, "app/agents/cv_tailor_agent.py": {"executed_lines": [1, 10, 11, 12, 13, 14, 15, 17, 18, 20, 23, 24, 39, 51, 52, 56, 156, 181, 200, 228, 286, 316, 341, 366, 393], "summary": {"covered_lines": 23, "num_statements": 156, "percent_covered": 14.743589743589743, "percent_covered_display": "15", "missing_lines": 133, "excluded_lines": 0}, "missing_lines": [48, 49, 54, 69, 71, 73, 74, 75, 78, 79, 81, 82, 83, 86, 89, 90, 91, 92, 93, 94, 95, 96, 99, 102, 105, 108, 111, 112, 113, 116, 117, 120, 121, 122, 125, 128, 137, 138, 141, 144, 146, 148, 150, 151, 152, 154, 170, 171, 173, 174, 175, 176, 177, 178, 179, 191, 192, 193, 194, 196, 197, 198, 211, 212, 213, 216, 217, 218, 219, 220, 221, 223, 225, 226, 242, 276, 278, 279, 280, 281, 282, 283, 284, 296, 298, 299, 300, 301, 302, 303, 304, 305, 307, 308, 309, 311, 312, 314, 329, 330, 331, 333, 334, 336, 337, 339, 354, 356, 358, 360, 362, 364, 378, 386, 387, 389, 390, 391, 408, 411, 412, 413, 416, 417, 418, 419, 422, 423, 424, 425, 426, 427, 428], "excluded_lines": [], "functions": {"CVTailorAgent.__init__": {"executed_lines": [], "summary": {"covered_lines": 0, "num_statements": 2, "percent_covered": 0.0, "percent_covered_display": "0", "missing_lines": 2, "excluded_lines": 0}, "missing_lines": [48, 49], "excluded_lines": []}, "CVTailorAgent.agent_name": {"executed_lines": [], "summary": {"covered_lines": 0, "num_statements": 1, "percent_covered": 0.0, "percent_covered_display": "0", "missing_lines": 1, "excluded_lines": 0}, "missing_lines": [54], "excluded_lines": []}, "CVTailorAgent.process": {"executed_lines": [], "summary": {"covered_lines": 0, "num_statements": 43, "percent_covered": 0.0, "percent_covered_display": "0", "missing_lines": 43, "excluded_lines": 0}, "missing_lines": [69, 71, 73, 74, 75, 78, 79, 81, 82, 83, 86, 89, 90, 91, 92, 93, 94, 95, 96, 99, 102, 105, 108, 111, 112, 113, 116, 117, 120, 121, 122, 125, 128, 137, 138, 141, 144, 146, 148, 150, 151, 152, 154], "excluded_lines": []}, "CVTailorAgent._load_cv_template": {"executed_lines": [], "summary": {"covered_lines": 0, "num_statements": 9, "percent_covered": 0.0, "percent_covered_display": "0", "missing_lines": 9, "excluded_lines": 0}, "missing_lines": [170, 171, 173, 174, 175, 176, 177, 178, 179], "excluded_lines": []}, "CVTailorAgent._extract_cv_content": {"executed_lines": [], "summary": {"covered_lines": 0, "num_statements": 7, "percent_covered": 0.0, "percent_covered_display": "0", "missing_lines": 7, "excluded_lines": 0}, "missing_lines": [191, 192, 193, 194, 196, 197, 198], "excluded_lines": []}, "CVTailorAgent._analyze_job_requirements": {"executed_lines": [], "summary": {"covered_lines": 0, "num_statements": 12, "percent_covered": 0.0, "percent_covered_display": "0", "missing_lines": 12, "excluded_lines": 0}, "missing_lines": [211, 212, 213, 216, 217, 218, 219, 220, 221, 223, 225, 226], "excluded_lines": []}, "CVTailorAgent._customize_cv_with_claude": {"executed_lines": [], "summary": {"covered_lines": 0, "num_statements": 9, "percent_covered": 0.0, "percent_covered_display": "0", "missing_lines": 9, "excluded_lines": 0}, "missing_lines": [242, 276, 278, 279, 280, 281, 282, 283, 284], "excluded_lines": []}, "CVTailorAgent._parse_customization_response": {"executed_lines": [], "summary": {"covered_lines": 0, "num_statements": 15, "percent_covered": 0.0, "percent_covered_display": "0", "missing_lines": 15, "excluded_lines": 0}, "missing_lines": [296, 298, 299, 300, 301, 302, 303, 304, 305, 307, 308, 309, 311, 312, 314], "excluded_lines": []}, "CVTailorAgent._create_output_directory": {"executed_lines": [], "summary": {"covered_lines": 0, "num_statements": 8, "percent_covered": 0.0, "percent_covered_display": "0", "missing_lines": 8, "excluded_lines": 0}, "missing_lines": [329, 330, 331, 333, 334, 336, 337, 339], "excluded_lines": []}, "CVTailorAgent._sanitize_filename": {"executed_lines": [], "summary": {"covered_lines": 0, "num_statements": 6, "percent_covered": 0.0, "percent_covered_display": "0", "missing_lines": 6, "excluded_lines": 0}, "missing_lines": [354, 356, 358, 360, 362, 364], "excluded_lines": []}, "CVTailorAgent._generate_customized_cv": {"executed_lines": [], "summary": {"covered_lines": 0, "num_statements": 6, "percent_covered": 0.0, "percent_covered_display": "0", "missing_lines": 6, "excluded_lines": 0}, "missing_lines": [378, 386, 387, 389, 390, 391], "excluded_lines": []}, "CVTailorAgent._validate_output_file": {"executed_lines": [], "summary": {"covered_lines": 0, "num_statements": 15, "percent_covered": 0.0, "percent_covered_display": "0", "missing_lines": 15, "excluded_lines": 0}, "missing_lines": [408, 411, 412, 413, 416, 417, 418, 419, 422, 423, 424, 425, 426, 427, 428], "excluded_lines": []}, "": {"executed_lines": [1, 10, 11, 12, 13, 14, 15, 17, 18, 20, 23, 24, 39, 51, 52, 56, 156, 181, 200, 228, 286, 316, 341, 366, 393], "summary": {"covered_lines": 23, "num_statements": 23, "percent_covered": 100.0, "percent_covered_display": "100", "missing_lines": 0, "excluded_lines": 0}, "missing_lines": [], "excluded_lines": []}}, "classes": {"CVTailorAgent": {"executed_lines": [], "summary": {"covered_lines": 0, "num_statements": 133, "percent_covered": 0.0, "percent_covered_display": "0", "missing_lines": 133, "excluded_lines": 0}, "missing_lines": [48, 49, 54, 69, 71, 73, 74, 75, 78, 79, 81, 82, 83, 86, 89, 90, 91, 92, 93, 94, 95, 96, 99, 102, 105, 108, 111, 112, 113, 116, 117, 120, 121, 122, 125, 128, 137, 138, 141, 144, 146, 148, 150, 151, 152, 154, 170, 171, 173, 174, 175, 176, 177, 178, 179, 191, 192, 193, 194, 196, 197, 198, 211, 212, 213, 216, 217, 218, 219, 220, 221, 223, 225, 226, 242, 276, 278, 279, 280, 281, 282, 283, 284, 296, 298, 299, 300, 301, 302, 303, 304, 305, 307, 308, 309, 311, 312, 314, 329, 330, 331, 333, 334, 336, 337, 339, 354, 356, 358, 360, 362, 364, 378, 386, 387, 389, 390, 391, 408, 411, 412, 413, 416, 417, 418, 419, 422, 423, 424, 425, 426, 427, 428], "excluded_lines": []}, "": {"executed_lines": [1, 10, 11, 12, 13, 14, 15, 17, 18, 20, 23, 24, 39, 51, 52, 56, 156, 181, 200, 228, 286, 316, 341, 366, 393], "summary": {"covered_lines": 23, "num_statements": 23, "percent_covered": 100.0, "percent_covered_display": "100", "missing_lines": 0, "excluded_lines": 0}, "missing_lines": [], "excluded_lines": []}}}, "app/agents/form_handler_agent.py": {"executed_lines": [1, 8, 9, 10, 11, 13, 15, 18, 19, 22, 23, 36, 37, 41, 125, 170, 194, 209, 224, 238, 264, 292, 305, 350, 378, 410], "summary": {"covered_lines": 24, "num_statements": 191, "percent_covered": 12.565445026178011, "percent_covered_display": "13", "missing_lines": 167, "excluded_lines": 0}, "missing_lines": [39, 51, 53, 55, 56, 57, 60, 61, 63, 64, 65, 68, 69, 70, 71, 74, 77, 79, 80, 82, 83, 84, 86, 87, 88, 91, 94, 105, 106, 109, 110, 112, 113, 115, 117, 119, 120, 121, 123, 148, 149, 153, 155, 156, 157, 158, 161, 163, 164, 165, 166, 167, 168, 182, 183, 184, 185, 186, 187, 189, 190, 191, 192, 202, 203, 204, 205, 206, 207, 217, 218, 219, 220, 221, 222, 231, 232, 233, 234, 235, 236, 249, 251, 252, 254, 255, 256, 257, 258, 259, 260, 261, 262, 274, 276, 278, 279, 280, 281, 282, 283, 285, 286, 288, 289, 290, 300, 301, 302, 303, 315, 317, 319, 320, 321, 322, 323, 324, 325, 326, 327, 330, 332, 333, 334, 335, 336, 337, 338, 339, 340, 343, 344, 346, 347, 348, 362, 363, 364, 366, 367, 368, 370, 371, 372, 374, 375, 376, 389, 390, 391, 392, 394, 395, 398, 399, 401, 402, 404, 405, 407, 408, 418, 421, 424, 425, 426], "excluded_lines": [], "functions": {"FormHandlerAgent.agent_name": {"executed_lines": [], "summary": {"covered_lines": 0, "num_statements": 1, "percent_covered": 0.0, "percent_covered_display": "0", "missing_lines": 1, "excluded_lines": 0}, "missing_lines": [39], "excluded_lines": []}, "FormHandlerAgent.process": {"executed_lines": [], "summary": {"covered_lines": 0, "num_statements": 38, "percent_covered": 0.0, "percent_covered_display": "0", "missing_lines": 38, "excluded_lines": 0}, "missing_lines": [51, 53, 55, 56, 57, 60, 61, 63, 64, 65, 68, 69, 70, 71, 74, 77, 79, 80, 82, 83, 84, 86, 87, 88, 91, 94, 105, 106, 109, 110, 112, 113, 115, 117, 119, 120, 121, 123], "excluded_lines": []}, "FormHandlerAgent._submit_application": {"executed_lines": [], "summary": {"covered_lines": 0, "num_statements": 14, "percent_covered": 0.0, "percent_covered_display": "0", "missing_lines": 14, "excluded_lines": 0}, "missing_lines": [148, 149, 153, 155, 156, 157, 158, 161, 163, 164, 165, 166, 167, 168], "excluded_lines": []}, "FormHandlerAgent._detect_form_fields": {"executed_lines": [], "summary": {"covered_lines": 0, "num_statements": 10, "percent_covered": 0.0, "percent_covered_display": "0", "missing_lines": 10, "excluded_lines": 0}, "missing_lines": [182, 183, 184, 185, 186, 187, 189, 190, 191, 192], "excluded_lines": []}, "FormHandlerAgent._fill_text_field": {"executed_lines": [], "summary": {"covered_lines": 0, "num_statements": 6, "percent_covered": 0.0, "percent_covered_display": "0", "missing_lines": 6, "excluded_lines": 0}, "missing_lines": [202, 203, 204, 205, 206, 207], "excluded_lines": []}, "FormHandlerAgent._select_dropdown": {"executed_lines": [], "summary": {"covered_lines": 0, "num_statements": 6, "percent_covered": 0.0, "percent_covered_display": "0", "missing_lines": 6, "excluded_lines": 0}, "missing_lines": [217, 218, 219, 220, 221, 222], "excluded_lines": []}, "FormHandlerAgent._check_checkbox": {"executed_lines": [], "summary": {"covered_lines": 0, "num_statements": 6, "percent_covered": 0.0, "percent_covered_display": "0", "missing_lines": 6, "excluded_lines": 0}, "missing_lines": [231, 232, 233, 234, 235, 236], "excluded_lines": []}, "FormHandlerAgent._upload_file": {"executed_lines": [], "summary": {"covered_lines": 0, "num_statements": 12, "percent_covered": 0.0, "percent_covered_display": "0", "missing_lines": 12, "excluded_lines": 0}, "missing_lines": [249, 251, 252, 254, 255, 256, 257, 258, 259, 260, 261, 262], "excluded_lines": []}, "FormHandlerAgent._submit_form": {"executed_lines": [], "summary": {"covered_lines": 0, "num_statements": 13, "percent_covered": 0.0, "percent_covered_display": "0", "missing_lines": 13, "excluded_lines": 0}, "missing_lines": [274, 276, 278, 279, 280, 281, 282, 283, 285, 286, 288, 289, 290], "excluded_lines": []}, "FormHandlerAgent._wait_for_confirmation": {"executed_lines": [], "summary": {"covered_lines": 0, "num_statements": 4, "percent_covered": 0.0, "percent_covered_display": "0", "missing_lines": 4, "excluded_lines": 0}, "missing_lines": [300, 301, 302, 303], "excluded_lines": []}, "FormHandlerAgent._verify_submission": {"executed_lines": [], "summary": {"covered_lines": 0, "num_statements": 26, "percent_covered": 0.0, "percent_covered_display": "0", "missing_lines": 26, "excluded_lines": 0}, "missing_lines": [315, 317, 319, 320, 321, 322, 323, 324, 325, 326, 327, 330, 332, 333, 334, 335, 336, 337, 338, 339, 340, 343, 344, 346, 347, 348], "excluded_lines": []}, "FormHandlerAgent._capture_screenshot": {"executed_lines": [], "summary": {"covered_lines": 0, "num_statements": 12, "percent_covered": 0.0, "percent_covered_display": "0", "missing_lines": 12, "excluded_lines": 0}, "missing_lines": [362, 363, 364, 366, 367, 368, 370, 371, 372, 374, 375, 376], "excluded_lines": []}, "FormHandlerAgent._submit_with_retry": {"executed_lines": [], "summary": {"covered_lines": 0, "num_statements": 14, "percent_covered": 0.0, "percent_covered_display": "0", "missing_lines": 14, "excluded_lines": 0}, "missing_lines": [389, 390, 391, 392, 394, 395, 398, 399, 401, 402, 404, 405, 407, 408], "excluded_lines": []}, "FormHandlerAgent._update_database": {"executed_lines": [], "summary": {"covered_lines": 0, "num_statements": 5, "percent_covered": 0.0, "percent_covered_display": "0", "missing_lines": 5, "excluded_lines": 0}, "missing_lines": [418, 421, 424, 425, 426], "excluded_lines": []}, "": {"executed_lines": [1, 8, 9, 10, 11, 13, 15, 18, 19, 22, 23, 36, 37, 41, 125, 170, 194, 209, 224, 238, 264, 292, 305, 350, 378, 410], "summary": {"covered_lines": 24, "num_statements": 24, "percent_covered": 100.0, "percent_covered_display": "100", "missing_lines": 0, "excluded_lines": 0}, "missing_lines": [], "excluded_lines": []}}, "classes": {"FormHandlerAgent": {"executed_lines": [], "summary": {"covered_lines": 0, "num_statements": 167, "percent_covered": 0.0, "percent_covered_display": "0", "missing_lines": 167, "excluded_lines": 0}, "missing_lines": [39, 51, 53, 55, 56, 57, 60, 61, 63, 64, 65, 68, 69, 70, 71, 74, 77, 79, 80, 82, 83, 84, 86, 87, 88, 91, 94, 105, 106, 109, 110, 112, 113, 115, 117, 119, 120, 121, 123, 148, 149, 153, 155, 156, 157, 158, 161, 163, 164, 165, 166, 167, 168, 182, 183, 184, 185, 186, 187, 189, 190, 191, 192, 202, 203, 204, 205, 206, 207, 217, 218, 219, 220, 221, 222, 231, 232, 233, 234, 235, 236, 249, 251, 252, 254, 255, 256, 257, 258, 259, 260, 261, 262, 274, 276, 278, 279, 280, 281, 282, 283, 285, 286, 288, 289, 290, 300, 301, 302, 303, 315, 317, 319, 320, 321, 322, 323, 324, 325, 326, 327, 330, 332, 333, 334, 335, 336, 337, 338, 339, 340, 343, 344, 346, 347, 348, 362, 363, 364, 366, 367, 368, 370, 371, 372, 374, 375, 376, 389, 390, 391, 392, 394, 395, 398, 399, 401, 402, 404, 405, 407, 408, 418, 421, 424, 425, 426], "excluded_lines": []}, "": {"executed_lines": [1, 8, 9, 10, 11, 13, 15, 18, 19, 22, 23, 36, 37, 41, 125, 170, 194, 209, 224, 238, 264, 292, 305, 350, 378, 410], "summary": {"covered_lines": 24, "num_statements": 24, "percent_covered": 100.0, "percent_covered_display": "100", "missing_lines": 0, "excluded_lines": 0}, "missing_lines": [], "excluded_lines": []}}}, "app/agents/job_matcher_agent.py": {"executed_lines": [1, 13, 14, 15, 16, 18, 19, 20, 22, 25, 26, 39, 53, 54, 58, 145, 180, 202, 250, 279, 304, 328, 347, 374, 396], "summary": {"covered_lines": 23, "num_statements": 136, "percent_covered": 16.91176470588235, "percent_covered_display": "17", "missing_lines": 113, "excluded_lines": 0}, "missing_lines": [48, 49, 50, 51, 56, 71, 73, 75, 76, 77, 80, 81, 83, 84, 85, 88, 91, 94, 97, 100, 102, 104, 106, 109, 112, 115, 128, 129, 130, 133, 135, 137, 139, 140, 141, 143, 153, 154, 156, 158, 159, 160, 162, 163, 165, 173, 174, 176, 177, 178, 191, 193, 199, 200, 213, 248, 260, 262, 263, 264, 265, 266, 267, 268, 269, 271, 272, 274, 275, 277, 290, 291, 294, 295, 296, 297, 298, 299, 301, 302, 315, 316, 318, 319, 320, 321, 322, 323, 325, 326, 340, 341, 342, 343, 345, 360, 362, 370, 372, 386, 389, 390, 391, 392, 394, 410, 411, 414, 415, 418, 419, 422, 423], "excluded_lines": [], "functions": {"JobMatcherAgent.__init__": {"executed_lines": [], "summary": {"covered_lines": 0, "num_statements": 4, "percent_covered": 0.0, "percent_covered_display": "0", "missing_lines": 4, "excluded_lines": 0}, "missing_lines": [48, 49, 50, 51], "excluded_lines": []}, "JobMatcherAgent.agent_name": {"executed_lines": [], "summary": {"covered_lines": 0, "num_statements": 1, "percent_covered": 0.0, "percent_covered_display": "0", "missing_lines": 1, "excluded_lines": 0}, "missing_lines": [56], "excluded_lines": []}, "JobMatcherAgent.process": {"executed_lines": [], "summary": {"covered_lines": 0, "num_statements": 31, "percent_covered": 0.0, "percent_covered_display": "0", "missing_lines": 31, "excluded_lines": 0}, "missing_lines": [71, 73, 75, 76, 77, 80, 81, 83, 84, 85, 88, 91, 94, 97, 100, 102, 104, 106, 109, 112, 115, 128, 129, 130, 133, 135, 137, 139, 140, 141, 143], "excluded_lines": []}, "JobMatcherAgent._load_search_criteria": {"executed_lines": [], "summary": {"covered_lines": 0, "num_statements": 14, "percent_covered": 0.0, "percent_covered_display": "0", "missing_lines": 14, "excluded_lines": 0}, "missing_lines": [153, 154, 156, 158, 159, 160, 162, 163, 165, 173, 174, 176, 177, 178], "excluded_lines": []}, "JobMatcherAgent._analyze_job_with_claude": {"executed_lines": [], "summary": {"covered_lines": 0, "num_statements": 4, "percent_covered": 0.0, "percent_covered_display": "0", "missing_lines": 4, "excluded_lines": 0}, "missing_lines": [191, 193, 199, 200], "excluded_lines": []}, "JobMatcherAgent._build_matching_prompt": {"executed_lines": [], "summary": {"covered_lines": 0, "num_statements": 2, "percent_covered": 0.0, "percent_covered_display": "0", "missing_lines": 2, "excluded_lines": 0}, "missing_lines": [213, 248], "excluded_lines": []}, "JobMatcherAgent._parse_claude_response": {"executed_lines": [], "summary": {"covered_lines": 0, "num_statements": 14, "percent_covered": 0.0, "percent_covered_display": "0", "missing_lines": 14, "excluded_lines": 0}, "missing_lines": [260, 262, 263, 264, 265, 266, 267, 268, 269, 271, 272, 274, 275, 277], "excluded_lines": []}, "JobMatcherAgent._calculate_must_have_score": {"executed_lines": [], "summary": {"covered_lines": 0, "num_statements": 10, "percent_covered": 0.0, "percent_covered_display": "0", "missing_lines": 10, "excluded_lines": 0}, "missing_lines": [290, 291, 294, 295, 296, 297, 298, 299, 301, 302], "excluded_lines": []}, "JobMatcherAgent._calculate_component_score": {"executed_lines": [], "summary": {"covered_lines": 0, "num_statements": 10, "percent_covered": 0.0, "percent_covered_display": "0", "missing_lines": 10, "excluded_lines": 0}, "missing_lines": [315, 316, 318, 319, 320, 321, 322, 323, 325, 326], "excluded_lines": []}, "JobMatcherAgent._calculate_location_score": {"executed_lines": [], "summary": {"covered_lines": 0, "num_statements": 5, "percent_covered": 0.0, "percent_covered_display": "0", "missing_lines": 5, "excluded_lines": 0}, "missing_lines": [340, 341, 342, 343, 345], "excluded_lines": []}, "JobMatcherAgent._calculate_final_score": {"executed_lines": [], "summary": {"covered_lines": 0, "num_statements": 4, "percent_covered": 0.0, "percent_covered_display": "0", "missing_lines": 4, "excluded_lines": 0}, "missing_lines": [360, 362, 370, 372], "excluded_lines": []}, "JobMatcherAgent._normalize_tech_name": {"executed_lines": [], "summary": {"covered_lines": 0, "num_statements": 6, "percent_covered": 0.0, "percent_covered_display": "0", "missing_lines": 6, "excluded_lines": 0}, "missing_lines": [386, 389, 390, 391, 392, 394], "excluded_lines": []}, "JobMatcherAgent._is_fuzzy_match": {"executed_lines": [], "summary": {"covered_lines": 0, "num_statements": 8, "percent_covered": 0.0, "percent_covered_display": "0", "missing_lines": 8, "excluded_lines": 0}, "missing_lines": [410, 411, 414, 415, 418, 419, 422, 423], "excluded_lines": []}, "": {"executed_lines": [1, 13, 14, 15, 16, 18, 19, 20, 22, 25, 26, 39, 53, 54, 58, 145, 180, 202, 250, 279, 304, 328, 347, 374, 396], "summary": {"covered_lines": 23, "num_statements": 23, "percent_covered": 100.0, "percent_covered_display": "100", "missing_lines": 0, "excluded_lines": 0}, "missing_lines": [], "excluded_lines": []}}, "classes": {"JobMatcherAgent": {"executed_lines": [], "summary": {"covered_lines": 0, "num_statements": 113, "percent_covered": 0.0, "percent_covered_display": "0", "missing_lines": 113, "excluded_lines": 0}, "missing_lines": [48, 49, 50, 51, 56, 71, 73, 75, 76, 77, 80, 81, 83, 84, 85, 88, 91, 94, 97, 100, 102, 104, 106, 109, 112, 115, 128, 129, 130, 133, 135, 137, 139, 140, 141, 143, 153, 154, 156, 158, 159, 160, 162, 163, 165, 173, 174, 176, 177, 178, 191, 193, 199, 200, 213, 248, 260, 262, 263, 264, 265, 266, 267, 268, 269, 271, 272, 274, 275, 277, 290, 291, 294, 295, 296, 297, 298, 299, 301, 302, 315, 316, 318, 319, 320, 321, 322, 323, 325, 326, 340, 341, 342, 343, 345, 360, 362, 370, 372, 386, 389, 390, 391, 392, 394, 410, 411, 414, 415, 418, 419, 422, 423], "excluded_lines": []}, "": {"executed_lines": [1, 13, 14, 15, 16, 18, 19, 20, 22, 25, 26, 39, 53, 54, 58, 145, 180, 202, 250, 279, 304, 328, 347, 374, 396], "summary": {"covered_lines": 23, "num_statements": 23, "percent_covered": 100.0, "percent_covered_display": "100", "missing_lines": 0, "excluded_lines": 0}, "missing_lines": [], "excluded_lines": []}}}, "app/agents/orchestrator_agent.py": {"executed_lines": [1, 11, 12, 13, 15, 17, 20, 23, 24, 25, 28, 29, 42, 43, 47, 130, 146, 173, 208, 296, 329, 372, 392], "summary": {"covered_lines": 21, "num_statements": 150, "percent_covered": 14.0, "percent_covered_display": "14", "missing_lines": 129, "excluded_lines": 0}, "missing_lines": [45, 57, 59, 61, 62, 63, 66, 67, 69, 70, 71, 74, 77, 80, 81, 82, 85, 88, 89, 92, 93, 96, 97, 100, 103, 115, 116, 118, 120, 122, 124, 125, 126, 128, 140, 141, 142, 143, 144, 156, 159, 160, 161, 164, 165, 167, 168, 169, 171, 188, 189, 190, 191, 194, 195, 196, 197, 198, 199, 202, 203, 206, 220, 221, 222, 223, 225, 226, 227, 229, 230, 232, 233, 235, 236, 238, 278, 280, 281, 282, 285, 286, 287, 288, 290, 291, 292, 294, 312, 313, 316, 317, 318, 321, 322, 323, 326, 327, 341, 342, 343, 346, 347, 348, 349, 350, 351, 352, 353, 354, 356, 358, 359, 360, 361, 362, 363, 366, 367, 368, 370, 380, 383, 385, 388, 389, 390, 402, 403], "excluded_lines": [], "functions": {"OrchestratorAgent.agent_name": {"executed_lines": [], "summary": {"covered_lines": 0, "num_statements": 1, "percent_covered": 0.0, "percent_covered_display": "0", "missing_lines": 1, "excluded_lines": 0}, "missing_lines": [45], "excluded_lines": []}, "OrchestratorAgent.process": {"executed_lines": [], "summary": {"covered_lines": 0, "num_statements": 33, "percent_covered": 0.0, "percent_covered_display": "0", "missing_lines": 33, "excluded_lines": 0}, "missing_lines": [57, 59, 61, 62, 63, 66, 67, 69, 70, 71, 74, 77, 80, 81, 82, 85, 88, 89, 92, 93, 96, 97, 100, 103, 115, 116, 118, 120, 122, 124, 125, 126, 128], "excluded_lines": []}, "OrchestratorAgent._verify_required_stages": {"executed_lines": [], "summary": {"covered_lines": 0, "num_statements": 5, "percent_covered": 0.0, "percent_covered_display": "0", "missing_lines": 5, "excluded_lines": 0}, "missing_lines": [140, 141, 142, 143, 144], "excluded_lines": []}, "OrchestratorAgent._extract_metrics": {"executed_lines": [], "summary": {"covered_lines": 0, "num_statements": 10, "percent_covered": 0.0, "percent_covered_display": "0", "missing_lines": 10, "excluded_lines": 0}, "missing_lines": [156, 159, 160, 161, 164, 165, 167, 168, 169, 171], "excluded_lines": []}, "OrchestratorAgent._apply_decision_rules": {"executed_lines": [], "summary": {"covered_lines": 0, "num_statements": 13, "percent_covered": 0.0, "percent_covered_display": "0", "missing_lines": 13, "excluded_lines": 0}, "missing_lines": [188, 189, 190, 191, 194, 195, 196, 197, 198, 199, 202, 203, 206], "excluded_lines": []}, "OrchestratorAgent._get_claude_recommendation": {"executed_lines": [], "summary": {"covered_lines": 0, "num_statements": 26, "percent_covered": 0.0, "percent_covered_display": "0", "missing_lines": 26, "excluded_lines": 0}, "missing_lines": [220, 221, 222, 223, 225, 226, 227, 229, 230, 232, 233, 235, 236, 238, 278, 280, 281, 282, 285, 286, 287, 288, 290, 291, 292, 294], "excluded_lines": []}, "OrchestratorAgent._combine_decisions": {"executed_lines": [], "summary": {"covered_lines": 0, "num_statements": 10, "percent_covered": 0.0, "percent_covered_display": "0", "missing_lines": 10, "excluded_lines": 0}, "missing_lines": [312, 313, 316, 317, 318, 321, 322, 323, 326, 327], "excluded_lines": []}, "OrchestratorAgent._generate_reasoning": {"executed_lines": [], "summary": {"covered_lines": 0, "num_statements": 23, "percent_covered": 0.0, "percent_covered_display": "0", "missing_lines": 23, "excluded_lines": 0}, "missing_lines": [341, 342, 343, 346, 347, 348, 349, 350, 351, 352, 353, 354, 356, 358, 359, 360, 361, 362, 363, 366, 367, 368, 370], "excluded_lines": []}, "OrchestratorAgent._update_database": {"executed_lines": [], "summary": {"covered_lines": 0, "num_statements": 6, "percent_covered": 0.0, "percent_covered_display": "0", "missing_lines": 6, "excluded_lines": 0}, "missing_lines": [380, 383, 385, 388, 389, 390], "excluded_lines": []}, "OrchestratorAgent._decision_to_action": {"executed_lines": [], "summary": {"covered_lines": 0, "num_statements": 2, "percent_covered": 0.0, "percent_covered_display": "0", "missing_lines": 2, "excluded_lines": 0}, "missing_lines": [402, 403], "excluded_lines": []}, "": {"executed_lines": [1, 11, 12, 13, 15, 17, 20, 23, 24, 25, 28, 29, 42, 43, 47, 130, 146, 173, 208, 296, 329, 372, 392], "summary": {"covered_lines": 21, "num_statements": 21, "percent_covered": 100.0, "percent_covered_display": "100", "missing_lines": 0, "excluded_lines": 0}, "missing_lines": [], "excluded_lines": []}}, "classes": {"OrchestratorAgent": {"executed_lines": [], "summary": {"covered_lines": 0, "num_statements": 129, "percent_covered": 0.0, "percent_covered_display": "0", "missing_lines": 129, "excluded_lines": 0}, "missing_lines": [45, 57, 59, 61, 62, 63, 66, 67, 69, 70, 71, 74, 77, 80, 81, 82, 85, 88, 89, 92, 93, 96, 97, 100, 103, 115, 116, 118, 120, 122, 124, 125, 126, 128, 140, 141, 142, 143, 144, 156, 159, 160, 161, 164, 165, 167, 168, 169, 171, 188, 189, 190, 191, 194, 195, 196, 197, 198, 199, 202, 203, 206, 220, 221, 222, 223, 225, 226, 227, 229, 230, 232, 233, 235, 236, 238, 278, 280, 281, 282, 285, 286, 287, 288, 290, 291, 292, 294, 312, 313, 316, 317, 318, 321, 322, 323, 326, 327, 341, 342, 343, 346, 347, 348, 349, 350, 351, 352, 353, 354, 356, 358, 359, 360, 361, 362, 363, 366, 367, 368, 370, 380, 383, 385, 388, 389, 390, 402, 403], "excluded_lines": []}, "": {"executed_lines": [1, 11, 12, 13, 15, 17, 20, 23, 24, 25, 28, 29, 42, 43, 47, 130, 146, 173, 208, 296, 329, 372, 392], "summary": {"covered_lines": 21, "num_statements": 21, "percent_covered": 100.0, "percent_covered_display": "100", "missing_lines": 0, "excluded_lines": 0}, "missing_lines": [], "excluded_lines": []}}}, "app/agents/qa_agent.py": {"executed_lines": [1, 9, 10, 11, 12, 13, 15, 16, 18, 21, 40, 41, 54, 60, 61, 65, 168, 181, 189, 200, 225, 254, 312, 319], "summary": {"covered_lines": 22, "num_statements": 149, "percent_covered": 14.765100671140939, "percent_covered_display": "15", "missing_lines": 127, "excluded_lines": 0}, "missing_lines": [56, 57, 58, 63, 75, 77, 79, 80, 81, 84, 85, 87, 88, 89, 92, 95, 98, 99, 101, 102, 103, 105, 106, 107, 110, 111, 112, 113, 114, 115, 116, 117, 120, 121, 122, 123, 126, 127, 129, 130, 132, 135, 138, 141, 144, 147, 148, 149, 151, 152, 154, 156, 158, 160, 162, 163, 164, 166, 170, 171, 173, 174, 175, 176, 177, 178, 179, 183, 184, 185, 186, 187, 191, 192, 194, 195, 196, 197, 198, 202, 206, 208, 209, 212, 213, 216, 219, 220, 221, 223, 227, 230, 231, 232, 235, 236, 237, 238, 239, 240, 241, 244, 245, 246, 248, 249, 250, 252, 256, 296, 298, 299, 300, 303, 304, 305, 306, 307, 308, 309, 310, 314, 315, 316, 317, 322, 323], "excluded_lines": [], "functions": {"QAAgent.__init__": {"executed_lines": [], "summary": {"covered_lines": 0, "num_statements": 3, "percent_covered": 0.0, "percent_covered_display": "0", "missing_lines": 3, "excluded_lines": 0}, "missing_lines": [56, 57, 58], "excluded_lines": []}, "QAAgent.agent_name": {"executed_lines": [], "summary": {"covered_lines": 0, "num_statements": 1, "percent_covered": 0.0, "percent_covered_display": "0", "missing_lines": 1, "excluded_lines": 0}, "missing_lines": [63], "excluded_lines": []}, "QAAgent.process": {"executed_lines": [], "summary": {"covered_lines": 0, "num_statements": 54, "percent_covered": 0.0, "percent_covered_display": "0", "missing_lines": 54, "excluded_lines": 0}, "missing_lines": [75, 77, 79, 80, 81, 84, 85, 87, 88, 89, 92, 95, 98, 99, 101, 102, 103, 105, 106, 107, 110, 111, 112, 113, 114, 115, 116, 117, 120, 121, 122, 123, 126, 127, 129, 130, 132, 135, 138, 141, 144, 147, 148, 149, 151, 152, 154, 156, 158, 160, 162, 163, 164, 166], "excluded_lines": []}, "QAAgent._load_document": {"executed_lines": [], "summary": {"covered_lines": 0, "num_statements": 9, "percent_covered": 0.0, "percent_covered_display": "0", "missing_lines": 9, "excluded_lines": 0}, "missing_lines": [170, 171, 173, 174, 175, 176, 177, 178, 179], "excluded_lines": []}, "QAAgent._extract_text_from_document": {"executed_lines": [], "summary": {"covered_lines": 0, "num_statements": 5, "percent_covered": 0.0, "percent_covered_display": "0", "missing_lines": 5, "excluded_lines": 0}, "missing_lines": [183, 184, 185, 186, 187], "excluded_lines": []}, "QAAgent._check_australian_english": {"executed_lines": [], "summary": {"covered_lines": 0, "num_statements": 7, "percent_covered": 0.0, "percent_covered_display": "0", "missing_lines": 7, "excluded_lines": 0}, "missing_lines": [191, 192, 194, 195, 196, 197, 198], "excluded_lines": []}, "QAAgent._check_fabrication": {"executed_lines": [], "summary": {"covered_lines": 0, "num_statements": 11, "percent_covered": 0.0, "percent_covered_display": "0", "missing_lines": 11, "excluded_lines": 0}, "missing_lines": [202, 206, 208, 209, 212, 213, 216, 219, 220, 221, 223], "excluded_lines": []}, "QAAgent._check_contact_info": {"executed_lines": [], "summary": {"covered_lines": 0, "num_statements": 18, "percent_covered": 0.0, "percent_covered_display": "0", "missing_lines": 18, "excluded_lines": 0}, "missing_lines": [227, 230, 231, 232, 235, 236, 237, 238, 239, 240, 241, 244, 245, 246, 248, 249, 250, 252], "excluded_lines": []}, "QAAgent._analyze_with_claude": {"executed_lines": [], "summary": {"covered_lines": 0, "num_statements": 13, "percent_covered": 0.0, "percent_covered_display": "0", "missing_lines": 13, "excluded_lines": 0}, "missing_lines": [256, 296, 298, 299, 300, 303, 304, 305, 306, 307, 308, 309, 310], "excluded_lines": []}, "QAAgent._aggregate_issues": {"executed_lines": [], "summary": {"covered_lines": 0, "num_statements": 4, "percent_covered": 0.0, "percent_covered_display": "0", "missing_lines": 4, "excluded_lines": 0}, "missing_lines": [314, 315, 316, 317], "excluded_lines": []}, "QAAgent._should_pass": {"executed_lines": [], "summary": {"covered_lines": 0, "num_statements": 2, "percent_covered": 0.0, "percent_covered_display": "0", "missing_lines": 2, "excluded_lines": 0}, "missing_lines": [322, 323], "excluded_lines": []}, "": {"executed_lines": [1, 9, 10, 11, 12, 13, 15, 16, 18, 21, 40, 41, 54, 60, 61, 65, 168, 181, 189, 200, 225, 254, 312, 319], "summary": {"covered_lines": 22, "num_statements": 22, "percent_covered": 100.0, "percent_covered_display": "100", "missing_lines": 0, "excluded_lines": 0}, "missing_lines": [], "excluded_lines": []}}, "classes": {"QAAgent": {"executed_lines": [], "summary": {"covered_lines": 0, "num_statements": 127, "percent_covered": 0.0, "percent_covered_display": "0", "missing_lines": 127, "excluded_lines": 0}, "missing_lines": [56, 57, 58, 63, 75, 77, 79, 80, 81, 84, 85, 87, 88, 89, 92, 95, 98, 99, 101, 102, 103, 105, 106, 107, 110, 111, 112, 113, 114, 115, 116, 117, 120, 121, 122, 123, 126, 127, 129, 130, 132, 135, 138, 141, 144, 147, 148, 149, 151, 152, 154, 156, 158, 160, 162, 163, 164, 166, 170, 171, 173, 174, 175, 176, 177, 178, 179, 183, 184, 185, 186, 187, 191, 192, 194, 195, 196, 197, 198, 202, 206, 208, 209, 212, 213, 216, 219, 220, 221, 223, 227, 230, 231, 232, 235, 236, 237, 238, 239, 240, 241, 244, 245, 246, 248, 249, 250, 252, 256, 296, 298, 299, 300, 303, 304, 305, 306, 307, 308, 309, 310, 314, 315, 316, 317, 322, 323], "excluded_lines": []}, "": {"executed_lines": [1, 9, 10, 11, 12, 13, 15, 16, 18, 21, 40, 41, 54, 60, 61, 65, 168, 181, 189, 200, 225, 254, 312, 319], "summary": {"covered_lines": 22, "num_statements": 22, "percent_covered": 100.0, "percent_covered_display": "100", "missing_lines": 0, "excluded_lines": 0}, "missing_lines": [], "excluded_lines": []}}}, "app/agents/registry.py": {"executed_lines": [1, 11, 13, 15, 18, 19, 37, 38, 40, 49, 50, 66, 83, 95, 114], "summary": {"covered_lines": 13, "num_statements": 35, "percent_covered": 37.142857142857146, "percent_covered_display": "37", "missing_lines": 22, "excluded_lines": 0}, "missing_lines": [46, 47, 59, 60, 61, 62, 63, 64, 77, 78, 80, 81, 93, 105, 106, 107, 108, 109, 110, 111, 112, 123], "excluded_lines": [], "functions": {"AgentRegistry.__init__": {"executed_lines": [], "summary": {"covered_lines": 0, "num_statements": 2, "percent_covered": 0.0, "percent_covered_display": "0", "missing_lines": 2, "excluded_lines": 0}, "missing_lines": [46, 47], "excluded_lines": []}, "AgentRegistry.get_instance": {"executed_lines": [], "summary": {"covered_lines": 0, "num_statements": 6, "percent_covered": 0.0, "percent_covered_display": "0", "missing_lines": 6, "excluded_lines": 0}, "missing_lines": [59, 60, 61, 62, 63, 64], "excluded_lines": []}, "AgentRegistry.register": {"executed_lines": [], "summary": {"covered_lines": 0, "num_statements": 4, "percent_covered": 0.0, "percent_covered_display": "0", "missing_lines": 4, "excluded_lines": 0}, "missing_lines": [77, 78, 80, 81], "excluded_lines": []}, "AgentRegistry.get_agent_class": {"executed_lines": [], "summary": {"covered_lines": 0, "num_statements": 1, "percent_covered": 0.0, "percent_covered_display": "0", "missing_lines": 1, "excluded_lines": 0}, "missing_lines": [93], "excluded_lines": []}, "AgentRegistry.get_next_agent_name": {"executed_lines": [], "summary": {"covered_lines": 0, "num_statements": 8, "percent_covered": 0.0, "percent_covered_display": "0", "missing_lines": 8, "excluded_lines": 0}, "missing_lines": [105, 106, 107, 108, 109, 110, 111, 112], "excluded_lines": []}, "AgentRegistry.get_pipeline_order": {"executed_lines": [], "summary": {"covered_lines": 0, "num_statements": 1, "percent_covered": 0.0, "percent_covered_display": "0", "missing_lines": 1, "excluded_lines": 0}, "missing_lines": [123], "excluded_lines": []}, "": {"executed_lines": [1, 11, 13, 15, 18, 19, 37, 38, 40, 49, 50, 66, 83, 95, 114], "summary": {"covered_lines": 13, "num_statements": 13, "percent_covered": 100.0, "percent_covered_display": "100", "missing_lines": 0, "excluded_lines": 0}, "missing_lines": [], "excluded_lines": []}}, "classes": {"AgentRegistry": {"executed_lines": [], "summary": {"covered_lines": 0, "num_statements": 22, "percent_covered": 0.0, "percent_covered_display": "0", "missing_lines": 22, "excluded_lines": 0}, "missing_lines": [46, 47, 59, 60, 61, 62, 63, 64, 77, 78, 80, 81, 93, 105, 106, 107, 108, 109, 110, 111, 112, 123], "excluded_lines": []}, "": {"executed_lines": [1, 11, 13, 15, 18, 19, 37, 38, 40, 49, 50, 66, 83, 95, 114], "summary": {"covered_lines": 13, "num_statements": 13, "percent_covered": 100.0, "percent_covered_display": "100", "missing_lines": 0, "excluded_lines": 0}, "missing_lines": [], "excluded_lines": []}}}, "app/agents/salary_validator_agent.py": {"executed_lines": [1, 10, 11, 12, 13, 14, 16, 17, 19, 22, 23, 37, 49, 50, 54, 151, 181, 216, 268, 296, 311], "summary": {"covered_lines": 19, "num_statements": 118, "percent_covered": 16.10169491525424, "percent_covered_display": "16", "missing_lines": 99, "excluded_lines": 0}, "missing_lines": [46, 47, 52, 68, 70, 72, 73, 74, 77, 78, 80, 81, 82, 85, 88, 91, 92, 94, 95, 96, 97, 98, 101, 102, 103, 104, 106, 107, 108, 111, 112, 114, 116, 119, 122, 125, 136, 139, 141, 143, 145, 146, 147, 149, 161, 162, 164, 166, 167, 168, 170, 172, 174, 175, 177, 178, 179, 197, 198, 200, 202, 205, 206, 207, 210, 212, 213, 214, 234, 235, 256, 258, 261, 262, 264, 265, 266, 278, 280, 281, 282, 283, 284, 285, 286, 287, 289, 290, 292, 293, 294, 308, 309, 323, 324, 326, 327, 329, 330], "excluded_lines": [], "functions": {"SalaryValidatorAgent.__init__": {"executed_lines": [], "summary": {"covered_lines": 0, "num_statements": 2, "percent_covered": 0.0, "percent_covered_display": "0", "missing_lines": 2, "excluded_lines": 0}, "missing_lines": [46, 47], "excluded_lines": []}, "SalaryValidatorAgent.agent_name": {"executed_lines": [], "summary": {"covered_lines": 0, "num_statements": 1, "percent_covered": 0.0, "percent_covered_display": "0", "missing_lines": 1, "excluded_lines": 0}, "missing_lines": [52], "excluded_lines": []}, "SalaryValidatorAgent.process": {"executed_lines": [], "summary": {"covered_lines": 0, "num_statements": 41, "percent_covered": 0.0, "percent_covered_display": "0", "missing_lines": 41, "excluded_lines": 0}, "missing_lines": [68, 70, 72, 73, 74, 77, 78, 80, 81, 82, 85, 88, 91, 92, 94, 95, 96, 97, 98, 101, 102, 103, 104, 106, 107, 108, 111, 112, 114, 116, 119, 122, 125, 136, 139, 141, 143, 145, 146, 147, 149], "excluded_lines": []}, "SalaryValidatorAgent._load_salary_expectations": {"executed_lines": [], "summary": {"covered_lines": 0, "num_statements": 13, "percent_covered": 0.0, "percent_covered_display": "0", "missing_lines": 13, "excluded_lines": 0}, "missing_lines": [161, 162, 164, 166, 167, 168, 170, 172, 174, 175, 177, 178, 179], "excluded_lines": []}, "SalaryValidatorAgent._extract_from_structured_field": {"executed_lines": [], "summary": {"covered_lines": 0, "num_statements": 11, "percent_covered": 0.0, "percent_covered_display": "0", "missing_lines": 11, "excluded_lines": 0}, "missing_lines": [197, 198, 200, 202, 205, 206, 207, 210, 212, 213, 214], "excluded_lines": []}, "SalaryValidatorAgent._extract_from_description": {"executed_lines": [], "summary": {"covered_lines": 0, "num_statements": 9, "percent_covered": 0.0, "percent_covered_display": "0", "missing_lines": 9, "excluded_lines": 0}, "missing_lines": [234, 235, 256, 258, 261, 262, 264, 265, 266], "excluded_lines": []}, "SalaryValidatorAgent._parse_salary_extraction_response": {"executed_lines": [], "summary": {"covered_lines": 0, "num_statements": 14, "percent_covered": 0.0, "percent_covered_display": "0", "missing_lines": 14, "excluded_lines": 0}, "missing_lines": [278, 280, 281, 282, 283, 284, 285, 286, 287, 289, 290, 292, 293, 294], "excluded_lines": []}, "SalaryValidatorAgent._convert_annual_to_daily": {"executed_lines": [], "summary": {"covered_lines": 0, "num_statements": 2, "percent_covered": 0.0, "percent_covered_display": "0", "missing_lines": 2, "excluded_lines": 0}, "missing_lines": [308, 309], "excluded_lines": []}, "SalaryValidatorAgent._validate_threshold": {"executed_lines": [], "summary": {"covered_lines": 0, "num_statements": 6, "percent_covered": 0.0, "percent_covered_display": "0", "missing_lines": 6, "excluded_lines": 0}, "missing_lines": [323, 324, 326, 327, 329, 330], "excluded_lines": []}, "": {"executed_lines": [1, 10, 11, 12, 13, 14, 16, 17, 19, 22, 23, 37, 49, 50, 54, 151, 181, 216, 268, 296, 311], "summary": {"covered_lines": 19, "num_statements": 19, "percent_covered": 100.0, "percent_covered_display": "100", "missing_lines": 0, "excluded_lines": 0}, "missing_lines": [], "excluded_lines": []}}, "classes": {"SalaryValidatorAgent": {"executed_lines": [], "summary": {"covered_lines": 0, "num_statements": 99, "percent_covered": 0.0, "percent_covered_display": "0", "missing_lines": 99, "excluded_lines": 0}, "missing_lines": [46, 47, 52, 68, 70, 72, 73, 74, 77, 78, 80, 81, 82, 85, 88, 91, 92, 94, 95, 96, 97, 98, 101, 102, 103, 104, 106, 107, 108, 111, 112, 114, 116, 119, 122, 125, 136, 139, 141, 143, 145, 146, 147, 149, 161, 162, 164, 166, 167, 168, 170, 172, 174, 175, 177, 178, 179, 197, 198, 200, 202, 205, 206, 207, 210, 212, 213, 214, 234, 235, 256, 258, 261, 262, 264, 265, 266, 278, 280, 281, 282, 283, 284, 285, 286, 287, 289, 290, 292, 293, 294, 308, 309, 323, 324, 326, 327, 329, 330], "excluded_lines": []}, "": {"executed_lines": [1, 10, 11, 12, 13, 14, 16, 17, 19, 22, 23, 37, 49, 50, 54, 151, 181, 216, 268, 296, 311], "summary": {"covered_lines": 19, "num_statements": 19, "percent_covered": 100.0, "percent_covered_display": "100", "missing_lines": 0, "excluded_lines": 0}, "missing_lines": [], "excluded_lines": []}}}, "app/config/__init__.py": {"executed_lines": [], "summary": {"covered_lines": 0, "num_statements": 2, "percent_covered": 0.0, "percent_covered_display": "0", "missing_lines": 2, "excluded_lines": 0}, "missing_lines": [8, 10], "excluded_lines": [], "functions": {"": {"executed_lines": [], "summary": {"covered_lines": 0, "num_statements": 2, "percent_covered": 0.0, "percent_covered_display": "0", "missing_lines": 2, "excluded_lines": 0}, "missing_lines": [8, 10], "excluded_lines": []}}, "classes": {"": {"executed_lines": [], "summary": {"covered_lines": 0, "num_statements": 2, "percent_covered": 0.0, "percent_covered_display": "0", "missing_lines": 2, "excluded_lines": 0}, "missing_lines": [8, 10], "excluded_lines": []}}}, "app/config/loader.py": {"executed_lines": [], "summary": {"covered_lines": 0, "num_statements": 55, "percent_covered": 0.0, "percent_covered_display": "0", "missing_lines": 55, "excluded_lines": 0}, "missing_lines": [8, 9, 10, 12, 13, 16, 19, 21, 23, 24, 25, 26, 28, 30, 31, 33, 34, 35, 36, 37, 39, 40, 42, 50, 51, 53, 67, 69, 70, 71, 72, 74, 75, 76, 78, 79, 81, 82, 84, 85, 86, 87, 89, 90, 91, 92, 94, 100, 101, 102, 103, 104, 105, 108, 120], "excluded_lines": [], "functions": {"Config.__new__": {"executed_lines": [], "summary": {"covered_lines": 0, "num_statements": 4, "percent_covered": 0.0, "percent_covered_display": "0", "missing_lines": 4, "excluded_lines": 0}, "missing_lines": [23, 24, 25, 26], "excluded_lines": []}, "Config.__init__": {"executed_lines": [], "summary": {"covered_lines": 0, "num_statements": 9, "percent_covered": 0.0, "percent_covered_display": "0", "missing_lines": 9, "excluded_lines": 0}, "missing_lines": [30, 31, 33, 34, 35, 36, 37, 39, 40], "excluded_lines": []}, "Config._get_config_path": {"executed_lines": [], "summary": {"covered_lines": 0, "num_statements": 2, "percent_covered": 0.0, "percent_covered_display": "0", "missing_lines": 2, "excluded_lines": 0}, "missing_lines": [50, 51], "excluded_lines": []}, "Config.load_yaml": {"executed_lines": [], "summary": {"covered_lines": 0, "num_statements": 20, "percent_covered": 0.0, "percent_covered_display": "0", "missing_lines": 20, "excluded_lines": 0}, "missing_lines": [67, 69, 70, 71, 72, 74, 75, 76, 78, 79, 81, 82, 84, 85, 86, 87, 89, 90, 91, 92], "excluded_lines": []}, "Config.reload": {"executed_lines": [], "summary": {"covered_lines": 0, "num_statements": 6, "percent_covered": 0.0, "percent_covered_display": "0", "missing_lines": 6, "excluded_lines": 0}, "missing_lines": [100, 101, 102, 103, 104, 105], "excluded_lines": []}, "get_config": {"executed_lines": [], "summary": {"covered_lines": 0, "num_statements": 1, "percent_covered": 0.0, "percent_covered_display": "0", "missing_lines": 1, "excluded_lines": 0}, "missing_lines": [120], "excluded_lines": []}, "": {"executed_lines": [], "summary": {"covered_lines": 0, "num_statements": 13, "percent_covered": 0.0, "percent_covered_display": "0", "missing_lines": 13, "excluded_lines": 0}, "missing_lines": [8, 9, 10, 12, 13, 16, 19, 21, 28, 42, 53, 94, 108], "excluded_lines": []}}, "classes": {"Config": {"executed_lines": [], "summary": {"covered_lines": 0, "num_statements": 41, "percent_covered": 0.0, "percent_covered_display": "0", "missing_lines": 41, "excluded_lines": 0}, "missing_lines": [23, 24, 25, 26, 30, 31, 33, 34, 35, 36, 37, 39, 40, 50, 51, 67, 69, 70, 71, 72, 74, 75, 76, 78, 79, 81, 82, 84, 85, 86, 87, 89, 90, 91, 92, 100, 101, 102, 103, 104, 105], "excluded_lines": []}, "": {"executed_lines": [], "summary": {"covered_lines": 0, "num_statements": 14, "percent_covered": 0.0, "percent_covered_display": "0", "missing_lines": 14, "excluded_lines": 0}, "missing_lines": [8, 9, 10, 12, 13, 16, 19, 21, 28, 42, 53, 94, 108, 120], "excluded_lines": []}}}, "app/config/models.py": {"executed_lines": [], "summary": {"covered_lines": 0, "num_statements": 44, "percent_covered": 0.0, "percent_covered_display": "0", "missing_lines": 44, "excluded_lines": 0}, "missing_lines": [7, 9, 12, 15, 16, 17, 20, 23, 24, 25, 28, 31, 32, 33, 36, 39, 40, 41, 43, 44, 45, 47, 48, 49, 51, 52, 53, 55, 56, 57, 60, 63, 64, 65, 66, 67, 68, 71, 74, 75, 76, 77, 80, 83], "excluded_lines": [], "functions": {"SalaryExpectationsConfig.target_ge_minimum": {"executed_lines": [], "summary": {"covered_lines": 0, "num_statements": 3, "percent_covered": 0.0, "percent_covered_display": "0", "missing_lines": 3, "excluded_lines": 0}, "missing_lines": [47, 48, 49], "excluded_lines": []}, "SalaryExpectationsConfig.maximum_ge_target": {"executed_lines": [], "summary": {"covered_lines": 0, "num_statements": 3, "percent_covered": 0.0, "percent_covered_display": "0", "missing_lines": 3, "excluded_lines": 0}, "missing_lines": [55, 56, 57], "excluded_lines": []}, "": {"executed_lines": [], "summary": {"covered_lines": 0, "num_statements": 38, "percent_covered": 0.0, "percent_covered_display": "0", "missing_lines": 38, "excluded_lines": 0}, "missing_lines": [7, 9, 12, 15, 16, 17, 20, 23, 24, 25, 28, 31, 32, 33, 36, 39, 40, 41, 43, 44, 45, 51, 52, 53, 60, 63, 64, 65, 66, 67, 68, 71, 74, 75, 76, 77, 80, 83], "excluded_lines": []}}, "classes": {"LocationsConfig": {"executed_lines": [], "summary": {"covered_lines": 0, "num_statements": 0, "percent_covered": 100.0, "percent_covered_display": "100", "missing_lines": 0, "excluded_lines": 0}, "missing_lines": [], "excluded_lines": []}, "KeywordsConfig": {"executed_lines": [], "summary": {"covered_lines": 0, "num_statements": 0, "percent_covered": 100.0, "percent_covered_display": "100", "missing_lines": 0, "excluded_lines": 0}, "missing_lines": [], "excluded_lines": []}, "TechnologiesConfig": {"executed_lines": [], "summary": {"covered_lines": 0, "num_statements": 0, "percent_covered": 100.0, "percent_covered_display": "100", "missing_lines": 0, "excluded_lines": 0}, "missing_lines": [], "excluded_lines": []}, "SalaryExpectationsConfig": {"executed_lines": [], "summary": {"covered_lines": 0, "num_statements": 6, "percent_covered": 0.0, "percent_covered_display": "0", "missing_lines": 6, "excluded_lines": 0}, "missing_lines": [47, 48, 49, 55, 56, 57], "excluded_lines": []}, "SearchConfig": {"executed_lines": [], "summary": {"covered_lines": 0, "num_statements": 0, "percent_covered": 100.0, "percent_covered_display": "100", "missing_lines": 0, "excluded_lines": 0}, "missing_lines": [], "excluded_lines": []}, "ScoringWeightsConfig": {"executed_lines": [], "summary": {"covered_lines": 0, "num_statements": 0, "percent_covered": 100.0, "percent_covered_display": "100", "missing_lines": 0, "excluded_lines": 0}, "missing_lines": [], "excluded_lines": []}, "AgentConfigBase": {"executed_lines": [], "summary": {"covered_lines": 0, "num_statements": 0, "percent_covered": 100.0, "percent_covered_display": "100", "missing_lines": 0, "excluded_lines": 0}, "missing_lines": [], "excluded_lines": []}, "": {"executed_lines": [], "summary": {"covered_lines": 0, "num_statements": 38, "percent_covered": 0.0, "percent_covered_display": "0", "missing_lines": 38, "excluded_lines": 0}, "missing_lines": [7, 9, 12, 15, 16, 17, 20, 23, 24, 25, 28, 31, 32, 33, 36, 39, 40, 41, 43, 44, 45, 51, 52, 53, 60, 63, 64, 65, 66, 67, 68, 71, 74, 75, 76, 77, 80, 83], "excluded_lines": []}}}, "app/main.py": {"executed_lines": [], "summary": {"covered_lines": 0, "num_statements": 102, "percent_covered": 0.0, "percent_covered_display": "0", "missing_lines": 102, "excluded_lines": 0}, "missing_lines": [8, 9, 10, 12, 13, 14, 15, 18, 19, 22, 23, 24, 25, 27, 30, 31, 42, 43, 44, 47, 48, 50, 51, 52, 53, 55, 58, 62, 73, 74, 77, 78, 85, 87, 88, 89, 90, 91, 92, 93, 94, 96, 98, 99, 102, 103, 110, 113, 114, 121, 122, 124, 126, 129, 130, 142, 145, 147, 148, 149, 151, 152, 153, 155, 158, 159, 169, 171, 173, 174, 176, 177, 179, 182, 183, 195, 198, 200, 201, 202, 204, 205, 206, 208, 211, 212, 222, 224, 226, 227, 229, 230, 232, 244, 250, 252, 253, 254, 256, 258, 261, 262], "excluded_lines": [], "functions": {"lifespan": {"executed_lines": [], "summary": {"covered_lines": 0, "num_statements": 11, "percent_covered": 0.0, "percent_covered_display": "0", "missing_lines": 11, "excluded_lines": 0}, "missing_lines": [42, 43, 44, 47, 48, 50, 51, 52, 53, 55, 58], "excluded_lines": []}, "health_check": {"executed_lines": [], "summary": {"covered_lines": 0, "num_statements": 12, "percent_covered": 0.0, "percent_covered_display": "0", "missing_lines": 12, "excluded_lines": 0}, "missing_lines": [85, 87, 88, 89, 90, 91, 92, 93, 94, 96, 98, 99], "excluded_lines": []}, "root": {"executed_lines": [], "summary": {"covered_lines": 0, "num_statements": 1, "percent_covered": 0.0, "percent_covered_display": "0", "missing_lines": 1, "excluded_lines": 0}, "missing_lines": [110], "excluded_lines": []}, "get_configuration": {"executed_lines": [], "summary": {"covered_lines": 0, "num_statements": 4, "percent_covered": 0.0, "percent_covered_display": "0", "missing_lines": 4, "excluded_lines": 0}, "missing_lines": [121, 122, 124, 126], "excluded_lines": []}, "list_jobs": {"executed_lines": [], "summary": {"covered_lines": 0, "num_statements": 9, "percent_covered": 0.0, "percent_covered_display": "0", "missing_lines": 9, "excluded_lines": 0}, "missing_lines": [142, 145, 147, 148, 149, 151, 152, 153, 155], "excluded_lines": []}, "get_job": {"executed_lines": [], "summary": {"covered_lines": 0, "num_statements": 7, "percent_covered": 0.0, "percent_covered_display": "0", "missing_lines": 7, "excluded_lines": 0}, "missing_lines": [169, 171, 173, 174, 176, 177, 179], "excluded_lines": []}, "list_applications": {"executed_lines": [], "summary": {"covered_lines": 0, "num_statements": 9, "percent_covered": 0.0, "percent_covered_display": "0", "missing_lines": 9, "excluded_lines": 0}, "missing_lines": [195, 198, 200, 201, 202, 204, 205, 206, 208], "excluded_lines": []}, "get_application": {"executed_lines": [], "summary": {"covered_lines": 0, "num_statements": 7, "percent_covered": 0.0, "percent_covered_display": "0", "missing_lines": 7, "excluded_lines": 0}, "missing_lines": [222, 224, 226, 227, 229, 230, 232], "excluded_lines": []}, "start": {"executed_lines": [], "summary": {"covered_lines": 0, "num_statements": 6, "percent_covered": 0.0, "percent_covered_display": "0", "missing_lines": 6, "excluded_lines": 0}, "missing_lines": [250, 252, 253, 254, 256, 258], "excluded_lines": []}, "": {"executed_lines": [], "summary": {"covered_lines": 0, "num_statements": 36, "percent_covered": 0.0, "percent_covered_display": "0", "missing_lines": 36, "excluded_lines": 0}, "missing_lines": [8, 9, 10, 12, 13, 14, 15, 18, 19, 22, 23, 24, 25, 27, 30, 31, 62, 73, 74, 77, 78, 102, 103, 113, 114, 129, 130, 158, 159, 182, 183, 211, 212, 244, 261, 262], "excluded_lines": []}}, "classes": {"": {"executed_lines": [], "summary": {"covered_lines": 0, "num_statements": 102, "percent_covered": 0.0, "percent_covered_display": "0", "missing_lines": 102, "excluded_lines": 0}, "missing_lines": [8, 9, 10, 12, 13, 14, 15, 18, 19, 22, 23, 24, 25, 27, 30, 31, 42, 43, 44, 47, 48, 50, 51, 52, 53, 55, 58, 62, 73, 74, 77, 78, 85, 87, 88, 89, 90, 91, 92, 93, 94, 96, 98, 99, 102, 103, 110, 113, 114, 121, 122, 124, 126, 129, 130, 142, 145, 147, 148, 149, 151, 152, 153, 155, 158, 159, 169, 171, 173, 174, 176, 177, 179, 182, 183, 195, 198, 200, 201, 202, 204, 205, 206, 208, 211, 212, 222, 224, 226, 227, 229, 230, 232, 244, 250, 252, 253, 254, 256, 258, 261, 262], "excluded_lines": []}}}, "app/models/__init__.py": {"executed_lines": [], "summary": {"covered_lines": 0, "num_statements": 3, "percent_covered": 0.0, "percent_covered_display": "0", "missing_lines": 3, "excluded_lines": 0}, "missing_lines": [3, 4, 6], "excluded_lines": [], "functions": {"": {"executed_lines": [], "summary": {"covered_lines": 0, "num_statements": 3, "percent_covered": 0.0, "percent_covered_display": "0", "missing_lines": 3, "excluded_lines": 0}, "missing_lines": [3, 4, 6], "excluded_lines": []}}, "classes": {"": {"executed_lines": [], "summary": {"covered_lines": 0, "num_statements": 3, "percent_covered": 0.0, "percent_covered_display": "0", "missing_lines": 3, "excluded_lines": 0}, "missing_lines": [3, 4, 6], "excluded_lines": []}}}, "app/models/application.py": {"executed_lines": [], "summary": {"covered_lines": 0, "num_statements": 37, "percent_covered": 0.0, "percent_covered_display": "0", "missing_lines": 37, "excluded_lines": 0}, "missing_lines": [7, 8, 9, 10, 11, 14, 15, 38, 39, 40, 41, 42, 43, 44, 45, 46, 47, 48, 49, 50, 51, 53, 60, 77, 78, 88, 89, 91, 108, 116, 117, 118, 119, 121, 130, 131, 132], "excluded_lines": [], "functions": {"Application.to_dict": {"executed_lines": [], "summary": {"covered_lines": 0, "num_statements": 1, "percent_covered": 0.0, "percent_covered_display": "0", "missing_lines": 1, "excluded_lines": 0}, "missing_lines": [60], "excluded_lines": []}, "Application.from_db_row": {"executed_lines": [], "summary": {"covered_lines": 0, "num_statements": 3, "percent_covered": 0.0, "percent_covered_display": "0", "missing_lines": 3, "excluded_lines": 0}, "missing_lines": [88, 89, 91], "excluded_lines": []}, "Application.add_completed_stage": {"executed_lines": [], "summary": {"covered_lines": 0, "num_statements": 4, "percent_covered": 0.0, "percent_covered_display": "0", "missing_lines": 4, "excluded_lines": 0}, "missing_lines": [116, 117, 118, 119], "excluded_lines": []}, "Application.set_error": {"executed_lines": [], "summary": {"covered_lines": 0, "num_statements": 3, "percent_covered": 0.0, "percent_covered_display": "0", "missing_lines": 3, "excluded_lines": 0}, "missing_lines": [130, 131, 132], "excluded_lines": []}, "": {"executed_lines": [], "summary": {"covered_lines": 0, "num_statements": 26, "percent_covered": 0.0, "percent_covered_display": "0", "missing_lines": 26, "excluded_lines": 0}, "missing_lines": [7, 8, 9, 10, 11, 14, 15, 38, 39, 40, 41, 42, 43, 44, 45, 46, 47, 48, 49, 50, 51, 53, 77, 78, 108, 121], "excluded_lines": []}}, "classes": {"Application": {"executed_lines": [], "summary": {"covered_lines": 0, "num_statements": 11, "percent_covered": 0.0, "percent_covered_display": "0", "missing_lines": 11, "excluded_lines": 0}, "missing_lines": [60, 88, 89, 91, 116, 117, 118, 119, 130, 131, 132], "excluded_lines": []}, "": {"executed_lines": [], "summary": {"covered_lines": 0, "num_statements": 26, "percent_covered": 0.0, "percent_covered_display": "0", "missing_lines": 26, "excluded_lines": 0}, "missing_lines": [7, 8, 9, 10, 11, 14, 15, 38, 39, 40, 41, 42, 43, 44, 45, 46, 47, 48, 49, 50, 51, 53, 77, 78, 108, 121], "excluded_lines": []}}}, "app/models/job.py": {"executed_lines": [], "summary": {"covered_lines": 0, "num_statements": 27, "percent_covered": 0.0, "percent_covered_display": "0", "missing_lines": 27, "excluded_lines": 0}, "missing_lines": [7, 8, 9, 10, 11, 14, 15, 35, 36, 37, 38, 39, 40, 41, 42, 43, 44, 45, 46, 47, 49, 56, 72, 73, 83, 84, 86], "excluded_lines": [], "functions": {"Job.to_dict": {"executed_lines": [], "summary": {"covered_lines": 0, "num_statements": 1, "percent_covered": 0.0, "percent_covered_display": "0", "missing_lines": 1, "excluded_lines": 0}, "missing_lines": [56], "excluded_lines": []}, "Job.from_db_row": {"executed_lines": [], "summary": {"covered_lines": 0, "num_statements": 3, "percent_covered": 0.0, "percent_covered_display": "0", "missing_lines": 3, "excluded_lines": 0}, "missing_lines": [83, 84, 86], "excluded_lines": []}, "": {"executed_lines": [], "summary": {"covered_lines": 0, "num_statements": 23, "percent_covered": 0.0, "percent_covered_display": "0", "missing_lines": 23, "excluded_lines": 0}, "missing_lines": [7, 8, 9, 10, 11, 14, 15, 35, 36, 37, 38, 39, 40, 41, 42, 43, 44, 45, 46, 47, 49, 72, 73], "excluded_lines": []}}, "classes": {"Job": {"executed_lines": [], "summary": {"covered_lines": 0, "num_statements": 4, "percent_covered": 0.0, "percent_covered_display": "0", "missing_lines": 4, "excluded_lines": 0}, "missing_lines": [56, 83, 84, 86], "excluded_lines": []}, "": {"executed_lines": [], "summary": {"covered_lines": 0, "num_statements": 23, "percent_covered": 0.0, "percent_covered_display": "0", "missing_lines": 23, "excluded_lines": 0}, "missing_lines": [7, 8, 9, 10, 11, 14, 15, 35, 36, 37, 38, 39, 40, 41, 42, 43, 44, 45, 46, 47, 49, 72, 73], "excluded_lines": []}}}, "app/pollers/__init__.py": {"executed_lines": [], "summary": {"covered_lines": 0, "num_statements": 4, "percent_covered": 0.0, "percent_covered_display": "0", "missing_lines": 4, "excluded_lines": 0}, "missing_lines": [7, 8, 9, 11], "excluded_lines": [], "functions": {"": {"executed_lines": [], "summary": {"covered_lines": 0, "num_statements": 4, "percent_covered": 0.0, "percent_covered_display": "0", "missing_lines": 4, "excluded_lines": 0}, "missing_lines": [7, 8, 9, 11], "excluded_lines": []}}, "classes": {"": {"executed_lines": [], "summary": {"covered_lines": 0, "num_statements": 4, "percent_covered": 0.0, "percent_covered_display": "0", "missing_lines": 4, "excluded_lines": 0}, "missing_lines": [7, 8, 9, 11], "excluded_lines": []}}}, "app/pollers/indeed_poller.py": {"executed_lines": [], "summary": {"covered_lines": 0, "num_statements": 256, "percent_covered": 0.0, "percent_covered_display": "0", "missing_lines": 256, "excluded_lines": 0}, "missing_lines": [7, 8, 9, 10, 11, 12, 13, 15, 16, 17, 19, 20, 21, 22, 23, 26, 33, 42, 43, 44, 47, 48, 51, 52, 53, 56, 57, 60, 63, 66, 68, 70, 86, 87, 89, 92, 93, 95, 97, 98, 99, 102, 105, 107, 108, 111, 113, 114, 116, 118, 119, 122, 124, 128, 130, 131, 132, 134, 150, 151, 153, 154, 157, 158, 159, 160, 161, 164, 165, 168, 169, 170, 171, 173, 176, 178, 179, 180, 182, 194, 197, 200, 203, 204, 206, 208, 218, 220, 222, 223, 225, 239, 242, 245, 246, 247, 249, 251, 264, 266, 267, 268, 269, 270, 271, 272, 273, 274, 276, 279, 280, 281, 283, 295, 296, 299, 301, 302, 304, 305, 306, 309, 310, 311, 312, 313, 314, 316, 318, 321, 322, 323, 324, 327, 330, 333, 334, 335, 338, 340, 351, 353, 354, 355, 357, 359, 370, 371, 372, 375, 376, 377, 380, 383, 386, 399, 400, 402, 412, 413, 414, 415, 416, 417, 419, 429, 431, 432, 435, 436, 437, 438, 439, 440, 443, 445, 446, 447, 448, 450, 451, 452, 454, 463, 464, 465, 467, 469, 470, 473, 474, 475, 478, 479, 480, 481, 483, 484, 485, 488, 489, 491, 493, 494, 495, 497, 498, 500, 501, 502, 503, 505, 508, 509, 511, 514, 515, 516, 517, 520, 521, 522, 524, 525, 526, 530, 531, 535, 536, 537, 539, 541, 549, 550, 552, 555, 556, 558, 559, 561, 564, 565, 566, 568, 569, 571, 573, 575, 577, 578, 580, 582, 584, 591, 593, 595], "excluded_lines": [], "functions": {"IndeedPoller.__init__": {"executed_lines": [], "summary": {"covered_lines": 0, "num_statements": 14, "percent_covered": 0.0, "percent_covered_display": "0", "missing_lines": 14, "excluded_lines": 0}, "missing_lines": [42, 43, 44, 47, 48, 51, 52, 53, 56, 57, 60, 63, 66, 68], "excluded_lines": []}, "IndeedPoller._parse_indeed_salary": {"executed_lines": [], "summary": {"covered_lines": 0, "num_statements": 25, "percent_covered": 0.0, "percent_covered_display": "0", "missing_lines": 25, "excluded_lines": 0}, "missing_lines": [86, 87, 89, 92, 93, 95, 97, 98, 99, 102, 105, 107, 108, 111, 113, 114, 116, 118, 119, 122, 124, 128, 130, 131, 132], "excluded_lines": []}, "IndeedPoller._parse_posting_date": {"executed_lines": [], "summary": {"covered_lines": 0, "num_statements": 20, "percent_covered": 0.0, "percent_covered_display": "0", "missing_lines": 20, "excluded_lines": 0}, "missing_lines": [150, 151, 153, 154, 157, 158, 159, 160, 161, 164, 165, 168, 169, 170, 171, 173, 176, 178, 179, 180], "excluded_lines": []}, "IndeedPoller._build_search_url": {"executed_lines": [], "summary": {"covered_lines": 0, "num_statements": 6, "percent_covered": 0.0, "percent_covered_display": "0", "missing_lines": 6, "excluded_lines": 0}, "missing_lines": [194, 197, 200, 203, 204, 206], "excluded_lines": []}, "IndeedPoller._build_job_detail_url": {"executed_lines": [], "summary": {"covered_lines": 0, "num_statements": 1, "percent_covered": 0.0, "percent_covered_display": "0", "missing_lines": 1, "excluded_lines": 0}, "missing_lines": [218], "excluded_lines": []}, "IndeedPoller._add_random_delay": {"executed_lines": [], "summary": {"covered_lines": 0, "num_statements": 2, "percent_covered": 0.0, "percent_covered_display": "0", "missing_lines": 2, "excluded_lines": 0}, "missing_lines": [222, 223], "excluded_lines": []}, "IndeedPoller._fetch_page": {"executed_lines": [], "summary": {"covered_lines": 0, "num_statements": 6, "percent_covered": 0.0, "percent_covered_display": "0", "missing_lines": 6, "excluded_lines": 0}, "missing_lines": [239, 242, 245, 246, 247, 249], "excluded_lines": []}, "IndeedPoller._fetch_page_with_retry": {"executed_lines": [], "summary": {"covered_lines": 0, "num_statements": 14, "percent_covered": 0.0, "percent_covered_display": "0", "missing_lines": 14, "excluded_lines": 0}, "missing_lines": [264, 266, 267, 268, 269, 270, 271, 272, 273, 274, 276, 279, 280, 281], "excluded_lines": []}, "IndeedPoller._parse_job_listings": {"executed_lines": [], "summary": {"covered_lines": 0, "num_statements": 32, "percent_covered": 0.0, "percent_covered_display": "0", "missing_lines": 32, "excluded_lines": 0}, "missing_lines": [295, 296, 299, 301, 302, 304, 305, 306, 309, 310, 311, 312, 313, 314, 316, 318, 321, 322, 323, 324, 327, 330, 333, 334, 335, 338, 340, 351, 353, 354, 355, 357], "excluded_lines": []}, "IndeedPoller.extract_job_metadata": {"executed_lines": [], "summary": {"covered_lines": 0, "num_statements": 11, "percent_covered": 0.0, "percent_covered_display": "0", "missing_lines": 11, "excluded_lines": 0}, "missing_lines": [370, 371, 372, 375, 376, 377, 380, 383, 386, 399, 400], "excluded_lines": []}, "IndeedPoller.is_duplicate": {"executed_lines": [], "summary": {"covered_lines": 0, "num_statements": 6, "percent_covered": 0.0, "percent_covered_display": "0", "missing_lines": 6, "excluded_lines": 0}, "missing_lines": [412, 413, 414, 415, 416, 417], "excluded_lines": []}, "IndeedPoller.store_job": {"executed_lines": [], "summary": {"covered_lines": 0, "num_statements": 17, "percent_covered": 0.0, "percent_covered_display": "0", "missing_lines": 17, "excluded_lines": 0}, "missing_lines": [429, 431, 432, 435, 436, 437, 438, 439, 440, 443, 445, 446, 447, 448, 450, 451, 452], "excluded_lines": []}, "IndeedPoller.run_once": {"executed_lines": [], "summary": {"covered_lines": 0, "num_statements": 48, "percent_covered": 0.0, "percent_covered_display": "0", "missing_lines": 48, "excluded_lines": 0}, "missing_lines": [463, 464, 465, 467, 469, 470, 473, 474, 475, 478, 479, 480, 481, 483, 484, 485, 488, 489, 491, 493, 494, 495, 497, 498, 500, 501, 502, 503, 505, 508, 509, 511, 514, 515, 516, 517, 520, 521, 522, 524, 525, 526, 530, 531, 535, 536, 537, 539], "excluded_lines": []}, "IndeedPoller.run_continuously": {"executed_lines": [], "summary": {"covered_lines": 0, "num_statements": 15, "percent_covered": 0.0, "percent_covered_display": "0", "missing_lines": 15, "excluded_lines": 0}, "missing_lines": [549, 550, 552, 555, 556, 558, 559, 561, 564, 565, 566, 568, 569, 571, 573], "excluded_lines": []}, "IndeedPoller._handle_shutdown": {"executed_lines": [], "summary": {"covered_lines": 0, "num_statements": 2, "percent_covered": 0.0, "percent_covered_display": "0", "missing_lines": 2, "excluded_lines": 0}, "missing_lines": [577, 578], "excluded_lines": []}, "IndeedPoller.shutdown": {"executed_lines": [], "summary": {"covered_lines": 0, "num_statements": 1, "percent_covered": 0.0, "percent_covered_display": "0", "missing_lines": 1, "excluded_lines": 0}, "missing_lines": [582], "excluded_lines": []}, "IndeedPoller.get_metrics": {"executed_lines": [], "summary": {"covered_lines": 0, "num_statements": 1, "percent_covered": 0.0, "percent_covered_display": "0", "missing_lines": 1, "excluded_lines": 0}, "missing_lines": [591], "excluded_lines": []}, "IndeedPoller.reset_metrics": {"executed_lines": [], "summary": {"covered_lines": 0, "num_statements": 1, "percent_covered": 0.0, "percent_covered_display": "0", "missing_lines": 1, "excluded_lines": 0}, "missing_lines": [595], "excluded_lines": []}, "": {"executed_lines": [], "summary": {"covered_lines": 0, "num_statements": 34, "percent_covered": 0.0, "percent_covered_display": "0", "missing_lines": 34, "excluded_lines": 0}, "missing_lines": 
[...]
: 23, "percent_covered": 0.0, "percent_covered_display": "0", "missing_lines": 23, "excluded_lines": 0}, "missing_lines": [7, 9, 10, 15, 18, 21, 24, 27, 30, 33, 36, 40, 41, 54, 55, 69, 116, 133, 152, 189, 220, 260, 290], "excluded_lines": []}}, "classes": {"InvalidFieldError": {"executed_lines": [], "summary": {"covered_lines": 0, "num_statements": 0, "percent_covered": 100.0, "percent_covered_display": "100", "missing_lines": 0, "excluded_lines": 0}, "missing_lines": [], "excluded_lines": []}, "InvalidIntervalError": {"executed_lines": [], "summary": {"covered_lines": 0, "num_statements": 0, "percent_covered": 100.0, "percent_covered_display": "100", "missing_lines": 0, "excluded_lines": 0}, "missing_lines": [], "excluded_lines": []}, "JobsRepository": {"executed_lines": [], "summary": {"covered_lines": 0, "num_statements": 98, "percent_covered": 0.0, "percent_covered_display": "0", "missing_lines": 98, "excluded_lines": 0}, "missing_lines": [38, 51, 52, 65, 66, 67, 82, 91, 92, 108, 109, 110, 111, 112, 113, 114, 126, 127, 129, 130, 131, 145, 146, 148, 149, 150, 163, 164, 167, 168, 171, 172, 174, 175, 176, 178, 180, 182, 183, 184, 185, 186, 187, 200, 206, 207, 208, 209, 212, 213, 215, 216, 217, 218, 235, 236, 239, 241, 242, 244, 245, 246, 247, 248, 251, 254, 255, 257, 258, 273, 274, 276, 278, 279, 281, 282, 283, 284, 285, 287, 288, 305, 306, 310, 315, 317, 319, 320, 322, 324, 326, 327, 328, 329, 330, 332, 333, 334], "excluded_lines": []}, "": {"executed_lines": [], "summary": {"covered_lines": 0, "num_statements": 23, "percent_covered": 0.0, "percent_covered_display": "0", "missing_lines": 23, "excluded_lines": 0}, "missing_lines": [7, 9, 10, 15, 18, 21, 24, 27, 30, 33, 36, 40, 41, 54, 55, 69, 116, 133, 152, 189, 220, 260, 290], "excluded_lines": []}}}, "app/services/__init__.py": {"executed_lines": [0], "summary": {"covered_lines": 0, "num_statements": 0, "percent_covered": 100.0, "percent_covered_display": "100", "missing_lines": 0, "excluded_lines": 0}, "missing_lines": [], "excluded_lines": [], "functions": {"": {"executed_lines": [], "summary": {"covered_lines": 0, "num_statements": 0, "percent_covered": 100.0, "percent_covered_display": "100", "missing_lines": 0, "excluded_lines": 0}, "missing_lines": [], "excluded_lines": []}}, "classes": {"": {"executed_lines": [], "summary": {"covered_lines": 0, "num_statements": 0, "percent_covered": 100.0, "percent_covered_display": "100", "missing_lines": 0, "excluded_lines": 0}, "missing_lines": [], "excluded_lines": []}}}, "app/services/duplicate_detector.py": {"executed_lines": [], "summary": {"covered_lines": 0, "num_statements": 56, "percent_covered": 0.0, "percent_covered_display": "0", "missing_lines": 56, "excluded_lines": 0}, "missing_lines": [7, 9, 11, 12, 13, 16, 19, 20, 21, 24, 31, 40, 41, 43, 44, 45, 47, 49, 59, 60, 61, 62, 64, 66, 77, 80, 81, 84, 85, 88, 91, 93, 95, 97, 114, 115, 116, 118, 121, 123, 124, 127, 130, 131, 134, 137, 139, 148, 149, 150, 151, 152, 153, 155, 157, 159], "excluded_lines": [], "functions": {"DuplicateDetector.__init__": {"executed_lines": [], "summary": {"covered_lines": 0, "num_statements": 6, "percent_covered": 0.0, "percent_covered_display": "0", "missing_lines": 6, "excluded_lines": 0}, "missing_lines": [40, 41, 43, 44, 45, 47], "excluded_lines": []}, "DuplicateDetector._classify_similarity": {"executed_lines": [], "summary": {"covered_lines": 0, "num_statements": 5, "percent_covered": 0.0, "percent_covered_display": "0", "missing_lines": 5, "excluded_lines": 0}, "missing_lines": [59, 60, 61, 62, 64], "excluded_lines": []}, "DuplicateDetector._get_candidate_jobs": {"executed_lines": [], "summary": {"covered_lines": 0, "num_statements": 9, "percent_covered": 0.0, "percent_covered_display": "0", "missing_lines": 9, "excluded_lines": 0}, "missing_lines": [77, 80, 81, 84, 85, 88, 91, 93, 95], "excluded_lines": []}, "DuplicateDetector.find_duplicates": {"executed_lines": [], "summary": {"covered_lines": 0, "num_statements": 22, "percent_covered": 0.0, "percent_covered_display": "0", "missing_lines": 22, "excluded_lines": 0}, "missing_lines": [114, 115, 116, 118, 121, 123, 124, 127, 130, 131, 134, 137, 139, 148, 149, 150, 151, 152, 153, 155, 157, 159], "excluded_lines": []}, "": {"executed_lines": [], "summary": {"covered_lines": 0, "num_statements": 14, "percent_covered": 0.0, "percent_covered_display": "0", "missing_lines": 14, "excluded_lines": 0}, "missing_lines": [7, 9, 11, 12, 13, 16, 19, 20, 21, 24, 31, 49, 66, 97], "excluded_lines": []}}, "classes": {"DuplicateClassification": {"executed_lines": [], "summary": {"covered_lines": 0, "num_statements": 0, "percent_covered": 100.0, "percent_covered_display": "100", "missing_lines": 0, "excluded_lines": 0}, "missing_lines": [], "excluded_lines": []}, "DuplicateDetector": {"executed_lines": [], "summary": {"covered_lines": 0, "num_statements": 42, "percent_covered": 0.0, "percent_covered_display": "0", "missing_lines": 42, "excluded_lines": 0}, "missing_lines": [40, 41, 43, 44, 45, 47, 59, 60, 61, 62, 64, 77, 80, 81, 84, 85, 88, 91, 93, 95, 114, 115, 116, 118, 121, 123, 124, 127, 130, 131, 134, 137, 139, 148, 149, 150, 151, 152, 153, 155, 157, 159], "excluded_lines": []}, "": {"executed_lines": [], "summary": {"covered_lines": 0, "num_statements": 14, "percent_covered": 0.0, "percent_covered_display": "0", "missing_lines": 14, "excluded_lines": 0}, "missing_lines": [7, 9, 11, 12, 13, 16, 19, 20, 21, 24, 31, 49, 66, 97], "excluded_lines": []}}}, "app/services/fuzzy_matcher.py": {"executed_lines": [], "summary": {"covered_lines": 0, "num_statements": 85, "percent_covered": 0.0, "percent_covered_display": "0", "missing_lines": 85, "excluded_lines": 0}, "missing_lines": [7, 9, 10, 13, 23, 24, 27, 30, 32, 35, 47, 48, 51, 54, 57, 59, 62, 73, 75, 76, 77, 78, 80, 82, 95, 97, 98, 100, 102, 103, 105, 106, 107, 108, 111, 112, 114, 125, 126, 127, 128, 130, 131, 133, 134, 135, 136, 139, 140, 142, 155, 156, 157, 158, 161, 162, 164, 165, 167, 168, 169, 170, 173, 174, 176, 189, 190, 191, 192, 194, 195, 197, 198, 199, 200, 203, 204, 206, 223, 224, 225, 226, 229, 231, 233], "excluded_lines": [], "functions": {"normalize_string": {"executed_lines": [], "summary": {"covered_lines": 0, "num_statements": 5, "percent_covered": 0.0, "percent_covered_display": "0", "missing_lines": 5, "excluded_lines": 0}, "missing_lines": [23, 24, 27, 30, 32], "excluded_lines": []}, "location_normalize": {"executed_lines": [], "summary": {"covered_lines": 0, "num_statements": 6, "percent_covered": 0.0, "percent_covered_display": "0", "missing_lines": 6, "excluded_lines": 0}, "missing_lines": [47, 48, 51, 54, 57, 59], "excluded_lines": []}, "FuzzyMatcher.__init__": {"executed_lines": [], "summary": {"covered_lines": 0, "num_statements": 5, "percent_covered": 0.0, "percent_covered_display": "0", "missing_lines": 5, "excluded_lines": 0}, "missing_lines": [75, 76, 77, 78, 80], "excluded_lines": []}, "FuzzyMatcher.title_similarity": {"executed_lines": [], "summary": {"covered_lines": 0, "num_statements": 12, "percent_covered": 0.0, "percent_covered_display": "0", "missing_lines": 12, "excluded_lines": 0}, "missing_lines": [95, 97, 98, 100, 102, 103, 105, 106, 107, 108, 111, 112], "excluded_lines": []}, "FuzzyMatcher.company_similarity": {"executed_lines": [], "summary": {"covered_lines": 0, "num_statements": 12, "percent_covered": 0.0, "percent_covered_display": "0", "missing_lines": 12, "excluded_lines": 0}, "missing_lines": [125, 126, 127, 128, 130, 131, 133, 134, 135, 136, 139, 140], "excluded_lines": []}, "FuzzyMatcher.description_similarity": {"executed_lines": [], "summary": {"covered_lines": 0, "num_statements": 14, "percent_covered": 0.0, "percent_covered_display": "0", "missing_lines": 14, "excluded_lines": 0}, "missing_lines": [155, 156, 157, 158, 161, 162, 164, 165, 167, 168, 169, 170, 173, 174], "excluded_lines": []}, "FuzzyMatcher.location_similarity": {"executed_lines": [], "summary": {"covered_lines": 0, "num_statements": 12, "percent_covered": 0.0, "percent_covered_display": "0", "missing_lines": 12, "excluded_lines": 0}, "missing_lines": [189, 190, 191, 192, 194, 195, 197, 198, 199, 200, 203, 204], "excluded_lines": []}, "FuzzyMatcher.weighted_similarity_score": {"executed_lines": [], "summary": {"covered_lines": 0, "num_statements": 7, "percent_covered": 0.0, "percent_covered_display": "0", "missing_lines": 7, "excluded_lines": 0}, "missing_lines": [223, 224, 225, 226, 229, 231, 233], "excluded_lines": []}, "": {"executed_lines": [], "summary": {"covered_lines": 0, "num_statements": 12, "percent_covered": 0.0, "percent_covered_display": "0", "missing_lines": 12, "excluded_lines": 0}, "missing_lines": [7, 9, 10, 13, 35, 62, 73, 82, 114, 142, 176, 206], "excluded_lines": []}}, "classes": {"FuzzyMatcher": {"executed_lines": [], "summary": {"covered_lines": 0, "num_statements": 62, "percent_covered": 0.0, "percent_covered_display": "0", "missing_lines": 62, "excluded_lines": 0}, "missing_lines": [75, 76, 77, 78, 80, 95, 97, 98, 100, 102, 103, 105, 106, 107, 108, 111, 112, 125, 126, 127, 128, 130, 131, 133, 134, 135, 136, 139, 140, 155, 156, 157, 158, 161, 162, 164, 165, 167, 168, 169, 170, 173, 174, 189, 190, 191, 192, 194, 195, 197, 198, 199, 200, 203, 204, 223, 224, 225, 226, 229, 231, 233], "excluded_lines": []}, "": {"executed_lines": [], "summary": {"covered_lines": 0, "num_statements": 23, "percent_covered": 0.0, "percent_covered_display": "0", "missing_lines": 23, "excluded_lines": 0}, "missing_lines": [7, 9, 10, 13, 23, 24, 27, 30, 32, 35, 47, 48, 51, 54, 57, 59, 62, 73, 82, 114, 142, 176, 206], "excluded_lines": []}}}, "app/services/job_processor.py": {"executed_lines": [], "summary": {"covered_lines": 0, "num_statements": 23, "percent_covered": 0.0, "percent_covered_display": "0", "missing_lines": 23, "excluded_lines": 0}, "missing_lines": [8, 9, 11, 13, 14, 17, 32, 39, 40, 42, 44, 77, 80, 81, 82, 83, 87, 89, 96, 109, 111, 112, 114], "excluded_lines": [], "functions": {"JobProcessorService.__init__": {"executed_lines": [], "summary": {"covered_lines": 0, "num_statements": 3, "percent_covered": 0.0, "percent_covered_display": "0", "missing_lines": 3, "excluded_lines": 0}, "missing_lines": [39, 40, 42], "excluded_lines": []}, "JobProcessorService.process_job": {"executed_lines": [], "summary": {"covered_lines": 0, "num_statements": 7, "percent_covered": 0.0, "percent_covered_display": "0", "missing_lines": 7, "excluded_lines": 0}, "missing_lines": [77, 80, 81, 82, 83, 87, 89], "excluded_lines": []}, "JobProcessorService.get_processing_status": {"executed_lines": [], "summary": {"covered_lines": 0, "num_statements": 4, "percent_covered": 0.0, "percent_covered_display": "0", "missing_lines": 4, "excluded_lines": 0}, "missing_lines": [109, 111, 112, 114], "excluded_lines": []}, "": {"executed_lines": [], "summary": {"covered_lines": 0, "num_statements": 9, "percent_covered": 0.0, "percent_covered_display": "0", "missing_lines": 9, "excluded_lines": 0}, "missing_lines": [8, 9, 11, 13, 14, 17, 32, 44, 96], "excluded_lines": []}}, "classes": {"JobProcessorService": {"executed_lines": [], "summary": {"covered_lines": 0, "num_statements": 14, "percent_covered": 0.0, "percent_covered_display": "0", "missing_lines": 14, "excluded_lines": 0}, "missing_lines": [39, 40, 42, 77, 80, 81, 82, 83, 87, 89, 109, 111, 112, 114], "excluded_lines": []}, "": {"executed_lines": [], "summary": {"covered_lines": 0, "num_statements": 9, "percent_covered": 0.0, "percent_covered_display": "0", "missing_lines": 9, "excluded_lines": 0}, "missing_lines": [8, 9, 11, 13, 14, 17, 32, 44, 96], "excluded_lines": []}}}, "app/services/submission_detector.py": {"executed_lines": [1, 7, 8, 9, 10, 12, 15, 16, 18, 19, 20, 21, 25, 41, 42, 53, 57, 59, 61, 79, 80, 81, 82, 88, 89, 90, 91, 94, 97, 98, 101, 109, 111, 112, 113, 116, 122, 123, 124, 125, 126, 132, 133, 136, 143, 146, 147, 148, 156, 157, 170, 180, 181, 183, 184, 185, 186, 188, 198, 201, 202, 204, 206, 216, 219, 220, 227, 229, 239, 242, 243, 244, 247, 248, 250, 251, 252, 253, 254, 255, 269], "summary": {"covered_lines": 78, "num_statements": 99, "percent_covered": 78.78787878787878, "percent_covered_display": "79", "missing_lines": 21, "excluded_lines": 0}, "missing_lines": [162, 163, 164, 199, 217, 240, 256, 257, 258, 259, 260, 261, 262, 263, 264, 265, 266, 267, 271, 272, 273], "excluded_lines": [], "functions": {"SubmissionDetector.__init__": {"executed_lines": [59], "summary": {"covered_lines": 1, "num_statements": 1, "percent_covered": 100.0, "percent_covered_display": "100", "missing_lines": 0, "excluded_lines": 0}, "missing_lines": [], "excluded_lines": []}, "SubmissionDetector.detect_submission_method": {"executed_lines": [79, 80, 81, 82, 88, 89, 90, 91, 94, 97, 98, 101, 109, 111, 112, 113, 116, 122, 123, 124, 125, 126, 132, 133, 136, 143, 146, 147, 148, 156, 157], "summary": {"covered_lines": 31, "num_statements": 34, "percent_covered": 91.17647058823529, "percent_covered_display": "91", "missing_lines": 3, "excluded_lines": 0}, "missing_lines": [162, 163, 164], "excluded_lines": []}, "SubmissionDetector._extract_email": {"executed_lines": [180, 181, 183, 184, 185, 186], "summary": {"covered_lines": 6, "num_statements": 6, "percent_covered": 100.0, "percent_covered_display": "100", "missing_lines": 0, "excluded_lines": 0}, "missing_lines": [], "excluded_lines": []}, "SubmissionDetector._is_web_form_url": {"executed_lines": [198, 201, 202, 204], "summary": {"covered_lines": 4, "num_statements": 5, "percent_covered": 80.0, "percent_covered_display": "80", "missing_lines": 1, "excluded_lines": 0}, "missing_lines": [199], "excluded_lines": []}, "SubmissionDetector._has_apply_button_text": {"executed_lines": [216, 219, 220, 227], "summary": {"covered_lines": 4, "num_statements": 5, "percent_covered": 80.0, "percent_covered_display": "80", "missing_lines": 1, "excluded_lines": 0}, "missing_lines": [217], "excluded_lines": []}, "SubmissionDetector._detect_ats_type": {"executed_lines": [239, 242, 243, 244, 247, 248, 250, 251, 252, 253, 254, 255, 269], "summary": {"covered_lines": 13, "num_statements": 29, "percent_covered": 44.827586206896555, "percent_covered_display": "45", "missing_lines": 16, "excluded_lines": 0}, "missing_lines": [240, 256, 257, 258, 259, 260, 261, 262, 263, 264, 265, 266, 267, 271, 272, 273], "excluded_lines": []}, "": {"executed_lines": [1, 7, 8, 9, 10, 12, 15, 16, 18, 19, 20, 21, 25, 41, 42, 53, 57, 61, 170, 188, 206, 229], "summary": {"covered_lines": 19, "num_statements": 19, "percent_covered": 100.0, "percent_covered_display": "100", "missing_lines": 0, "excluded_lines": 0}, "missing_lines": [], "excluded_lines": []}}, "classes": {"SubmissionMethod": {"executed_lines": [], "summary": {"covered_lines": 0, "num_statements": 0, "percent_covered": 100.0, "percent_covered_display": "100", "missing_lines": 0, "excluded_lines": 0}, "missing_lines": [], "excluded_lines": []}, "SubmissionDetector": {"executed_lines": [59, 79, 80, 81, 82, 88, 89, 90, 91, 94, 97, 98, 101, 109, 111, 112, 113, 116, 122, 123, 124, 125, 126, 132, 133, 136, 143, 146, 147, 148, 156, 157, 180, 181, 183, 184, 185, 186, 198, 201, 202, 204, 216, 219, 220, 227, 239, 242, 243, 244, 247, 248, 250, 251, 252, 253, 254, 255, 269], "summary": {"covered_lines": 59, "num_statements": 80, "percent_covered": 73.75, "percent_covered_display": "74", "missing_lines": 21, "excluded_lines": 0}, "missing_lines": [162, 163, 164, 199, 217, 240, 256, 257, 258, 259, 260, 261, 262, 263, 264, 265, 266, 267, 271, 272, 273], "excluded_lines": []}, "": {"executed_lines": [1, 7, 8, 9, 10, 12, 15, 16, 18, 19, 20, 21, 25, 41, 42, 53, 57, 61, 170, 188, 206, 229], "summary": {"covered_lines": 19, "num_statements": 19, "percent_covered": 100.0, "percent_covered_display": "100", "missing_lines": 0, "excluded_lines": 0}, "missing_lines": [], "excluded_lines": []}}}, "app/ui/__init__.py": {"executed_lines": [], "summary": {"covered_lines": 0, "num_statements": 0, "percent_covered": 100.0, "percent_covered_display": "100", "missing_lines": 0, "excluded_lines": 0}, "missing_lines": [], "excluded_lines": [], "functions": {"": {"executed_lines": [], "summary": {"covered_lines": 0, "num_statements": 0, "percent_covered": 100.0, "percent_covered_display": "100", "missing_lines": 0, "excluded_lines": 0}, "missing_lines": [], "excluded_lines": []}}, "classes": {"": {"executed_lines": [], "summary": {"covered_lines": 0, "num_statements": 0, "percent_covered": 100.0, "percent_covered_display": "100", "missing_lines": 0, "excluded_lines": 0}, "missing_lines": [], "excluded_lines": []}}}, "app/ui/gradio_app.py": {"executed_lines": [], "summary": {"covered_lines": 0, "num_statements": 83, "percent_covered": 0.0, "percent_covered_display": "0", "missing_lines": 83, "excluded_lines": 0}, "missing_lines": [8, 10, 11, 14, 21, 22, 23, 25, 26, 27, 28, 29, 31, 32, 34, 35, 37, 40, 47, 48, 49, 51, 53, 54, 62, 65, 72, 73, 74, 76, 78, 79, 80, 81, 83, 84, 86, 89, 96, 97, 99, 100, 101, 102, 104, 105, 106, 107, 109, 110, 111, 112, 114, 115, 117, 120, 127, 128, 135, 136, 137, 139, 140, 142, 143, 145, 146, 148, 157, 160, 169, 170, 171, 172, 173, 174, 175, 178, 180, 182, 185, 188, 189], "excluded_lines": [], "functions": {"create_dashboard_tab": {"executed_lines": [], "summary": {"covered_lines": 0, "num_statements": 13, "percent_covered": 0.0, "percent_covered_display": "0", "missing_lines": 13, "excluded_lines": 0}, "missing_lines": [21, 22, 23, 25, 26, 27, 28, 29, 31, 32, 34, 35, 37], "excluded_lines": []}, "create_pipeline_tab": {"executed_lines": [], "summary": {"covered_lines": 0, "num_statements": 7, "percent_covered": 0.0, "percent_covered_display": "0", "missing_lines": 7, "excluded_lines": 0}, "missing_lines": [47, 48, 49, 51, 53, 54, 62], "excluded_lines": []}, "create_pending_tab": {"executed_lines": [], "summary": {"covered_lines": 0, "num_statements": 11, "percent_covered": 0.0, "percent_covered_display": "0", "missing_lines": 11, "excluded_lines": 0}, "missing_lines": [72, 73, 74, 76, 78, 79, 80, 81, 83, 84, 86], "excluded_lines": []}, "create_settings_tab": {"executed_lines": [], "summary": {"covered_lines": 0, "num_statements": 17, "percent_covered": 0.0, "percent_covered_display": "0", "missing_lines": 17, "excluded_lines": 0}, "missing_lines": [96, 97, 99, 100, 101, 102, 104, 105, 106, 107, 109, 110, 111, 112, 114, 115, 117], "excluded_lines": []}, "create_ui": {"executed_lines": [], "summary": {"covered_lines": 0, "num_statements": 13, "percent_covered": 0.0, "percent_covered_display": "0", "missing_lines": 13, "excluded_lines": 0}, "missing_lines": [127, 128, 135, 136, 137, 139, 140, 142, 143, 145, 146, 148, 157], "excluded_lines": []}, "start": {"executed_lines": [], "summary": {"covered_lines": 0, "num_statements": 7, "percent_covered": 0.0, "percent_covered_display": "0", "missing_lines": 7, "excluded_lines": 0}, "missing_lines": [169, 170, 171, 172, 173, 174, 175], "excluded_lines": []}, "": {"executed_lines": [], "summary": {"covered_lines": 0, "num_statements": 15, "percent_covered": 0.0, "percent_covered_display": "0", "missing_lines": 15, "excluded_lines": 0}, "missing_lines": [8, 10, 11, 14, 40, 65, 89, 120, 160, 178, 180, 182, 185, 188, 189], "excluded_lines": []}}, "classes": {"": {"executed_lines": [], "summary": {"covered_lines": 0, "num_statements": 83, "percent_covered": 0.0, "percent_covered_display": "0", "missing_lines": 83, "excluded_lines": 0}, "missing_lines": [8, 10, 11, 14, 21, 22, 23, 25, 26, 27, 28, 29, 31, 32, 34, 35, 37, 40, 47, 48, 49, 51, 53, 54, 62, 65, 72, 73, 74, 76, 78, 79, 80, 81, 83, 84, 86, 89, 96, 97, 99, 100, 101, 102, 104, 105, 106, 107, 109, 110, 111, 112, 114, 115, 117, 120, 127, 128, 135, 136, 137, 139, 140, 142, 143, 145, 146, 148, 157, 160, 169, 170, 171, 172, 173, 174, 175, 178, 180, 182, 185, 188, 189], "excluded_lines": []}}}}, "totals": {"covered_lines": 374, "num_statements": 3092, "percent_covered": 12.095730918499353, "percent_covered_display": "12", "missing_lines": 2718, "excluded_lines": 0}}