{"meta": {"format": 3, "version": "7.11.0", "timestamp": "2025-10-29T14:41:09.861046", "branch_coverage": false, "show_contexts": false}, "files": {"app/__init__.py": {"executed_lines": [0], "summary": {"covered_lines": 0, "num_statements": 0, "percent_covered": 100.0, "percent_covered_display": "100", "missing_lines": 0, "excluded_lines": 0}, "missing_lines": [], "excluded_lines": [], "functions": {"": {"executed_lines": [], "summary": {"covered_lines": 0, "num_statements": 0, "percent_covered": 100.0, "percent_covered_display": "100", "missing_lines": 0, "excluded_lines": 0}, "missing_lines": [], "excluded_lines": []}}, "classes": {"": {"executed_lines": [], "summary": {"covered_lines": 0, "num_statements": 0, "percent_covered": 100.0, "percent_covered_display": "100", "missing_lines": 0, "excluded_lines": 0}, "missing_lines": [], "excluded_lines": []}}}, "app/agents/__init__.py": {"executed_lines": [], "summary": {"covered_lines": 0, "num_statements": 10, "percent_covered": 0.0, "percent_covered_display": "0", "missing_lines": 10, "excluded_lines": 0}, "missing_lines": [7, 8, 9, 10, 11, 12, 13, 14, 15, 17], "excluded_lines": [], "functions": {"": {"executed_lines": [], "summary": {"covered_lines": 0, "num_statements": 10, "percent_covered": 0.0, "percent_covered_display": "0", "missing_lines": 10, "excluded_lines": 0}, "missing_lines": [7, 8, 9, 10, 11, 12, 13, 14, 15, 17], "excluded_lines": []}}, "classes": {"": {"executed_lines": [], "summary": {"covered_lines": 0, "num_statements": 10, "percent_covered": 0.0, "percent_covered_display": "0", "missing_lines": 10, "excluded_lines": 0}, "missing_lines": [7, 8, 9, 10, 11, 12, 13, 14, 15, 17], "excluded_lines": []}}}, "app/agents/base_agent.py": {"executed_lines": [], "summary": {"covered_lines": 0, "num_statements": 73, "percent_covered": 0.0, "percent_covered_display": "0", "missing_lines": 73, "excluded_lines": 0}, "missing_lines": [9, 10, 11, 13, 16, 17, 32, 33, 34, 35, 36, 38, 45, 47, 48, 58, 61, 82, 91, 92, 93, 95, 96, 97, 106, 108, 109, 118, 120, 121, 136, 138, 155, 156, 158, 159, 161, 163, 164, 166, 168, 169, 170, 172, 180, 181, 182, 183, 184, 187, 196, 197, 198, 199, 200, 202, 211, 212, 213, 214, 215, 217, 225, 226, 227, 228, 229, 231, 239, 240, 241, 242, 243], "excluded_lines": [], "functions": {"AgentResult.to_dict": {"executed_lines": [], "summary": {"covered_lines": 0, "num_statements": 1, "percent_covered": 0.0, "percent_covered_display": "0", "missing_lines": 1, "excluded_lines": 0}, "missing_lines": [45], "excluded_lines": []}, "AgentResult.from_dict": {"executed_lines": [], "summary": {"covered_lines": 0, "num_statements": 1, "percent_covered": 0.0, "percent_covered_display": "0", "missing_lines": 1, "excluded_lines": 0}, "missing_lines": [58], "excluded_lines": []}, "BaseAgent.__init__": {"executed_lines": [], "summary": {"covered_lines": 0, "num_statements": 3, "percent_covered": 0.0, "percent_covered_display": "0", "missing_lines": 3, "excluded_lines": 0}, "missing_lines": [91, 92, 93], "excluded_lines": []}, "BaseAgent.agent_name": {"executed_lines": [], "summary": {"covered_lines": 0, "num_statements": 1, "percent_covered": 0.0, "percent_covered_display": "0", "missing_lines": 1, "excluded_lines": 0}, "missing_lines": [106], "excluded_lines": []}, "BaseAgent.model": {"executed_lines": [], "summary": {"covered_lines": 0, "num_statements": 1, "percent_covered": 0.0, "percent_covered_display": "0", "missing_lines": 1, "excluded_lines": 0}, "missing_lines": [118], "excluded_lines": []}, "BaseAgent.process": {"executed_lines": [], "summary": {"covered_lines": 0, "num_statements": 1, "percent_covered": 0.0, "percent_covered_display": "0", "missing_lines": 1, "excluded_lines": 0}, "missing_lines": [136], "excluded_lines": []}, "BaseAgent._call_claude": {"executed_lines": [], "summary": {"covered_lines": 0, "num_statements": 11, "percent_covered": 0.0, "percent_covered_display": "0", "missing_lines": 11, "excluded_lines": 0}, "missing_lines": [155, 156, 158, 159, 161, 163, 164, 166, 168, 169, 170], "excluded_lines": []}, "BaseAgent._update_current_stage": {"executed_lines": [], "summary": {"covered_lines": 0, "num_statements": 5, "percent_covered": 0.0, "percent_covered_display": "0", "missing_lines": 5, "excluded_lines": 0}, "missing_lines": [180, 181, 182, 183, 184], "excluded_lines": []}, "BaseAgent._add_completed_stage": {"executed_lines": [], "summary": {"covered_lines": 0, "num_statements": 5, "percent_covered": 0.0, "percent_covered_display": "0", "missing_lines": 5, "excluded_lines": 0}, "missing_lines": [196, 197, 198, 199, 200], "excluded_lines": []}, "BaseAgent._store_stage_output": {"executed_lines": [], "summary": {"covered_lines": 0, "num_statements": 5, "percent_covered": 0.0, "percent_covered_display": "0", "missing_lines": 5, "excluded_lines": 0}, "missing_lines": [211, 212, 213, 214, 215], "excluded_lines": []}, "BaseAgent._update_error_info": {"executed_lines": [], "summary": {"covered_lines": 0, "num_statements": 5, "percent_covered": 0.0, "percent_covered_display": "0", "missing_lines": 5, "excluded_lines": 0}, "missing_lines": [225, 226, 227, 228, 229], "excluded_lines": []}, "BaseAgent._update_status": {"executed_lines": [], "summary": {"covered_lines": 0, "num_statements": 5, "percent_covered": 0.0, "percent_covered_display": "0", "missing_lines": 5, "excluded_lines": 0}, "missing_lines": [239, 240, 241, 242, 243], "excluded_lines": []}, "": {"executed_lines": [], "summary": {"covered_lines": 0, "num_statements": 29, "percent_covered": 0.0, "percent_covered_display": "0", "missing_lines": 29, "excluded_lines": 0}, "missing_lines": [9, 10, 11, 13, 16, 17, 32, 33, 34, 35, 36, 38, 47, 48, 61, 82, 95, 96, 97, 108, 109, 120, 121, 138, 172, 187, 202, 217, 231], "excluded_lines": []}}, "classes": {"AgentResult": {"executed_lines": [], "summary": {"covered_lines": 0, "num_statements": 2, "percent_covered": 0.0, "percent_covered_display": "0", "missing_lines": 2, "excluded_lines": 0}, "missing_lines": [45, 58], "excluded_lines": []}, "BaseAgent": {"executed_lines": [], "summary": {"covered_lines": 0, "num_statements": 42, "percent_covered": 0.0, "percent_covered_display": "0", "missing_lines": 42, "excluded_lines": 0}, "missing_lines": [91, 92, 93, 106, 118, 136, 155, 156, 158, 159, 161, 163, 164, 166, 168, 169, 170, 180, 181, 182, 183, 184, 196, 197, 198, 199, 200, 211, 212, 213, 214, 215, 225, 226, 227, 228, 229, 239, 240, 241, 242, 243], "excluded_lines": []}, "": {"executed_lines": [], "summary": {"covered_lines": 0, "num_statements": 29, "percent_covered": 0.0, "percent_covered_display": "0", "missing_lines": 29, "excluded_lines": 0}, "missing_lines": [9, 10, 11, 13, 16, 17, 32, 33, 34, 35, 36, 38, 47, 48, 61, 82, 95, 96, 97, 108, 109, 120, 121, 138, 172, 187, 202, 217, 231], "excluded_lines": []}}}, "app/agents/cover_letter_writer_agent.py": {"executed_lines": [], "summary": {"covered_lines": 0, "num_statements": 146, "percent_covered": 0.0, "percent_covered_display": "0", "missing_lines": 146, "excluded_lines": 0}, "missing_lines": [9, 10, 11, 12, 14, 15, 16, 18, 21, 33, 35, 36, 38, 39, 41, 43, 53, 55, 57, 58, 59, 62, 63, 65, 66, 67, 70, 73, 74, 75, 76, 77, 80, 83, 86, 89, 92, 93, 94, 97, 99, 100, 101, 102, 105, 106, 109, 110, 111, 114, 117, 120, 121, 122, 123, 125, 127, 129, 131, 133, 134, 135, 137, 139, 141, 142, 144, 145, 146, 147, 148, 149, 150, 152, 160, 161, 162, 163, 164, 165, 168, 169, 171, 179, 180, 182, 183, 184, 188, 189, 190, 192, 205, 207, 209, 211, 213, 214, 216, 219, 220, 221, 222, 223, 225, 227, 229, 231, 264, 266, 267, 268, 269, 270, 271, 272, 274, 276, 277, 280, 281, 282, 284, 285, 286, 288, 289, 291, 292, 293, 295, 297, 299, 300, 301, 303, 304, 305, 306, 308, 309, 310, 311, 312, 313, 314], "excluded_lines": [], "functions": {"CoverLetterWriterAgent.__init__": {"executed_lines": [], "summary": {"covered_lines": 0, "num_statements": 2, "percent_covered": 0.0, "percent_covered_display": "0", "missing_lines": 2, "excluded_lines": 0}, "missing_lines": [35, 36], "excluded_lines": []}, "CoverLetterWriterAgent.agent_name": {"executed_lines": [], "summary": {"covered_lines": 0, "num_statements": 1, "percent_covered": 0.0, "percent_covered_display": "0", "missing_lines": 1, "excluded_lines": 0}, "missing_lines": [41], "excluded_lines": []}, "CoverLetterWriterAgent.process": {"executed_lines": [], "summary": {"covered_lines": 0, "num_statements": 47, "percent_covered": 0.0, "percent_covered_display": "0", "missing_lines": 47, "excluded_lines": 0}, "missing_lines": [53, 55, 57, 58, 59, 62, 63, 65, 66, 67, 70, 73, 74, 75, 76, 77, 80, 83, 86, 89, 92, 93, 94, 97, 99, 100, 101, 102, 105, 106, 109, 110, 111, 114, 117, 120, 121, 122, 123, 125, 127, 129, 131, 133, 134, 135, 137], "excluded_lines": []}, "CoverLetterWriterAgent._load_cl_template": {"executed_lines": [], "summary": {"covered_lines": 0, "num_statements": 9, "percent_covered": 0.0, "percent_covered_display": "0", "missing_lines": 9, "excluded_lines": 0}, "missing_lines": [141, 142, 144, 145, 146, 147, 148, 149, 150], "excluded_lines": []}, "CoverLetterWriterAgent._extract_contact_person": {"executed_lines": [], "summary": {"covered_lines": 0, "num_statements": 8, "percent_covered": 0.0, "percent_covered_display": "0", "missing_lines": 8, "excluded_lines": 0}, "missing_lines": [160, 161, 162, 163, 164, 165, 168, 169], "excluded_lines": []}, "CoverLetterWriterAgent._parse_name_from_email": {"executed_lines": [], "summary": {"covered_lines": 0, "num_statements": 8, "percent_covered": 0.0, "percent_covered_display": "0", "missing_lines": 8, "excluded_lines": 0}, "missing_lines": [179, 180, 182, 183, 184, 188, 189, 190], "excluded_lines": []}, "CoverLetterWriterAgent._sanitize_filename": {"executed_lines": [], "summary": {"covered_lines": 0, "num_statements": 6, "percent_covered": 0.0, "percent_covered_display": "0", "missing_lines": 6, "excluded_lines": 0}, "missing_lines": [205, 207, 209, 211, 213, 214], "excluded_lines": []}, "CoverLetterWriterAgent._prepare_job_context": {"executed_lines": [], "summary": {"covered_lines": 0, "num_statements": 7, "percent_covered": 0.0, "percent_covered_display": "0", "missing_lines": 7, "excluded_lines": 0}, "missing_lines": [219, 220, 221, 222, 223, 225, 227], "excluded_lines": []}, "CoverLetterWriterAgent._generate_cover_letter_with_claude": {"executed_lines": [], "summary": {"covered_lines": 0, "num_statements": 9, "percent_covered": 0.0, "percent_covered_display": "0", "missing_lines": 9, "excluded_lines": 0}, "missing_lines": [231, 264, 266, 267, 268, 269, 270, 271, 272], "excluded_lines": []}, "CoverLetterWriterAgent._create_cover_letter_docx": {"executed_lines": [], "summary": {"covered_lines": 0, "num_statements": 13, "percent_covered": 0.0, "percent_covered_display": "0", "missing_lines": 13, "excluded_lines": 0}, "missing_lines": [276, 277, 280, 281, 282, 284, 285, 286, 288, 289, 291, 292, 293], "excluded_lines": []}, "CoverLetterWriterAgent._validate_output_file": {"executed_lines": [], "summary": {"covered_lines": 0, "num_statements": 15, "percent_covered": 0.0, "percent_covered_display": "0", "missing_lines": 15, "excluded_lines": 0}, "missing_lines": [297, 299, 300, 301, 303, 304, 305, 306, 308, 309, 310, 311, 312, 313, 314], "excluded_lines": []}, "": {"executed_lines": [], "summary": {"covered_lines": 0, "num_statements": 21, "percent_covered": 0.0, "percent_covered_display": "0", "missing_lines": 21, "excluded_lines": 0}, "missing_lines": [9, 10, 11, 12, 14, 15, 16, 18, 21, 33, 38, 39, 43, 139, 152, 171, 192, 216, 229, 274, 295], "excluded_lines": []}}, "classes": {"CoverLetterWriterAgent": {"executed_lines": [], "summary": {"covered_lines": 0, "num_statements": 125, "percent_covered": 0.0, "percent_covered_display": "0", "missing_lines": 125, "excluded_lines": 0}, "missing_lines": [35, 36, 41, 53, 55, 57, 58, 59, 62, 63, 65, 66, 67, 70, 73, 74, 75, 76, 77, 80, 83, 86, 89, 92, 93, 94, 97, 99, 100, 101, 102, 105, 106, 109, 110, 111, 114, 117, 120, 121, 122, 123, 125, 127, 129, 131, 133, 134, 135, 137, 141, 142, 144, 145, 146, 147, 148, 149, 150, 160, 161, 162, 163, 164, 165, 168, 169, 179, 180, 182, 183, 184, 188, 189, 190, 205, 207, 209, 211, 213, 214, 219, 220, 221, 222, 223, 225, 227, 231, 264, 266, 267, 268, 269, 270, 271, 272, 276, 277, 280, 281, 282, 284, 285, 286, 288, 289, 291, 292, 293, 297, 299, 300, 301, 303, 304, 305, 306, 308, 309, 310, 311, 312, 313, 314], "excluded_lines": []}, "": {"executed_lines": [], "summary": {"covered_lines": 0, "num_statements": 21, "percent_covered": 0.0, "percent_covered_display": "0", "missing_lines": 21, "excluded_lines": 0}, "missing_lines": [9, 10, 11, 12, 14, 15, 16, 18, 21, 33, 38, 39, 43, 139, 152, 171, 192, 216, 229, 274, 295], "excluded_lines": []}}}, "app/agents/cv_tailor_agent.py": {"executed_lines": [], "summary": {"covered_lines": 0, "num_statements": 156, "percent_covered": 0.0, "percent_covered_display": "0", "missing_lines": 156, "excluded_lines": 0}, "missing_lines": [10, 11, 12, 13, 14, 15, 17, 18, 20, 23, 39, 48, 49, 51, 52, 54, 56, 69, 71, 73, 74, 75, 78, 79, 81, 82, 83, 86, 89, 90, 91, 92, 93, 94, 95, 96, 99, 102, 105, 108, 111, 112, 113, 116, 117, 120, 121, 122, 125, 128, 137, 138, 141, 144, 146, 148, 150, 151, 152, 154, 156, 170, 171, 173, 174, 175, 176, 177, 178, 179, 181, 191, 192, 193, 194, 196, 197, 198, 200, 211, 212, 213, 216, 217, 218, 219, 220, 221, 223, 225, 226, 228, 242, 276, 278, 279, 280, 281, 282, 283, 284, 286, 296, 298, 299, 300, 301, 302, 303, 304, 305, 307, 308, 309, 311, 312, 314, 316, 329, 330, 331, 333, 334, 336, 337, 339, 341, 354, 356, 358, 360, 362, 364, 366, 378, 386, 387, 389, 390, 391, 393, 408, 411, 412, 413, 416, 417, 418, 419, 422, 423, 424, 425, 426, 427, 428], "excluded_lines": [], "functions": {"CVTailorAgent.__init__": {"executed_lines": [], "summary": {"covered_lines": 0, "num_statements": 2, "percent_covered": 0.0, "percent_covered_display": "0", "missing_lines": 2, "excluded_lines": 0}, "missing_lines": [48, 49], "excluded_lines": []}, "CVTailorAgent.agent_name": {"executed_lines": [], "summary": {"covered_lines": 0, "num_statements": 1, "percent_covered": 0.0, "percent_covered_display": "0", "missing_lines": 1, "excluded_lines": 0}, "missing_lines": [54], "excluded_lines": []}, "CVTailorAgent.process": {"executed_lines": [], "summary": {"covered_lines": 0, "num_statements": 43, "percent_covered": 0.0, "percent_covered_display": "0", "missing_lines": 43, "excluded_lines": 0}, "missing_lines": [69, 71, 73, 74, 75, 78, 79, 81, 82, 83, 86, 89, 90, 91, 92, 93, 94, 95, 96, 99, 102, 105, 108, 111, 112, 113, 116, 117, 120, 121, 122, 125, 128, 137, 138, 141, 144, 146, 148, 150, 151, 152, 154], "excluded_lines": []}, "CVTailorAgent._load_cv_template": {"executed_lines": [], "summary": {"covered_lines": 0, "num_statements": 9, "percent_covered": 0.0, "percent_covered_display": "0", "missing_lines": 9, "excluded_lines": 0}, "missing_lines": [170, 171, 173, 174, 175, 176, 177, 178, 179], "excluded_lines": []}, "CVTailorAgent._extract_cv_content": {"executed_lines": [], "summary": {"covered_lines": 0, "num_statements": 7, "percent_covered": 0.0, "percent_covered_display": "0", "missing_lines": 7, "excluded_lines": 0}, "missing_lines": [191, 192, 193, 194, 196, 197, 198], "excluded_lines": []}, "CVTailorAgent._analyze_job_requirements": {"executed_lines": [], "summary": {"covered_lines": 0, "num_statements": 12, "percent_covered": 0.0, "percent_covered_display": "0", "missing_lines": 12, "excluded_lines": 0}, "missing_lines": [211, 212, 213, 216, 217, 218, 219, 220, 221, 223, 225, 226], "excluded_lines": []}, "CVTailorAgent._customize_cv_with_claude": {"executed_lines": [], "summary": {"covered_lines": 0, "num_statements": 9, "percent_covered": 0.0, "percent_covered_display": "0", "missing_lines": 9, "excluded_lines": 0}, "missing_lines": [242, 276, 278, 279, 280, 281, 282, 283, 284], "excluded_lines": []}, "CVTailorAgent._parse_customization_response": {"executed_lines": [], "summary": {"covered_lines": 0, "num_statements": 15, "percent_covered": 0.0, "percent_covered_display": "0", "missing_lines": 15, "excluded_lines": 0}, "missing_lines": [296, 298, 299, 300, 301, 302, 303, 304, 305, 307, 308, 309, 311, 312, 314], "excluded_lines": []}, "CVTailorAgent._create_output_directory": {"executed_lines": [], "summary": {"covered_lines": 0, "num_statements": 8, "percent_covered": 0.0, "percent_covered_display": "0", "missing_lines": 8, "excluded_lines": 0}, "missing_lines": [329, 330, 331, 333, 334, 336, 337, 339], "excluded_lines": []}, "CVTailorAgent._sanitize_filename": {"executed_lines": [], "summary": {"covered_lines": 0, "num_statements": 6, "percent_covered": 0.0, "percent_covered_display": "0", "missing_lines": 6, "excluded_lines": 0}, "missing_lines": [354, 356, 358, 360, 362, 364], "excluded_lines": []}, "CVTailorAgent._generate_customized_cv": {"executed_lines": [], "summary": {"covered_lines": 0, "num_statements": 6, "percent_covered": 0.0, "percent_covered_display": "0", "missing_lines": 6, "excluded_lines": 0}, "missing_lines": [378, 386, 387, 389, 390, 391], "excluded_lines": []}, "CVTailorAgent._validate_output_file": {"executed_lines": [], "summary": {"covered_lines": 0, "num_statements": 15, "percent_covered": 0.0, "percent_covered_display": "0", "missing_lines": 15, "excluded_lines": 0}, "missing_lines": [408, 411, 412, 413, 416, 417, 418, 419, 422, 423, 424, 425, 426, 427, 428], "excluded_lines": []}, "": {"executed_lines": [], "summary": {"covered_lines": 0, "num_statements": 23, "percent_covered": 0.0, "percent_covered_display": "0", "missing_lines": 23, "excluded_lines": 0}, "missing_lines": [10, 11, 12, 13, 14, 15, 17, 18, 20, 23, 39, 51, 52, 56, 156, 181, 200, 228, 286, 316, 341, 366, 393], "excluded_lines": []}}, "classes": {"CVTailorAgent": {"executed_lines": [], "summary": {"covered_lines": 0, "num_statements": 133, "percent_covered": 0.0, "percent_covered_display": "0", "missing_lines": 133, "excluded_lines": 0}, "missing_lines": [48, 49, 54, 69, 71, 73, 74, 75, 78, 79, 81, 82, 83, 86, 89, 90, 91, 92, 93, 94, 95, 96, 99, 102, 105, 108, 111, 112, 113, 116, 117, 120, 121, 122, 125, 128, 137, 138, 141, 144, 146, 148, 150, 151, 152, 154, 170, 171, 173, 174, 175, 176, 177, 178, 179, 191, 192, 193, 194, 196, 197, 198, 211, 212, 213, 216, 217, 218, 219, 220, 221, 223, 225, 226, 242, 276, 278, 279, 280, 281, 282, 283, 284, 296, 298, 299, 300, 301, 302, 303, 304, 305, 307, 308, 309, 311, 312, 314, 329, 330, 331, 333, 334, 336, 337, 339, 354, 356, 358, 360, 362, 364, 378, 386, 387, 389, 390, 391, 408, 411, 412, 413, 416, 417, 418, 419, 422, 423, 424, 425, 426, 427, 428], "excluded_lines": []}, "": {"executed_lines": [], "summary": {"covered_lines": 0, "num_statements": 23, "percent_covered": 0.0, "percent_covered_display": "0", "missing_lines": 23, "excluded_lines": 0}, "missing_lines": [10, 11, 12, 13, 14, 15, 17, 18, 20, 23, 39, 51, 52, 56, 156, 181, 200, 228, 286, 316, 341, 366, 393], "excluded_lines": []}}}, "app/agents/form_handler_agent.py": {"executed_lines": [], "summary": {"covered_lines": 0, "num_statements": 191, "percent_covered": 0.0, "percent_covered_display": "0", "missing_lines": 191, "excluded_lines": 0}, "missing_lines": [8, 9, 10, 11, 13, 15, 18, 19, 22, 36, 37, 39, 41, 51, 53, 55, 56, 57, 60, 61, 63, 64, 65, 68, 69, 70, 71, 74, 77, 79, 80, 82, 83, 84, 86, 87, 88, 91, 94, 105, 106, 109, 110, 112, 113, 115, 117, 119, 120, 121, 123, 125, 148, 149, 153, 155, 156, 157, 158, 161, 163, 164, 165, 166, 167, 168, 170, 182, 183, 184, 185, 186, 187, 189, 190, 191, 192, 194, 202, 203, 204, 205, 206, 207, 209, 217, 218, 219, 220, 221, 222, 224, 231, 232, 233, 234, 235, 236, 238, 249, 251, 252, 254, 255, 256, 257, 258, 259, 260, 261, 262, 264, 274, 276, 278, 279, 280, 281, 282, 283, 285, 286, 288, 289, 290, 292, 300, 301, 302, 303, 305, 315, 317, 319, 320, 321, 322, 323, 324, 325, 326, 327, 330, 332, 333, 334, 335, 336, 337, 338, 339, 340, 343, 344, 346, 347, 348, 350, 362, 363, 364, 366, 367, 368, 370, 371, 372, 374, 375, 376, 378, 389, 390, 391, 392, 394, 395, 398, 399, 401, 402, 404, 405, 407, 408, 410, 418, 421, 424, 425, 426], "excluded_lines": [], "functions": {"FormHandlerAgent.agent_name": {"executed_lines": [], "summary": {"covered_lines": 0, "num_statements": 1, "percent_covered": 0.0, "percent_covered_display": "0", "missing_lines": 1, "excluded_lines": 0}, "missing_lines": [39], "excluded_lines": []}, "FormHandlerAgent.process": {"executed_lines": [], "summary": {"covered_lines": 0, "num_statements": 38, "percent_covered": 0.0, "percent_covered_display": "0", "missing_lines": 38, "excluded_lines": 0}, "missing_lines": [51, 53, 55, 56, 57, 60, 61, 63, 64, 65, 68, 69, 70, 71, 74, 77, 79, 80, 82, 83, 84, 86, 87, 88, 91, 94, 105, 106, 109, 110, 112, 113, 115, 117, 119, 120, 121, 123], "excluded_lines": []}, "FormHandlerAgent._submit_application": {"executed_lines": [], "summary": {"covered_lines": 0, "num_statements": 14, "percent_covered": 0.0, "percent_covered_display": "0", "missing_lines": 14, "excluded_lines": 0}, "missing_lines": [148, 149, 153, 155, 156, 157, 158, 161, 163, 164, 165, 166, 167, 168], "excluded_lines": []}, "FormHandlerAgent._detect_form_fields": {"executed_lines": [], "summary": {"covered_lines": 0, "num_statements": 10, "percent_covered": 0.0, "percent_covered_display": "0", "missing_lines": 10, "excluded_lines": 0}, "missing_lines": [182, 183, 184, 185, 186, 187, 189, 190, 191, 192], "excluded_lines": []}, "FormHandlerAgent._fill_text_field": {"executed_lines": [], "summary": {"covered_lines": 0, "num_statements": 6, "percent_covered": 0.0, "percent_covered_display": "0", "missing_lines": 6, "excluded_lines": 0}, "missing_lines": [202, 203, 204, 205, 206, 207], "excluded_lines": []}, "FormHandlerAgent._select_dropdown": {"executed_lines": [], "summary": {"covered_lines": 0, "num_statements": 6, "percent_covered": 0.0, "percent_covered_display": "0", "missing_lines": 6, "excluded_lines": 0}, "missing_lines": [217, 218, 219, 220, 221, 222], "excluded_lines": []}, "FormHandlerAgent._check_checkbox": {"executed_lines": [], "summary": {"covered_lines": 0, "num_statements": 6, "percent_covered": 0.0, "percent_covered_display": "0", "missing_lines": 6, "excluded_lines": 0}, "missing_lines": [231, 232, 233, 234, 235, 236], "excluded_lines": []}, "FormHandlerAgent._upload_file": {"executed_lines": [], "summary": {"covered_lines": 0, "num_statements": 12, "percent_covered": 0.0, "percent_covered_display": "0", "missing_lines": 12, "excluded_lines": 0}, "missing_lines": [249, 251, 252, 254, 255, 256, 257, 258, 259, 260, 261, 262], "excluded_lines": []}, "FormHandlerAgent._submit_form": {"executed_lines": [], "summary": {"covered_lines": 0, "num_statements": 13, "percent_covered": 0.0, "percent_covered_display": "0", "missing_lines": 13, "excluded_lines": 0}, "missing_lines": [274, 276, 278, 279, 280, 281, 282, 283, 285, 286, 288, 289, 290], "excluded_lines": []}, "FormHandlerAgent._wait_for_confirmation": {"executed_lines": [], "summary": {"covered_lines": 0, "num_statements": 4, "percent_covered": 0.0, "percent_covered_display": "0", "missing_lines": 4, "excluded_lines": 0}, "missing_lines": [300, 301, 302, 303], "excluded_lines": []}, "FormHandlerAgent._verify_submission": {"executed_lines": [], "summary": {"covered_lines": 0, "num_statements": 26, "percent_covered": 0.0, "percent_covered_display": "0", "missing_lines": 26, "excluded_lines": 0}, "missing_lines": [315, 317, 319, 320, 321, 322, 323, 324, 325, 326, 327, 330, 332, 333, 334, 335, 336, 337, 338, 339, 340, 343, 344, 346, 347, 348], "excluded_lines": []}, "FormHandlerAgent._capture_screenshot": {"executed_lines": [], "summary": {"covered_lines": 0, "num_statements": 12, "percent_covered": 0.0, "percent_covered_display": "0", "missing_lines": 12, "excluded_lines": 0}, "missing_lines": [362, 363, 364, 366, 367, 368, 370, 371, 372, 374, 375, 376], "excluded_lines": []}, "FormHandlerAgent._submit_with_retry": {"executed_lines": [], "summary": {"covered_lines": 0, "num_statements": 14, "percent_covered": 0.0, "percent_covered_display": "0", "missing_lines": 14, "excluded_lines": 0}, "missing_lines": [389, 390, 391, 392, 394, 395, 398, 399, 401, 402, 404, 405, 407, 408], "excluded_lines": []}, "FormHandlerAgent._update_database": {"executed_lines": [], "summary": {"covered_lines": 0, "num_statements": 5, "percent_covered": 0.0, "percent_covered_display": "0", "missing_lines": 5, "excluded_lines": 0}, "missing_lines": [418, 421, 424, 425, 426], "excluded_lines": []}, "": {"executed_lines": [], "summary": {"covered_lines": 0, "num_statements": 24, "percent_covered": 0.0, "percent_covered_display": "0", "missing_lines": 24, "excluded_lines": 0}, "missing_lines": [8, 9, 10, 11, 13, 15, 18, 19, 22, 36, 37, 41, 125, 170, 194, 209, 224, 238, 264, 292, 305, 350, 378, 410], "excluded_lines": []}}, "classes": {"FormHandlerAgent": {"executed_lines": [], "summary": {"covered_lines": 0, "num_statements": 167, "percent_covered": 0.0, "percent_covered_display": "0", "missing_lines": 167, "excluded_lines": 0}, "missing_lines": [39, 51, 53, 55, 56, 57, 60, 61, 63, 64, 65, 68, 69, 70, 71, 74, 77, 79, 80, 82, 83, 84, 86, 87, 88, 91, 94, 105, 106, 109, 110, 112, 113, 115, 117, 119, 120, 121, 123, 148, 149, 153, 155, 156, 157, 158, 161, 163, 164, 165, 166, 167, 168, 182, 183, 184, 185, 186, 187, 189, 190, 191, 192, 202, 203, 204, 205, 206, 207, 217, 218, 219, 220, 221, 222, 231, 232, 233, 234, 235, 236, 249, 251, 252, 254, 255, 256, 257, 258, 259, 260, 261, 262, 274, 276, 278, 279, 280, 281, 282, 283, 285, 286, 288, 289, 290, 300, 301, 302, 303, 315, 317, 319, 320, 321, 322, 323, 324, 325, 326, 327, 330, 332, 333, 334, 335, 336, 337, 338, 339, 340, 343, 344, 346, 347, 348, 362, 363, 364, 366, 367, 368, 370, 371, 372, 374, 375, 376, 389, 390, 391, 392, 394, 395, 398, 399, 401, 402, 404, 405, 407, 408, 418, 421, 424, 425, 426], "excluded_lines": []}, "": {"executed_lines": [], "summary": {"covered_lines": 0, "num_statements": 24, "percent_covered": 0.0, "percent_covered_display": "0", "missing_lines": 24, "excluded_lines": 0}, "missing_lines": [8, 9, 10, 11, 13, 15, 18, 19, 22, 36, 37, 41, 125, 170, 194, 209, 224, 238, 264, 292, 305, 350, 378, 410], "excluded_lines": []}}}, "app/agents/job_matcher_agent.py": {"executed_lines": [], "summary": {"covered_lines": 0, "num_statements": 136, "percent_covered": 0.0, "percent_covered_display": "0", "missing_lines": 136, "excluded_lines": 0}, "missing_lines": [13, 14, 15, 16, 18, 19, 20, 22, 25, 39, 48, 49, 50, 51, 53, 54, 56, 58, 71, 73, 75, 76, 77, 80, 81, 83, 84, 85, 88, 91, 94, 97, 100, 102, 104, 106, 109, 112, 115, 128, 129, 130, 133, 135, 137, 139, 140, 141, 143, 145, 153, 154, 156, 158, 159, 160, 162, 163, 165, 173, 174, 176, 177, 178, 180, 191, 193, 199, 200, 202, 213, 248, 250, 260, 262, 263, 264, 265, 266, 267, 268, 269, 271, 272, 274, 275, 277, 279, 290, 291, 294, 295, 296, 297, 298, 299, 301, 302, 304, 315, 316, 318, 319, 320, 321, 322, 323, 325, 326, 328, 340, 341, 342, 343, 345, 347, 360, 362, 370, 372, 374, 386, 389, 390, 391, 392, 394, 396, 410, 411, 414, 415, 418, 419, 422, 423], "excluded_lines": [], "functions": {"JobMatcherAgent.__init__": {"executed_lines": [], "summary": {"covered_lines": 0, "num_statements": 4, "percent_covered": 0.0, "percent_covered_display": "0", "missing_lines": 4, "excluded_lines": 0}, "missing_lines": [48, 49, 50, 51], "excluded_lines": []}, "JobMatcherAgent.agent_name": {"executed_lines": [], "summary": {"covered_lines": 0, "num_statements": 1, "percent_covered": 0.0, "percent_covered_display": "0", "missing_lines": 1, "excluded_lines": 0}, "missing_lines": [56], "excluded_lines": []}, "JobMatcherAgent.process": {"executed_lines": [], "summary": {"covered_lines": 0, "num_statements": 31, "percent_covered": 0.0, "percent_covered_display": "0", "missing_lines": 31, "excluded_lines": 0}, "missing_lines": [71, 73, 75, 76, 77, 80, 81, 83, 84, 85, 88, 91, 94, 97, 100, 102, 104, 106, 109, 112, 115, 128, 129, 130, 133, 135, 137, 139, 140, 141, 143], "excluded_lines": []}, "JobMatcherAgent._load_search_criteria": {"executed_lines": [], "summary": {"covered_lines": 0, "num_statements": 14, "percent_covered": 0.0, "percent_covered_display": "0", "missing_lines": 14, "excluded_lines": 0}, "missing_lines": [153, 154, 156, 158, 159, 160, 162, 163, 165, 173, 174, 176, 177, 178], "excluded_lines": []}, "JobMatcherAgent._analyze_job_with_claude": {"executed_lines": [], "summary": {"covered_lines": 0, "num_statements": 4, "percent_covered": 0.0, "percent_covered_display": "0", "missing_lines": 4, "excluded_lines": 0}, "missing_lines": [191, 193, 199, 200], "excluded_lines": []}, "JobMatcherAgent._build_matching_prompt": {"executed_lines": [], "summary": {"covered_lines": 0, "num_statements": 2, "percent_covered": 0.0, "percent_covered_display": "0", "missing_lines": 2, "excluded_lines": 0}, "missing_lines": [213, 248], "excluded_lines": []}, "JobMatcherAgent._parse_claude_response": {"executed_lines": [], "summary": {"covered_lines": 0, "num_statements": 14, "percent_covered": 0.0, "percent_covered_display": "0", "missing_lines": 14, "excluded_lines": 0}, "missing_lines": [260, 262, 263, 264, 265, 266, 267, 268, 269, 271, 272, 274, 275, 277], "excluded_lines": []}, "JobMatcherAgent._calculate_must_have_score": {"executed_lines": [], "summary": {"covered_lines": 0, "num_statements": 10, "percent_covered": 0.0, "percent_covered_display": "0", "missing_lines": 10, "excluded_lines": 0}, "missing_lines": [290, 291, 294, 295, 296, 297, 298, 299, 301, 302], "excluded_lines": []}, "JobMatcherAgent._calculate_component_score": {"executed_lines": [], "summary": {"covered_lines": 0, "num_statements": 10, "percent_covered": 0.0, "percent_covered_display": "0", "missing_lines": 10, "excluded_lines": 0}, "missing_lines": [315, 316, 318, 319, 320, 321, 322, 323, 325, 326], "excluded_lines": []}, "JobMatcherAgent._calculate_location_score": {"executed_lines": [], "summary": {"covered_lines": 0, "num_statements": 5, "percent_covered": 0.0, "percent_covered_display": "0", "missing_lines": 5, "excluded_lines": 0}, "missing_lines": [340, 341, 342, 343, 345], "excluded_lines": []}, "JobMatcherAgent._calculate_final_score": {"executed_lines": [], "summary": {"covered_lines": 0, "num_statements": 4, "percent_covered": 0.0, "percent_covered_display": "0", "missing_lines": 4, "excluded_lines": 0}, "missing_lines": [360, 362, 370, 372], "excluded_lines": []}, "JobMatcherAgent._normalize_tech_name": {"executed_lines": [], "summary": {"covered_lines": 0, "num_statements": 6, "percent_covered": 0.0, "percent_covered_display": "0", "missing_lines": 6, "excluded_lines": 0}, "missing_lines": [386, 389, 390, 391, 392, 394], "excluded_lines": []}, "JobMatcherAgent._is_fuzzy_match": {"executed_lines": [], "summary": {"covered_lines": 0, "num_statements": 8, "percent_covered": 0.0, "percent_covered_display": "0", "missing_lines": 8, "excluded_lines": 0}, "missing_lines": [410, 411, 414, 415, 418, 419, 422, 423], "excluded_lines": []}, "": {"executed_lines": [], "summary": {"covered_lines": 0, "num_statements": 23, "percent_covered": 0.0, "percent_covered_display": "0", "missing_lines": 23, "excluded_lines": 0}, "missing_lines": [13, 14, 15, 16, 18, 19, 20, 22, 25, 39, 53, 54, 58, 145, 180, 202, 250, 279, 304, 328, 347, 374, 396], "excluded_lines": []}}, "classes": {"JobMatcherAgent": {"executed_lines": [], "summary": {"covered_lines": 0, "num_statements": 113, "percent_covered": 0.0, "percent_covered_display": "0", "missing_lines": 113, "excluded_lines": 0}, "missing_lines": [48, 49, 50, 51, 56, 71, 73, 75, 76, 77, 80, 81, 83, 84, 85, 88, 91, 94, 97, 100, 102, 104, 106, 109, 112, 115, 128, 129, 130, 133, 135, 137, 139, 140, 141, 143, 153, 154, 156, 158, 159, 160, 162, 163, 165, 173, 174, 176, 177, 178, 191, 193, 199, 200, 213, 248, 260, 262, 263, 264, 265, 266, 267, 268, 269, 271, 272, 274, 275, 277, 290, 291, 294, 295, 296, 297, 298, 299, 301, 302, 315, 316, 318, 319, 320, 321, 322, 323, 325, 326, 340, 341, 342, 343, 345, 360, 362, 370, 372, 386, 389, 390, 391, 392, 394, 410, 411, 414, 415, 418, 419, 422, 423], "excluded_lines": []}, "": {"executed_lines": [], "summary": {"covered_lines": 0, "num_statements": 23, "percent_covered": 0.0, "percent_covered_display": "0", "missing_lines": 23, "excluded_lines": 0}, "missing_lines": [13, 14, 15, 16, 18, 19, 20, 22, 25, 39, 53, 54, 58, 145, 180, 202, 250, 279, 304, 328, 347, 374, 396], "excluded_lines": []}}}, "app/agents/orchestrator_agent.py": {"executed_lines": [], "summary": {"covered_lines": 0, "num_statements": 150, "percent_covered": 0.0, "percent_covered_display": "0", "missing_lines": 150, "excluded_lines": 0}, "missing_lines": [11, 12, 13, 15, 17, 20, 23, 24, 25, 28, 42, 43, 45, 47, 57, 59, 61, 62, 63, 66, 67, 69, 70, 71, 74, 77, 80, 81, 82, 85, 88, 89, 92, 93, 96, 97, 100, 103, 115, 116, 118, 120, 122, 124, 125, 126, 128, 130, 140, 141, 142, 143, 144, 146, 156, 159, 160, 161, 164, 165, 167, 168, 169, 171, 173, 188, 189, 190, 191, 194, 195, 196, 197, 198, 199, 202, 203, 206, 208, 220, 221, 222, 223, 225, 226, 227, 229, 230, 232, 233, 235, 236, 238, 278, 280, 281, 282, 285, 286, 287, 288, 290, 291, 292, 294, 296, 312, 313, 316, 317, 318, 321, 322, 323, 326, 327, 329, 341, 342, 343, 346, 347, 348, 349, 350, 351, 352, 353, 354, 356, 358, 359, 360, 361, 362, 363, 366, 367, 368, 370, 372, 380, 383, 385, 388, 389, 390, 392, 402, 403], "excluded_lines": [], "functions": {"OrchestratorAgent.agent_name": {"executed_lines": [], "summary": {"covered_lines": 0, "num_statements": 1, "percent_covered": 0.0, "percent_covered_display": "0", "missing_lines": 1, "excluded_lines": 0}, "missing_lines": [45], "excluded_lines": []}, "OrchestratorAgent.process": {"executed_lines": [], "summary": {"covered_lines": 0, "num_statements": 33, "percent_covered": 0.0, "percent_covered_display": "0", "missing_lines": 33, "excluded_lines": 0}, "missing_lines": [57, 59, 61, 62, 63, 66, 67, 69, 70, 71, 74, 77, 80, 81, 82, 85, 88, 89, 92, 93, 96, 97, 100, 103, 115, 116, 118, 120, 122, 124, 125, 126, 128], "excluded_lines": []}, "OrchestratorAgent._verify_required_stages": {"executed_lines": [], "summary": {"covered_lines": 0, "num_statements": 5, "percent_covered": 0.0, "percent_covered_display": "0", "missing_lines": 5, "excluded_lines": 0}, "missing_lines": [140, 141, 142, 143, 144], "excluded_lines": []}, "OrchestratorAgent._extract_metrics": {"executed_lines": [], "summary": {"covered_lines": 0, "num_statements": 10, "percent_covered": 0.0, "percent_covered_display": "0", "missing_lines": 10, "excluded_lines": 0}, "missing_lines": [156, 159, 160, 161, 164, 165, 167, 168, 169, 171], "excluded_lines": []}, "OrchestratorAgent._apply_decision_rules": {"executed_lines": [], "summary": {"covered_lines": 0, "num_statements": 13, "percent_covered": 0.0, "percent_covered_display": "0", "missing_lines": 13, "excluded_lines": 0}, "missing_lines": [188, 189, 190, 191, 194, 195, 196, 197, 198, 199, 202, 203, 206], "excluded_lines": []}, "OrchestratorAgent._get_claude_recommendation": {"executed_lines": [], "summary": {"covered_lines": 0, "num_statements": 26, "percent_covered": 0.0, "percent_covered_display": "0", "missing_lines": 26, "excluded_lines": 0}, "missing_lines": [220, 221, 222, 223, 225, 226, 227, 229, 230, 232, 233, 235, 236, 238, 278, 280, 281, 282, 285, 286, 287, 288, 290, 291, 292, 294], "excluded_lines": []}, "OrchestratorAgent._combine_decisions": {"executed_lines": [], "summary": {"covered_lines": 0, "num_statements": 10, "percent_covered": 0.0, "percent_covered_display": "0", "missing_lines": 10, "excluded_lines": 0}, "missing_lines": [312, 313, 316, 317, 318, 321, 322, 323, 326, 327], "excluded_lines": []}, "OrchestratorAgent._generate_reasoning": {"executed_lines": [], "summary": {"covered_lines": 0, "num_statements": 23, "percent_covered": 0.0, "percent_covered_display": "0", "missing_lines": 23, "excluded_lines": 0}, "missing_lines": [341, 342, 343, 346, 347, 348, 349, 350, 351, 352, 353, 354, 356, 358, 359, 360, 361, 362, 363, 366, 367, 368, 370], "excluded_lines": []}, "OrchestratorAgent._update_database": {"executed_lines": [], "summary": {"covered_lines": 0, "num_statements": 6, "percent_covered": 0.0, "percent_covered_display": "0", "missing_lines": 6, "excluded_lines": 0}, "missing_lines": [380, 383, 385, 388, 389, 390], "excluded_lines": []}, "OrchestratorAgent._decision_to_action": {"executed_lines": [], "summary": {"covered_lines": 0, "num_statements": 2, "percent_covered": 0.0, "percent_covered_display": "0", "missing_lines": 2, "excluded_lines": 0}, "missing_lines": [402, 403], "excluded_lines": []}, "": {"executed_lines": [], "summary": {"covered_lines": 0, "num_statements": 21, "percent_covered": 0.0, "percent_covered_display": "0", "missing_lines": 21, "excluded_lines": 0}, "missing_lines": [11, 12, 13, 15, 17, 20, 23, 24, 25, 28, 42, 43, 47, 130, 146, 173, 208, 296, 329, 372, 392], "excluded_lines": []}}, "classes": {"OrchestratorAgent": {"executed_lines": [], "summary": {"covered_lines": 0, "num_statements": 129, "percent_covered": 0.0, "percent_covered_display": "0", "missing_lines": 129, "excluded_lines": 0}, "missing_lines": [45, 57, 59, 61, 62, 63, 66, 67, 69, 70, 71, 74, 77, 80, 81, 82, 85, 88, 89, 92, 93, 96, 97, 100, 103, 115, 116, 118, 120, 122, 124, 125, 126, 128, 140, 141, 142, 143, 144, 156, 159, 160, 161, 164, 165, 167, 168, 169, 171, 188, 189, 190, 191, 194, 195, 196, 197, 198, 199, 202, 203, 206, 220, 221, 222, 223, 225, 226, 227, 229, 230, 232, 233, 235, 236, 238, 278, 280, 281, 282, 285, 286, 287, 288, 290, 291, 292, 294, 312, 313, 316, 317, 318, 321, 322, 323, 326, 327, 341, 342, 343, 346, 347, 348, 349, 350, 351, 352, 353, 354, 356, 358, 359, 360, 361, 362, 363, 366, 367, 368, 370, 380, 383, 385, 388, 389, 390, 402, 403], "excluded_lines": []}, "": {"executed_lines": [], "summary": {"covered_lines": 0, "num_statements": 21, "percent_covered": 0.0, "percent_covered_display": "0", "missing_lines": 21, "excluded_lines": 0}, "missing_lines": [11, 12, 13, 15, 17, 20, 23, 24, 25, 28, 42, 43, 47, 130, 146, 173, 208, 296, 329, 372, 392], "excluded_lines": []}}}, "app/agents/qa_agent.py": {"executed_lines": [], "summary": {"covered_lines": 0, "num_statements": 149, "percent_covered": 0.0, "percent_covered_display": "0", "missing_lines": 149, "excluded_lines": 0}, "missing_lines": [9, 10, 11, 12, 13, 15, 16, 18, 21, 40, 54, 56, 57, 58, 60, 61, 63, 65, 75, 77, 79, 80, 81, 84, 85, 87, 88, 89, 92, 95, 98, 99, 101, 102, 103, 105, 106, 107, 110, 111, 112, 113, 114, 115, 116, 117, 120, 121, 122, 123, 126, 127, 129, 130, 132, 135, 138, 141, 144, 147, 148, 149, 151, 152, 154, 156, 158, 160, 162, 163, 164, 166, 168, 170, 171, 173, 174, 175, 176, 177, 178, 179, 181, 183, 184, 185, 186, 187, 189, 191, 192, 194, 195, 196, 197, 198, 200, 202, 206, 208, 209, 212, 213, 216, 219, 220, 221, 223, 225, 227, 230, 231, 232, 235, 236, 237, 238, 239, 240, 241, 244, 245, 246, 248, 249, 250, 252, 254, 256, 296, 298, 299, 300, 303, 304, 305, 306, 307, 308, 309, 310, 312, 314, 315, 316, 317, 319, 322, 323], "excluded_lines": [], "functions": {"QAAgent.__init__": {"executed_lines": [], "summary": {"covered_lines": 0, "num_statements": 3, "percent_covered": 0.0, "percent_covered_display": "0", "missing_lines": 3, "excluded_lines": 0}, "missing_lines": [56, 57, 58], "excluded_lines": []}, "QAAgent.agent_name": {"executed_lines": [], "summary": {"covered_lines": 0, "num_statements": 1, "percent_covered": 0.0, "percent_covered_display": "0", "missing_lines": 1, "excluded_lines": 0}, "missing_lines": [63], "excluded_lines": []}, "QAAgent.process": {"executed_lines": [], "summary": {"covered_lines": 0, "num_statements": 54, "percent_covered": 0.0, "percent_covered_display": "0", "missing_lines": 54, "excluded_lines": 0}, "missing_lines": [75, 77, 79, 80, 81, 84, 85, 87, 88, 89, 92, 95, 98, 99, 101, 102, 103, 105, 106, 107, 110, 111, 112, 113, 114, 115, 116, 117, 120, 121, 122, 123, 126, 127, 129, 130, 132, 135, 138, 141, 144, 147, 148, 149, 151, 152, 154, 156, 158, 160, 162, 163, 164, 166], "excluded_lines": []}, "QAAgent._load_document": {"executed_lines": [], "summary": {"covered_lines": 0, "num_statements": 9, "percent_covered": 0.0, "percent_covered_display": "0", "missing_lines": 9, "excluded_lines": 0}, "missing_lines": [170, 171, 173, 174, 175, 176, 177, 178, 179], "excluded_lines": []}, "QAAgent._extract_text_from_document": {"executed_lines": [], "summary": {"covered_lines": 0, "num_statements": 5, "percent_covered": 0.0, "percent_covered_display": "0", "missing_lines": 5, "excluded_lines": 0}, "missing_lines": [183, 184, 185, 186, 187], "excluded_lines": []}, "QAAgent._check_australian_english": {"executed_lines": [], "summary": {"covered_lines": 0, "num_statements": 7, "percent_covered": 0.0, "percent_covered_display": "0", "missing_lines": 7, "excluded_lines": 0}, "missing_lines": [191, 192, 194, 195, 196, 197, 198], "excluded_lines": []}, "QAAgent._check_fabrication": {"executed_lines": [], "summary": {"covered_lines": 0, "num_statements": 11, "percent_covered": 0.0, "percent_covered_display": "0", "missing_lines": 11, "excluded_lines": 0}, "missing_lines": [202, 206, 208, 209, 212, 213, 216, 219, 220, 221, 223], "excluded_lines": []}, "QAAgent._check_contact_info": {"executed_lines": [], "summary": {"covered_lines": 0, "num_statements": 18, "percent_covered": 0.0, "percent_covered_display": "0", "missing_lines": 18, "excluded_lines": 0}, "missing_lines": [227, 230, 231, 232, 235, 236, 237, 238, 239, 240, 241, 244, 245, 246, 248, 249, 250, 252], "excluded_lines": []}, "QAAgent._analyze_with_claude": {"executed_lines": [], "summary": {"covered_lines": 0, "num_statements": 13, "percent_covered": 0.0, "percent_covered_display": "0", "missing_lines": 13, "excluded_lines": 0}, "missing_lines": [256, 296, 298, 299, 300, 303, 304, 305, 306, 307, 308, 309, 310], "excluded_lines": []}, "QAAgent._aggregate_issues": {"executed_lines": [], "summary": {"covered_lines": 0, "num_statements": 4, "percent_covered": 0.0, "percent_covered_display": "0", "missing_lines": 4, "excluded_lines": 0}, "missing_lines": [314, 315, 316, 317], "excluded_lines": []}, "QAAgent._should_pass": {"executed_lines": [], "summary": {"covered_lines": 0, "num_statements": 2, "percent_covered": 0.0, "percent_covered_display": "0", "missing_lines": 2, "excluded_lines": 0}, "missing_lines": [322, 323], "excluded_lines": []}, "": {"executed_lines": [], "summary": {"covered_lines": 0, "num_statements": 22, "percent_covered": 0.0, "percent_covered_display": "0", "missing_lines": 22, "excluded_lines": 0}, "missing_lines": [9, 10, 11, 12, 13, 15, 16, 18, 21, 40, 54, 60, 61, 65, 168, 181, 189, 200, 225, 254, 312, 319], "excluded_lines": []}}, "classes": {"QAAgent": {"executed_lines": [], "summary": {"covered_lines": 0, "num_statements": 127, "percent_covered": 0.0, "percent_covered_display": "0", "missing_lines": 127, "excluded_lines": 0}, "missing_lines": [56, 57, 58, 63, 75, 77, 79, 80, 81, 84, 85, 87, 88, 89, 92, 95, 98, 99, 101, 102, 103, 105, 106, 107, 110, 111, 112, 113, 114, 115, 116, 117, 120, 121, 122, 123, 126, 127, 129, 130, 132, 135, 138, 141, 144, 147, 148, 149, 151, 152, 154, 156, 158, 160, 162, 163, 164, 166, 170, 171, 173, 174, 175, 176, 177, 178, 179, 183, 184, 185, 186, 187, 191, 192, 194, 195, 196, 197, 198, 202, 206, 208, 209, 212, 213, 216, 219, 220, 221, 223, 227, 230, 231, 232, 235, 236, 237, 238, 239, 240, 241, 244, 245, 246, 248, 249, 250, 252, 256, 296, 298, 299, 300, 303, 304, 305, 306, 307, 308, 309, 310, 314, 315, 316, 317, 322, 323], "excluded_lines": []}, "": {"executed_lines": [], "summary": {"covered_lines": 0, "num_statements": 22, "percent_covered": 0.0, "percent_covered_display": "0", "missing_lines": 22, "excluded_lines": 0}, "missing_lines": [9, 10, 11, 12, 13, 15, 16, 18, 21, 40, 54, 60, 61, 65, 168, 181, 189, 200, 225, 254, 312, 319], "excluded_lines": []}}}, "app/agents/registry.py": {"executed_lines": [], "summary": {"covered_lines": 0, "num_statements": 35, "percent_covered": 0.0, "percent_covered_display": "0", "missing_lines": 35, "excluded_lines": 0}, "missing_lines": [11, 13, 15, 18, 37, 38, 40, 46, 47, 49, 50, 59, 60, 61, 62, 63, 64, 66, 77, 78, 80, 81, 83, 93, 95, 105, 106, 107, 108, 109, 110, 111, 112, 114, 123], "excluded_lines": [], "functions": {"AgentRegistry.__init__": {"executed_lines": [], "summary": {"covered_lines": 0, "num_statements": 2, "percent_covered": 0.0, "percent_covered_display": "0", "missing_lines": 2, "excluded_lines": 0}, "missing_lines": [46, 47], "excluded_lines": []}, "AgentRegistry.get_instance": {"executed_lines": [], "summary": {"covered_lines": 0, "num_statements": 6, "percent_covered": 0.0, "percent_covered_display": "0", "missing_lines": 6, "excluded_lines": 0}, "missing_lines": [59, 60, 61, 62, 63, 64], "excluded_lines": []}, "AgentRegistry.register": {"executed_lines": [], "summary": {"covered_lines": 0, "num_statements": 4, "percent_covered": 0.0, "percent_covered_display": "0", "missing_lines": 4, "excluded_lines": 0}, "missing_lines": [77, 78, 80, 81], "excluded_lines": []}, "AgentRegistry.get_agent_class": {"executed_lines": [], "summary": {"covered_lines": 0, "num_statements": 1, "percent_covered": 0.0, "percent_covered_display": "0", "missing_lines": 1, "excluded_lines": 0}, "missing_lines": [93], "excluded_lines": []}, "AgentRegistry.get_next_agent_name": {"executed_lines": [], "summary": {"covered_lines": 0, "num_statements": 8, "percent_covered": 0.0, "percent_covered_display": "0", "missing_lines": 8, "excluded_lines": 0}, "missing_lines": [105, 106, 107, 108, 109, 110, 111, 112], "excluded_lines": []}, "AgentRegistry.get_pipeline_order": {"executed_lines": [], "summary": {"covered_lines": 0, "num_statements": 1, "percent_covered": 0.0, "percent_covered_display": "0", "missing_lines": 1, "excluded_lines": 0}, "missing_lines": [123], "excluded_lines": []}, "": {"executed_lines": [], "summary": {"covered_lines": 0, "num_statements": 13, "percent_covered": 0.0, "percent_covered_display": "0", "missing_lines": 13, "excluded_lines": 0}, "missing_lines": [11, 13, 15, 18, 37, 38, 40, 49, 50, 66, 83, 95, 114], "excluded_lines": []}}, "classes": {"AgentRegistry": {"executed_lines": [], "summary": {"covered_lines": 0, "num_statements": 22, "percent_covered": 0.0, "percent_covered_display": "0", "missing_lines": 22, "excluded_lines": 0}, "missing_lines": [46, 47, 59, 60, 61, 62, 63, 64, 77, 78, 80, 81, 93, 105, 106, 107, 108, 109, 110, 111, 112, 123], "excluded_lines": []}, "": {"executed_lines": [], "summary": {"covered_lines": 0, "num_statements": 13, "percent_covered": 0.0, "percent_covered_display": "0", "missing_lines": 13, "excluded_lines": 0}, "missing_lines": [11, 13, 15, 18, 37, 38, 40, 49, 50, 66, 83, 95, 114], "excluded_lines": []}}}, "app/agents/salary_validator_agent.py": {"executed_lines": [], "summary": {"covered_lines": 0, "num_statements": 118, "percent_covered": 0.0, "percent_covered_display": "0", "missing_lines": 118, "excluded_lines": 0}, "missing_lines": [10, 11, 12, 13, 14, 16, 17, 19, 22, 37, 46, 47, 49, 50, 52, 54, 68, 70, 72, 73, 74, 77, 78, 80, 81, 82, 85, 88, 91, 92, 94, 95, 96, 97, 98, 101, 102, 103, 104, 106, 107, 108, 111, 112, 114, 116, 119, 122, 125, 136, 139, 141, 143, 145, 146, 147, 149, 151, 161, 162, 164, 166, 167, 168, 170, 172, 174, 175, 177, 178, 179, 181, 197, 198, 200, 202, 205, 206, 207, 210, 212, 213, 214, 216, 234, 235, 256, 258, 261, 262, 264, 265, 266, 268, 278, 280, 281, 282, 283, 284, 285, 286, 287, 289, 290, 292, 293, 294, 296, 308, 309, 311, 323, 324, 326, 327, 329, 330], "excluded_lines": [], "functions": {"SalaryValidatorAgent.__init__": {"executed_lines": [], "summary": {"covered_lines": 0, "num_statements": 2, "percent_covered": 0.0, "percent_covered_display": "0", "missing_lines": 2, "excluded_lines": 0}, "missing_lines": [46, 47], "excluded_lines": []}, "SalaryValidatorAgent.agent_name": {"executed_lines": [], "summary": {"covered_lines": 0, "num_statements": 1, "percent_covered": 0.0, "percent_covered_display": "0", "missing_lines": 1, "excluded_lines": 0}, "missing_lines": [52], "excluded_lines": []}, "SalaryValidatorAgent.process": {"executed_lines": [], "summary": {"covered_lines": 0, "num_statements": 41, "percent_covered": 0.0, "percent_covered_display": "0", "missing_lines": 41, "excluded_lines": 0}, "missing_lines": [68, 70, 72, 73, 74, 77, 78, 80, 81, 82, 85, 88, 91, 92, 94, 95, 96, 97, 98, 101, 102, 103, 104, 106, 107, 108, 111, 112, 114, 116, 119, 122, 125, 136, 139, 141, 143, 145, 146, 147, 149], "excluded_lines": []}, "SalaryValidatorAgent._load_salary_expectations": {"executed_lines": [], "summary": {"covered_lines": 0, "num_statements": 13, "percent_covered": 0.0, "percent_covered_display": "0", "missing_lines": 13, "excluded_lines": 0}, "missing_lines": [161, 162, 164, 166, 167, 168, 170, 172, 174, 175, 177, 178, 179], "excluded_lines": []}, "SalaryValidatorAgent._extract_from_structured_field": {"executed_lines": [], "summary": {"covered_lines": 0, "num_statements": 11, "percent_covered": 0.0, "percent_covered_display": "0", "missing_lines": 11, "excluded_lines": 0}, "missing_lines": [197, 198, 200, 202, 205, 206, 207, 210, 212, 213, 214], "excluded_lines": []}, "SalaryValidatorAgent._extract_from_description": {"executed_lines": [], "summary": {"covered_lines": 0, "num_statements": 9, "percent_covered": 0.0, "percent_covered_display": "0", "missing_lines": 9, "excluded_lines": 0}, "missing_lines": [234, 235, 256, 258, 261, 262, 264, 265, 266], "excluded_lines": []}, "SalaryValidatorAgent._parse_salary_extraction_response": {"executed_lines": [], "summary": {"covered_lines": 0, "num_statements": 14, "percent_covered": 0.0, "percent_covered_display": "0", "missing_lines": 14, "excluded_lines": 0}, "missing_lines": [278, 280, 281, 282, 283, 284, 285, 286, 287, 289, 290, 292, 293, 294], "excluded_lines": []}, "SalaryValidatorAgent._convert_annual_to_daily": {"executed_lines": [], "summary": {"covered_lines": 0, "num_statements": 2, "percent_covered": 0.0, "percent_covered_display": "0", "missing_lines": 2, "excluded_lines": 0}, "missing_lines": [308, 309], "excluded_lines": []}, "SalaryValidatorAgent._validate_threshold": {"executed_lines": [], "summary": {"covered_lines": 0, "num_statements": 6, "percent_covered": 0.0, "percent_covered_display": "0", "missing_lines": 6, "excluded_lines": 0}, "missing_lines": [323, 324, 326, 327, 329, 330], "excluded_lines": []}, "": {"executed_lines": [], "summary": {"covered_lines": 0, "num_statements": 19, "percent_covered": 0.0, "percent_covered_display": "0", "missing_lines": 19, "excluded_lines": 0}, "missing_lines": [10, 11, 12, 13, 14, 16, 17, 19, 22, 37, 49, 50, 54, 151, 181, 216, 268, 296, 311], "excluded_lines": []}}, "classes": {"SalaryValidatorAgent": {"executed_lines": [], "summary": {"covered_lines": 0, "num_statements": 99, "percent_covered": 0.0, "percent_covered_display": "0", "missing_lines": 99, "excluded_lines": 0}, "missing_lines": [46, 47, 52, 68, 70, 72, 73, 74, 77, 78, 80, 81, 82, 85, 88, 91, 92, 94, 95, 96, 97, 98, 101, 102, 103, 104, 106, 107, 108, 111, 112, 114, 116, 119, 122, 125, 136, 139, 141, 143, 145, 146, 147, 149, 161, 162, 164, 166, 167, 168, 170, 172, 174, 175, 177, 178, 179, 197, 198, 200, 202, 205, 206, 207, 210, 212, 213, 214, 234, 235, 256, 258, 261, 262, 264, 265, 266, 278, 280, 281, 282, 283, 284, 285, 286, 287, 289, 290, 292, 293, 294, 308, 309, 323, 324, 326, 327, 329, 330], "excluded_lines": []}, "": {"executed_lines": [], "summary": {"covered_lines": 0, "num_statements": 19, "percent_covered": 0.0, "percent_covered_display": "0", "missing_lines": 19, "excluded_lines": 0}, "missing_lines": [10, 11, 12, 13, 14, 16, 17, 19, 22, 37, 49, 50, 54, 151, 181, 216, 268, 296, 311], "excluded_lines": []}}}, "app/config/__init__.py": {"executed_lines": [], "summary": {"covered_lines": 0, "num_statements": 2, "percent_covered": 0.0, "percent_covered_display": "0", "missing_lines": 2, "excluded_lines": 0}, "missing_lines": [8, 10], "excluded_lines": [], "functions": {"": {"executed_lines": [], "summary": {"covered_lines": 0, "num_statements": 2, "percent_covered": 0.0, "percent_covered_display": "0", "missing_lines": 2, "excluded_lines": 0}, "missing_lines": [8, 10], "excluded_lines": []}}, "classes": {"": {"executed_lines": [], "summary": {"covered_lines": 0, "num_statements": 2, "percent_covered": 0.0, "percent_covered_display": "0", "missing_lines": 2, "excluded_lines": 0}, "missing_lines": [8, 10], "excluded_lines": []}}}, "app/config/loader.py": {"executed_lines": [], "summary": {"covered_lines": 0, "num_statements": 55, "percent_covered": 0.0, "percent_covered_display": "0", "missing_lines": 55, "excluded_lines": 0}, "missing_lines": [8, 9, 10, 12, 13, 16, 19, 21, 23, 24, 25, 26, 28, 30, 31, 33, 34, 35, 36, 37, 39, 40, 42, 50, 51, 53, 67, 69, 70, 71, 72, 74, 75, 76, 78, 79, 81, 82, 84, 85, 86, 87, 89, 90, 91, 92, 94, 100, 101, 102, 103, 104, 105, 108, 120], "excluded_lines": [], "functions": {"Config.__new__": {"executed_lines": [], "summary": {"covered_lines": 0, "num_statements": 4, "percent_covered": 0.0, "percent_covered_display": "0", "missing_lines": 4, "excluded_lines": 0}, "missing_lines": [23, 24, 25, 26], "excluded_lines": []}, "Config.__init__": {"executed_lines": [], "summary": {"covered_lines": 0, "num_statements": 9, "percent_covered": 0.0, "percent_covered_display": "0", "missing_lines": 9, "excluded_lines": 0}, "missing_lines": [30, 31, 33, 34, 35, 36, 37, 39, 40], "excluded_lines": []}, "Config._get_config_path": {"executed_lines": [], "summary": {"covered_lines": 0, "num_statements": 2, "percent_covered": 0.0, "percent_covered_display": "0", "missing_lines": 2, "excluded_lines": 0}, "missing_lines": [50, 51], "excluded_lines": []}, "Config.load_yaml": {"executed_lines": [], "summary": {"covered_lines": 0, "num_statements": 20, "percent_covered": 0.0, "percent_covered_display": "0", "missing_lines": 20, "excluded_lines": 0}, "missing_lines": [67, 69, 70, 71, 72, 74, 75, 76, 78, 79, 81, 82, 84, 85, 86, 87, 89, 90, 91, 92], "excluded_lines": []}, "Config.reload": {"executed_lines": [], "summary": {"covered_lines": 0, "num_statements": 6, "percent_covered": 0.0, "percent_covered_display": "0", "missing_lines": 6, "excluded_lines": 0}, "missing_lines": [100, 101, 102, 103, 104, 105], "excluded_lines": []}, "get_config": {"executed_lines": [], "summary": {"covered_lines": 0, "num_statements": 1, "percent_covered": 0.0, "percent_covered_display": "0", "missing_lines": 1, "excluded_lines": 0}, "missing_lines": [120], "excluded_lines": []}, "": {"executed_lines": [], "summary": {"covered_lines": 0, "num_statements": 13, "percent_covered": 0.0, "percent_covered_display": "0", "missing_lines": 13, "excluded_lines": 0}, "missing_lines": [8, 9, 10, 12, 13, 16, 19, 21, 28, 42, 53, 94, 108], "excluded_lines": []}}, "classes": {"Config": {"executed_lines": [], "summary": {"covered_lines": 0, "num_statements": 41, "percent_covered": 0.0, "percent_covered_display": "0", "missing_lines": 41, "excluded_lines": 0}, "missing_lines": [23, 24, 25, 26, 30, 31, 33, 34, 35, 36, 37, 39, 40, 50, 51, 67, 69, 70, 71, 72, 74, 75, 76, 78, 79, 81, 82, 84, 85, 86, 87, 89, 90, 91, 92, 100, 101, 102, 103, 104, 105], "excluded_lines": []}, "": {"executed_lines": [], "summary": {"covered_lines": 0, "num_statements": 14, "percent_covered": 0.0, "percent_covered_display": "0", "missing_lines": 14, "excluded_lines": 0}, "missing_lines": [8, 9, 10, 12, 13, 16, 19, 21, 28, 42, 53, 94, 108, 120], "excluded_lines": []}}}, "app/config/models.py": {"executed_lines": [], "summary": {"covered_lines": 0, "num_statements": 44, "percent_covered": 0.0, "percent_covered_display": "0", "missing_lines": 44, "excluded_lines": 0}, "missing_lines": [7, 9, 12, 15, 16, 17, 20, 23, 24, 25, 28, 31, 32, 33, 36, 39, 40, 41, 43, 44, 45, 47, 48, 49, 51, 52, 53, 55, 56, 57, 60, 63, 64, 65, 66, 67, 68, 71, 74, 75, 76, 77, 80, 83], "excluded_lines": [], "functions": {"SalaryExpectationsConfig.target_ge_minimum": {"executed_lines": [], "summary": {"covered_lines": 0, "num_statements": 3, "percent_covered": 0.0, "percent_covered_display": "0", "missing_lines": 3, "excluded_lines": 0}, "missing_lines": [47, 48, 49], "excluded_lines": []}, "SalaryExpectationsConfig.maximum_ge_target": {"executed_lines": [], "summary": {"covered_lines": 0, "num_statements": 3, "percent_covered": 0.0, "percent_covered_display": "0", "missing_lines": 3, "excluded_lines": 0}, "missing_lines": [55, 56, 57], "excluded_lines": []}, "": {"executed_lines": [], "summary": {"covered_lines": 0, "num_statements": 38, "percent_covered": 0.0, "percent_covered_display": "0", "missing_lines": 38, "excluded_lines": 0}, "missing_lines": [7, 9, 12, 15, 16, 17, 20, 23, 24, 25, 28, 31, 32, 33, 36, 39, 40, 41, 43, 44, 45, 51, 52, 53, 60, 63, 64, 65, 66, 67, 68, 71, 74, 75, 76, 77, 80, 83], "excluded_lines": []}}, "classes": {"LocationsConfig": {"executed_lines": [], "summary": {"covered_lines": 0, "num_statements": 0, "percent_covered": 100.0, "percent_covered_display": "100", "missing_lines": 0, "excluded_lines": 0}, "missing_lines": [], "excluded_lines": []}, "KeywordsConfig": {"executed_lines": [], "summary": {"covered_lines": 0, "num_statements": 0, "percent_covered": 100.0, "percent_covered_display": "100", "missing_lines": 0, "excluded_lines": 0}, "missing_lines": [], "excluded_lines": []}, "TechnologiesConfig": {"executed_lines": [], "summary": {"covered_lines": 0, "num_statements": 0, "percent_covered": 100.0, "percent_covered_display": "100", "missing_lines": 0, "excluded_lines": 0}, "missing_lines": [], "excluded_lines": []}, "SalaryExpectationsConfig": {"executed_lines": [], "summary": {"covered_lines": 0, "num_statements": 6, "percent_covered": 0.0, "percent_covered_display": "0", "missing_lines": 6, "excluded_lines": 0}, "missing_lines": [47, 48, 49, 55, 56, 57], "excluded_lines": []}, "SearchConfig": {"executed_lines": [], "summary": {"covered_lines": 0, "num_statements": 0, "percent_covered": 100.0, "percent_covered_display": "100", "missing_lines": 0, "excluded_lines": 0}, "missing_lines": [], "excluded_lines": []}, "ScoringWeightsConfig": {"executed_lines": [], "summary": {"covered_lines": 0, "num_statements": 0, "percent_covered": 100.0, "percent_covered_display": "100", "missing_lines": 0, "excluded_lines": 0}, "missing_lines": [], "excluded_lines": []}, "AgentConfigBase": {"executed_lines": [], "summary": {"covered_lines": 0, "num_statements": 0, "percent_covered": 100.0, "percent_covered_display": "100", "missing_lines": 0, "excluded_lines": 0}, "missing_lines": [], "excluded_lines": []}, "": {"executed_lines": [], "summary": {"covered_lines": 0, "num_statements": 38, "percent_covered": 0.0, "percent_covered_display": "0", "missing_lines": 38, "excluded_lines": 0}, "missing_lines": [7, 9, 12, 15, 16, 17, 20, 23, 24, 25, 28, 31, 32, 33, 36, 39, 40, 41, 43, 44, 45, 51, 52, 53, 60, 63, 64, 65, 66, 67, 68, 71, 74, 75, 76, 77, 80, 83], "excluded_lines": []}}}, "app/main.py": {"executed_lines": [], "summary": {"covered_lines": 0, "num_statements": 102, "percent_covered": 0.0, "percent_covered_display": "0", "missing_lines": 102, "excluded_lines": 0}, "missing_lines": [8, 9, 10, 12, 13, 14, 15, 18, 19, 22, 23, 24, 25, 27, 30, 31, 42, 43, 44, 47, 48, 50, 51, 52, 53, 55, 58, 62, 73, 74, 77, 78, 85, 87, 88, 89, 90, 91, 92, 93, 94, 96, 98, 99, 102, 103, 110, 113, 114, 121, 122, 124, 126, 129, 130, 142, 145, 147, 148, 149, 151, 152, 153, 155, 158, 159, 169, 171, 173, 174, 176, 177, 179, 182, 183, 195, 198, 200, 201, 202, 204, 205, 206, 208, 211, 212, 222, 224, 226, 227, 229, 230, 232, 244, 250, 252, 253, 254, 256, 258, 261, 262], "excluded_lines": [], "functions": {"lifespan": {"executed_lines": [], "summary": {"covered_lines": 0, "num_statements": 11, "percent_covered": 0.0, "percent_covered_display": "0", "missing_lines": 11, "excluded_lines": 0}, "missing_lines": [42, 43, 44, 47, 48, 50, 51, 52, 53, 55, 58], "excluded_lines": []}, "health_check": {"executed_lines": [], "summary": {"covered_lines": 0, "num_statements": 12, "percent_covered": 0.0, "percent_covered_display": "0", "missing_lines": 12, "excluded_lines": 0}, "missing_lines": [85, 87, 88, 89, 90, 91, 92, 93, 94, 96, 98, 99], "excluded_lines": []}, "root": {"executed_lines": [], "summary": {"covered_lines": 0, "num_statements": 1, "percent_covered": 0.0, "percent_covered_display": "0", "missing_lines": 1, "excluded_lines": 0}, "missing_lines": [110], "excluded_lines": []}, "get_configuration": {"executed_lines": [], "summary": {"covered_lines": 0, "num_statements": 4, "percent_covered": 0.0, "percent_covered_display": "0", "missing_lines": 4, "excluded_lines": 0}, "missing_lines": [121, 122, 124, 126], "excluded_lines": []}, "list_jobs": {"executed_lines": [], "summary": {"covered_lines": 0, "num_statements": 9, "percent_covered": 0.0, "percent_covered_display": "0", "missing_lines": 9, "excluded_lines": 0}, "missing_lines": [142, 145, 147, 148, 149, 151, 152, 153, 155], "excluded_lines": []}, "get_job": {"executed_lines": [], "summary": {"covered_lines": 0, "num_statements": 7, "percent_covered": 0.0, "percent_covered_display": "0", "missing_lines": 7, "excluded_lines": 0}, "missing_lines": [169, 171, 173, 174, 176, 177, 179], "excluded_lines": []}, "list_applications": {"executed_lines": [], "summary": {"covered_lines": 0, "num_statements": 9, "percent_covered": 0.0, "percent_covered_display": "0", "missing_lines": 9, "excluded_lines": 0}, "missing_lines": [195, 198, 200, 201, 202, 204, 205, 206, 208], "excluded_lines": []}, "get_application": {"executed_lines": [], "summary": {"covered_lines": 0, "num_statements": 7, "percent_covered": 0.0, "percent_covered_display": "0", "missing_lines": 7, "excluded_lines": 0}, "missing_lines": [222, 224, 226, 227, 229, 230, 232], "excluded_lines": []}, "start": {"executed_lines": [], "summary": {"covered_lines": 0, "num_statements": 6, "percent_covered": 0.0, "percent_covered_display": "0", "missing_lines": 6, "excluded_lines": 0}, "missing_lines": [250, 252, 253, 254, 256, 258], "excluded_lines": []}, "": {"executed_lines": [], "summary": {"covered_lines": 0, "num_statements": 36, "percent_covered": 0.0, "percent_covered_display": "0", "missing_lines": 36, "excluded_lines": 0}, "missing_lines": [8, 9, 10, 12, 13, 14, 15, 18, 19, 22, 23, 24, 25, 27, 30, 31, 62, 73, 74, 77, 78, 102, 103, 113, 114, 129, 130, 158, 159, 182, 183, 211, 212, 244, 261, 262], "excluded_lines": []}}, "classes": {"": {"executed_lines": [], "summary": {"covered_lines": 0, "num_statements": 102, "percent_covered": 0.0, "percent_covered_display": "0", "missing_lines": 102, "excluded_lines": 0}, "missing_lines": [8, 9, 10, 12, 13, 14, 15, 18, 19, 22, 23, 24, 25, 27, 30, 31, 42, 43, 44, 47, 48, 50, 51, 52, 53, 55, 58, 62, 73, 74, 77, 78, 85, 87, 88, 89, 90, 91, 92, 93, 94, 96, 98, 99, 102, 103, 110, 113, 114, 121, 122, 124, 126, 129, 130, 142, 145, 147, 148, 149, 151, 152, 153, 155, 158, 159, 169, 171, 173, 174, 176, 177, 179, 182, 183, 195, 198, 200, 201, 202, 204, 205, 206, 208, 211, 212, 222, 224, 226, 227, 229, 230, 232, 244, 250, 252, 253, 254, 256, 258, 261, 262], "excluded_lines": []}}}, "app/models/__init__.py": {"executed_lines": [1, 3, 4, 6], "summary": {"covered_lines": 3, "num_statements": 3, "percent_covered": 100.0, "percent_covered_display": "100", "missing_lines": 0, "excluded_lines": 0}, "missing_lines": [], "excluded_lines": [], "functions": {"": {"executed_lines": [1, 3, 4, 6], "summary": {"covered_lines": 3, "num_statements": 3, "percent_covered": 100.0, "percent_covered_display": "100", "missing_lines": 0, "excluded_lines": 0}, "missing_lines": [], "excluded_lines": []}}, "classes": {"": {"executed_lines": [1, 3, 4, 6], "summary": {"covered_lines": 3, "num_statements": 3, "percent_covered": 100.0, "percent_covered_display": "100", "missing_lines": 0, "excluded_lines": 0}, "missing_lines": [], "excluded_lines": []}}}, "app/models/application.py": {"executed_lines": [1, 7, 8, 9, 10, 11, 14, 15, 16, 38, 39, 40, 41, 42, 43, 44, 45, 46, 47, 48, 49, 50, 51, 53, 77, 78, 108, 121], "summary": {"covered_lines": 26, "num_statements": 37, "percent_covered": 70.27027027027027, "percent_covered_display": "70", "missing_lines": 11, "excluded_lines": 0}, "missing_lines": [60, 88, 89, 91, 116, 117, 118, 119, 130, 131, 132], "excluded_lines": [], "functions": {"Application.to_dict": {"executed_lines": [], "summary": {"covered_lines": 0, "num_statements": 1, "percent_covered": 0.0, "percent_covered_display": "0", "missing_lines": 1, "excluded_lines": 0}, "missing_lines": [60], "excluded_lines": []}, "Application.from_db_row": {"executed_lines": [], "summary": {"covered_lines": 0, "num_statements": 3, "percent_covered": 0.0, "percent_covered_display": "0", "missing_lines": 3, "excluded_lines": 0}, "missing_lines": [88, 89, 91], "excluded_lines": []}, "Application.add_completed_stage": {"executed_lines": [], "summary": {"covered_lines": 0, "num_statements": 4, "percent_covered": 0.0, "percent_covered_display": "0", "missing_lines": 4, "excluded_lines": 0}, "missing_lines": [116, 117, 118, 119], "excluded_lines": []}, "Application.set_error": {"executed_lines": [], "summary": {"covered_lines": 0, "num_statements": 3, "percent_covered": 0.0, "percent_covered_display": "0", "missing_lines": 3, "excluded_lines": 0}, "missing_lines": [130, 131, 132], "excluded_lines": []}, "": {"executed_lines": [1, 7, 8, 9, 10, 11, 14, 15, 16, 38, 39, 40, 41, 42, 43, 44, 45, 46, 47, 48, 49, 50, 51, 53, 77, 78, 108, 121], "summary": {"covered_lines": 26, "num_statements": 26, "percent_covered": 100.0, "percent_covered_display": "100", "missing_lines": 0, "excluded_lines": 0}, "missing_lines": [], "excluded_lines": []}}, "classes": {"Application": {"executed_lines": [], "summary": {"covered_lines": 0, "num_statements": 11, "percent_covered": 0.0, "percent_covered_display": "0", "missing_lines": 11, "excluded_lines": 0}, "missing_lines": [60, 88, 89, 91, 116, 117, 118, 119, 130, 131, 132], "excluded_lines": []}, "": {"executed_lines": [1, 7, 8, 9, 10, 11, 14, 15, 16, 38, 39, 40, 41, 42, 43, 44, 45, 46, 47, 48, 49, 50, 51, 53, 77, 78, 108, 121], "summary": {"covered_lines": 26, "num_statements": 26, "percent_covered": 100.0, "percent_covered_display": "100", "missing_lines": 0, "excluded_lines": 0}, "missing_lines": [], "excluded_lines": []}}}, "app/models/job.py": {"executed_lines": [1, 7, 8, 9, 10, 11, 14, 15, 16, 35, 36, 37, 38, 39, 40, 41, 42, 43, 44, 45, 46, 47, 49, 72, 73], "summary": {"covered_lines": 23, "num_statements": 27, "percent_covered": 85.18518518518519, "percent_covered_display": "85", "missing_lines": 4, "excluded_lines": 0}, "missing_lines": [56, 83, 84, 86], "excluded_lines": [], "functions": {"Job.to_dict": {"executed_lines": [], "summary": {"covered_lines": 0, "num_statements": 1, "percent_covered": 0.0, "percent_covered_display": "0", "missing_lines": 1, "excluded_lines": 0}, "missing_lines": [56], "excluded_lines": []}, "Job.from_db_row": {"executed_lines": [], "summary": {"covered_lines": 0, "num_statements": 3, "percent_covered": 0.0, "percent_covered_display": "0", "missing_lines": 3, "excluded_lines": 0}, "missing_lines": [83, 84, 86], "excluded_lines": []}, "": {"executed_lines": [1, 7, 8, 9, 10, 11, 14, 15, 16, 35, 36, 37, 38, 39, 40, 41, 42, 43, 44, 45, 46, 47, 49, 72, 73], "summary": {"covered_lines": 23, "num_statements": 23, "percent_covered": 100.0, "percent_covered_display": "100", "missing_lines": 0, "excluded_lines": 0}, "missing_lines": [], "excluded_lines": []}}, "classes": {"Job": {"executed_lines": [], "summary": {"covered_lines": 0, "num_statements": 4, "percent_covered": 0.0, "percent_covered_display": "0", "missing_lines": 4, "excluded_lines": 0}, "missing_lines": [56, 83, 84, 86], "excluded_lines": []}, "": {"executed_lines": [1, 7, 8, 9, 10, 11, 14, 15, 16, 35, 36, 37, 38, 39, 40, 41, 42, 43, 44, 45, 46, 47, 49, 72, 73], "summary": {"covered_lines": 23, "num_statements": 23, "percent_covered": 100.0, "percent_covered_display": "100", "missing_lines": 0, "excluded_lines": 0}, "missing_lines": [], "excluded_lines": []}}}, "app/pollers/__init__.py": {"executed_lines": [1, 7, 8, 9, 11], "summary": {"covered_lines": 4, "num_statements": 4, "percent_covered": 100.0, "percent_covered_display": "100", "missing_lines": 0, "excluded_lines": 0}, "missing_lines": [], "excluded_lines": [], "functions": {"": {"executed_lines": [1, 7, 8, 9, 11], "summary": {"covered_lines": 4, "num_statements": 4, "percent_covered": 100.0, "percent_covered_display": "100", "missing_lines": 0, "excluded_lines": 0}, "missing_lines": [], "excluded_lines": []}}, "classes": {"": {"executed_lines": [1, 7, 8, 9, 11], "summary": {"covered_lines": 4, "num_statements": 4, "percent_covered": 100.0, "percent_covered_display": "100", "missing_lines": 0, "excluded_lines": 0}, "missing_lines": [], "excluded_lines": []}}}, "app/pollers/indeed_poller.py": {"executed_lines": [1, 7, 8, 9, 10, 11, 12, 13, 15, 16, 17, 19, 20, 21, 22, 23, 26, 27, 33, 42, 43, 44, 47, 48, 51, 52, 53, 56, 57, 60, 63, 66, 68, 70, 86, 87, 89, 92, 93, 95, 97, 98, 99, 102, 105, 107, 108, 111, 113, 114, 116, 118, 119, 122, 124, 128, 134, 150, 151, 153, 154, 157, 158, 159, 160, 161, 164, 165, 168, 169, 170, 171, 173, 176, 178, 179, 180, 182, 194, 197, 200, 203, 204, 206, 208, 218, 220, 222, 223, 225, 239, 242, 245, 246, 247, 249, 251, 264, 266, 267, 268, 269, 270, 271, 272, 273, 274, 276, 279, 280, 283, 295, 296, 299, 301, 302, 304, 305, 306, 309, 310, 311, 312, 313, 314, 316, 318, 321, 322, 323, 324, 327, 330, 333, 334, 335, 338, 340, 351, 357, 359, 370, 371, 372, 375, 376, 377, 380, 383, 386, 399, 400, 402, 412, 413, 414, 415, 416, 417, 419, 429, 431, 432, 435, 436, 437, 438, 439, 440, 443, 445, 446, 447, 448, 450, 451, 452, 454, 463, 464, 465, 467, 469, 470, 473, 474, 475, 478, 479, 480, 481, 483, 484, 485, 488, 489, 491, 493, 494, 495, 497, 498, 500, 501, 502, 503, 505, 508, 509, 511, 514, 515, 516, 517, 520, 521, 522, 524, 525, 526, 530, 531, 539, 541, 549, 552, 555, 556, 558, 559, 561, 564, 568, 569, 571, 573, 575, 577, 578, 580, 582, 584, 591, 593, 595], "summary": {"covered_lines": 243, "num_statements": 256, "percent_covered": 94.921875, "percent_covered_display": "95", "missing_lines": 13, "excluded_lines": 0}, "missing_lines": [130, 131, 132, 281, 353, 354, 355, 535, 536, 537, 550, 565, 566], "excluded_lines": [], "functions": {"IndeedPoller.__init__": {"executed_lines": [42, 43, 44, 47, 48, 51, 52, 53, 56, 57, 60, 63, 66, 68], "summary": {"covered_lines": 14, "num_statements": 14, "percent_covered": 100.0, "percent_covered_display": "100", "missing_lines": 0, "excluded_lines": 0}, "missing_lines": [], "excluded_lines": []}, "IndeedPoller._parse_indeed_salary": {"executed_lines": [86, 87, 89, 92, 93, 95, 97, 98, 99, 102, 105, 107, 108, 111, 113, 114, 116, 118, 119, 122, 124, 128], "summary": {"covered_lines": 22, "num_statements": 25, "percent_covered": 88.0, "percent_covered_display": "88", "missing_lines": 3, "excluded_lines": 0}, "missing_lines": [130, 131, 132], "excluded_lines": []}, "IndeedPoller._parse_posting_date": {"executed_lines": [150, 151, 153, 154, 157, 158, 159, 160, 161, 164, 165, 168, 169, 170, 171, 173, 176, 178, 179, 180], "summary": {"covered_lines": 20, "num_statements": 20, "percent_covered": 100.0, "percent_covered_display": "100", "missing_lines": 0, "excluded_lines": 0}, "missing_lines": [], "excluded_lines": []}, "IndeedPoller._build_search_url": {"executed_lines": [194, 197, 200, 203, 204, 206], "summary": {"covered_lines": 6, "num_statements": 6, "percent_covered": 100.0, "percent_covered_display": "100", "missing_lines": 0, "excluded_lines": 0}, "missing_lines": [], "excluded_lines": []}, "IndeedPoller._build_job_detail_url": {"executed_lines": [218], "summary": {"covered_lines": 1, "num_statements": 1, "percent_covered": 100.0, "percent_covered_display": "100", "missing_lines": 0, "excluded_lines": 0}, "missing_lines": [], "excluded_lines": []}, "IndeedPoller._add_random_delay": {"executed_lines": [222, 223], "summary": {"covered_lines": 2, "num_statements": 2, "percent_covered": 100.0, "percent_covered_display": "100", "missing_lines": 0, "excluded_lines": 0}, "missing_lines": [], "excluded_lines": []}, "IndeedPoller._fetch_page": {"executed_lines": [239, 242, 245, 246, 247, 249], "summary": {"covered_lines": 6, "num_statements": 6, "percent_covered": 100.0, "percent_covered_display": "100", "missing_lines": 0, "excluded_lines": 0}, "missing_lines": [], "excluded_lines": []}, "IndeedPoller._fetch_page_with_retry": {"executed_lines": [264, 266, 267, 268, 269, 270, 271, 272, 273, 274, 276, 279, 280], "summary": {"covered_lines": 13, "num_statements": 14, "percent_covered": 92.85714285714286, "percent_covered_display": "93", "missing_lines": 1, "excluded_lines": 0}, "missing_lines": [281], "excluded_lines": []}, "IndeedPoller._parse_job_listings": {"executed_lines": [295, 296, 299, 301, 302, 304, 305, 306, 309, 310, 311, 312, 313, 314, 316, 318, 321, 322, 323, 324, 327, 330, 333, 334, 335, 338, 340, 351, 357], "summary": {"covered_lines": 29, "num_statements": 32, "percent_covered": 90.625, "percent_covered_display": "91", "missing_lines": 3, "excluded_lines": 0}, "missing_lines": [353, 354, 355], "excluded_lines": []}, "IndeedPoller.extract_job_metadata": {"executed_lines": [370, 371, 372, 375, 376, 377, 380, 383, 386, 399, 400], "summary": {"covered_lines": 11, "num_statements": 11, "percent_covered": 100.0, "percent_covered_display": "100", "missing_lines": 0, "excluded_lines": 0}, "missing_lines": [], "excluded_lines": []}, "IndeedPoller.is_duplicate": {"executed_lines": [412, 413, 414, 415, 416, 417], "summary": {"covered_lines": 6, "num_statements": 6, "percent_covered": 100.0, "percent_covered_display": "100", "missing_lines": 0, "excluded_lines": 0}, "missing_lines": [], "excluded_lines": []}, "IndeedPoller.store_job": {"executed_lines": [429, 431, 432, 435, 436, 437, 438, 439, 440, 443, 445, 446, 447, 448, 450, 451, 452], "summary": {"covered_lines": 17, "num_statements": 17, "percent_covered": 100.0, "percent_covered_display": "100", "missing_lines": 0, "excluded_lines": 0}, "missing_lines": [], "excluded_lines": []}, "IndeedPoller.run_once": {"executed_lines": [463, 464, 465, 467, 469, 470, 473, 474, 475, 478, 479, 480, 481, 483, 484, 485, 488, 489, 491, 493, 494, 495, 497, 498, 500, 501, 502, 503, 505, 508, 509, 511, 514, 515, 516, 517, 520, 521, 522, 524, 525, 526, 530, 531, 539], "summary": {"covered_lines": 45, "num_statements": 48, "percent_covered": 93.75, "percent_covered_display": "94", "missing_lines": 3, "excluded_lines": 0}, "missing_lines": [535, 536, 537], "excluded_lines": []}, "IndeedPoller.run_continuously": {"executed_lines": [549, 552, 555, 556, 558, 559, 561, 564, 568, 569, 571, 573], "summary": {"covered_lines": 12, "num_statements": 15, "percent_covered": 80.0, "percent_covered_display": "80", "missing_lines": 3, "excluded_lines": 0}, "missing_lines": [550, 565, 566], "excluded_lines": []}, "IndeedPoller._handle_shutdown": {"executed_lines": [577, 578], "summary": {"covered_lines": 2, "num_statements": 2, "percent_covered": 100.0, "percent_covered_display": "100", "missing_lines": 0, "excluded_lines": 0}, "missing_lines": [], "excluded_lines": []}, "IndeedPoller.shutdown": {"executed_lines": [582], "summary": {"covered_lines": 1, "num_statements": 1, "percent_covered": 100.0, "percent_covered_display": "100", "missing_lines": 0, "excluded_lines": 0}, "missing_lines": [], "excluded_lines": []}, "IndeedPoller.get_metrics": {"executed_lines": [591], "summary": {"covered_lines": 1, "num_statements": 1, "percent_covered": 100.0, "percent_covered_display": "100", "missing_lines": 0, "excluded_lines": 0}, "missing_lines": [], "excluded_lines": []}, "IndeedPoller.reset_metrics": {"executed_lines": [595], "summary": {"covered_lines": 1, "num_statements": 1, "percent_covered": 100.0, "percent_covered_display": "100", "missing_lines": 0, "excluded_lines": 0}, "missing_lines": [], "excluded_lines": []}, "": {"executed_lines": [1, 7, 8, 9, 10, 11, 12, 13, 15, 16, 17, 19, 20, 21, 22, 23, 26, 27, 33, 70, 134, 182, 208, 220, 225, 251, 283, 359, 402, 419, 454, 541, 575, 580, 584, 593], "summary": {"covered_lines": 34, "num_statements": 34, "percent_covered": 100.0, "percent_covered_display": "100", "missing_lines": 0, "excluded_lines": 0}, "missing_lines": [], "excluded_lines": []}}, "classes": {"IndeedPoller": {"executed_lines": [42, 43, 44, 47, 48, 51, 52, 53, 56, 57, 60, 63, 66, 68, 86, 87, 89, 92, 93, 95, 97, 98, 99, 102, 105, 107, 108, 111, 113, 114, 116, 118, 119, 122, 124, 128, 150, 151, 153, 154, 157, 158, 159, 160, 161, 164, 165, 168, 169, 170, 171, 173, 176, 178, 179, 180, 194, 197, 200, 203, 204, 206, 218, 222, 223, 239, 242, 245, 246, 247, 249, 264, 266, 267, 268, 269, 270, 271, 272, 273, 274, 276, 279, 280, 295, 296, 299, 301, 302, 304, 305, 306, 309, 310, 311, 312, 313, 314, 316, 318, 321, 322, 323, 324, 327, 330, 333, 334, 335, 338, 340, 351, 357, 370, 371, 372, 375, 376, 377, 380, 383, 386, 399, 400, 412, 413, 414, 415, 416, 417, 429, 431, 432, 435, 436, 437, 438, 439, 440, 443, 445, 446, 447, 448, 450, 451, 452, 463, 464, 465, 467, 469, 470, 473, 474, 475, 478, 479, 480, 481, 483, 484, 485, 488, 489, 491, 493, 494, 495, 497, 498, 500, 501, 502, 503, 505, 508, 509, 511, 514, 515, 516, 517, 520, 521, 522, 524, 525, 526, 530, 531, 539, 549, 552, 555, 556, 558, 559, 561, 564, 568, 569, 571, 573, 577, 578, 582, 591, 595], "summary": {"covered_lines": 209, "num_statements": 222, "percent_covered": 94.14414414414415, "percent_covered_display": "94", "missing_lines": 13, "excluded_lines": 0}, "missing_lines": [130, 131, 132, 281, 353, 354, 355, 535, 536, 537, 550, 565, 566], "excluded_lines": []}, "": {"executed_lines": [1, 7, 8, 9, 10, 11, 12, 13, 15, 16, 17, 19, 20, 21, 22, 23, 26, 27, 33, 70, 134, 182, 208, 220, 225, 251, 283, 359, 402, 419, 454, 541, 575, 580, 584, 593], "summary": {"covered_lines": 34, "num_statements": 34, "percent_covered": 100.0, "percent_covered_display": "100", "missing_lines": 0, "excluded_lines": 0}, "missing_lines": [], "excluded_lines": []}}}, "app/pollers/linkedin_poller.py": {"executed_lines": [1, 7, 8, 9, 10, 11, 12, 14, 16, 17, 18, 19, 22, 23, 29, 36, 37, 39, 45, 48, 49, 52, 68, 71, 72, 78, 105, 154, 191, 208, 243, 292, 333, 395, 429, 434, 438, 447], "summary": {"covered_lines": 35, "num_statements": 191, "percent_covered": 18.32460732984293, "percent_covered_display": "18", "missing_lines": 156, "excluded_lines": 0}, "missing_lines": [54, 55, 56, 58, 59, 60, 63, 64, 65, 88, 89, 90, 91, 94, 95, 98, 101, 103, 116, 117, 118, 121, 122, 123, 124, 127, 128, 129, 130, 131, 132, 135, 138, 151, 152, 169, 170, 172, 174, 176, 177, 179, 181, 184, 185, 187, 188, 189, 201, 202, 203, 204, 205, 206, 218, 220, 221, 224, 225, 226, 227, 228, 229, 232, 234, 235, 236, 237, 239, 240, 241, 264, 267, 270, 272, 273, 275, 276, 278, 281, 284, 285, 286, 287, 289, 290, 306, 307, 309, 310, 311, 312, 313, 314, 315, 316, 318, 319, 321, 322, 323, 325, 326, 327, 330, 331, 342, 343, 344, 346, 348, 349, 352, 353, 354, 357, 359, 362, 363, 365, 368, 369, 370, 371, 374, 375, 376, 378, 379, 380, 384, 385, 389, 390, 391, 393, 403, 404, 406, 409, 410, 412, 413, 415, 418, 419, 420, 422, 423, 425, 427, 431, 432, 436, 445, 449], "excluded_lines": [], "functions": {"RateLimiter.__init__": {"executed_lines": [36, 37], "summary": {"covered_lines": 2, "num_statements": 2, "percent_covered": 100.0, "percent_covered_display": "100", "missing_lines": 0, "excluded_lines": 0}, "missing_lines": [], "excluded_lines": []}, "RateLimiter.wait_if_needed": {"executed_lines": [45, 48, 49, 52, 68], "summary": {"covered_lines": 5, "num_statements": 14, "percent_covered": 35.714285714285715, "percent_covered_display": "36", "missing_lines": 9, "excluded_lines": 0}, "missing_lines": [54, 55, 56, 58, 59, 60, 63, 64, 65], "excluded_lines": []}, "LinkedInPoller.__init__": {"execute
[...]
ines": 0, "num_statements": 14, "percent_covered": 0.0, "percent_covered_display": "0", "missing_lines": 14, "excluded_lines": 0}, "missing_lines": [174, 175, 176, 177, 180, 183, 191, 193, 195, 196, 197, 198, 199, 200], "excluded_lines": []}, "ApplicationRepository.update_document_paths": {"executed_lines": [], "summary": {"covered_lines": 0, "num_statements": 19, "percent_covered": 0.0, "percent_covered_display": "0", "missing_lines": 19, "excluded_lines": 0}, "missing_lines": [211, 212, 214, 215, 216, 218, 219, 220, 222, 223, 225, 226, 228, 230, 231, 232, 233, 234, 235], "excluded_lines": []}, "ApplicationRepository.list_applications": {"executed_lines": [], "summary": {"covered_lines": 0, "num_statements": 13, "percent_covered": 0.0, "percent_covered_display": "0", "missing_lines": 13, "excluded_lines": 0}, "missing_lines": [249, 250, 253, 254, 255, 256, 257, 258, 261, 264, 265, 267, 268], "excluded_lines": []}, "ApplicationRepository.count_applications": {"executed_lines": [], "summary": {"covered_lines": 0, "num_statements": 10, "percent_covered": 0.0, "percent_covered_display": "0", "missing_lines": 10, "excluded_lines": 0}, "missing_lines": [280, 281, 283, 284, 285, 286, 287, 288, 290, 291], "excluded_lines": []}, "": {"executed_lines": [1, 7, 9, 10, 13, 14, 16, 20, 69, 86, 103, 124, 163, 202, 237, 270], "summary": {"covered_lines": 14, "num_statements": 14, "percent_covered": 100.0, "percent_covered_display": "100", "missing_lines": 0, "excluded_lines": 0}, "missing_lines": [], "excluded_lines": []}}, "classes": {"ApplicationRepository": {"executed_lines": [], "summary": {"covered_lines": 0, "num_statements": 98, "percent_covered": 0.0, "percent_covered_display": "0", "missing_lines": 98, "excluded_lines": 0}, "missing_lines": [18, 33, 43, 44, 61, 62, 63, 64, 65, 66, 67, 79, 80, 82, 83, 84, 96, 97, 99, 100, 101, 111, 117, 118, 119, 120, 121, 122, 134, 135, 136, 137, 140, 143, 152, 154, 156, 157, 158, 159, 160, 161, 174, 175, 176, 177, 180, 183, 191, 193, 195, 196, 197, 198, 199, 200, 211, 212, 214, 215, 216, 218, 219, 220, 222, 223, 225, 226, 228, 230, 231, 232, 233, 234, 235, 249, 250, 253, 254, 255, 256, 257, 258, 261, 264, 265, 267, 268, 280, 281, 283, 284, 285, 286, 287, 288, 290, 291], "excluded_lines": []}, "": {"executed_lines": [1, 7, 9, 10, 13, 14, 16, 20, 69, 86, 103, 124, 163, 202, 237, 270], "summary": {"covered_lines": 14, "num_statements": 14, "percent_covered": 100.0, "percent_covered_display": "100", "missing_lines": 0, "excluded_lines": 0}, "missing_lines": [], "excluded_lines": []}}}, "app/repositories/database.py": {"executed_lines": [1, 7, 8, 9, 10, 12, 13, 16, 17, 19, 20, 22, 27, 35, 43, 47, 57, 58, 64, 84, 98, 112, 120, 121, 136, 192, 224, 250, 261, 287], "summary": {"covered_lines": 28, "num_statements": 111, "percent_covered": 25.225225225225227, "percent_covered_display": "25", "missing_lines": 83, "excluded_lines": 0}, "missing_lines": [23, 24, 25, 29, 30, 31, 32, 33, 38, 39, 40, 41, 45, 49, 50, 51, 52, 53, 54, 55, 60, 61, 62, 75, 76, 77, 78, 79, 80, 81, 82, 95, 96, 109, 110, 114, 115, 116, 117, 128, 129, 130, 131, 132, 133, 142, 143, 146, 163, 166, 189, 198, 199, 202, 207, 212, 217, 221, 231, 232, 234, 237, 240, 241, 242, 244, 245, 246, 247, 257, 258, 268, 271, 272, 273, 274, 275, 276, 277, 279, 289, 290, 291], "excluded_lines": [], "functions": {"DatabaseConnection.__new__": {"executed_lines": [], "summary": {"covered_lines": 0, "num_statements": 3, "percent_covered": 0.0, "percent_covered_display": "0", "missing_lines": 3, "excluded_lines": 0}, "missing_lines": [23, 24, 25], "excluded_lines": []}, "DatabaseConnection.__init__": {"executed_lines": [], "summary": {"covered_lines": 0, "num_statements": 5, "percent_covered": 0.0, "percent_covered_display": "0", "missing_lines": 5, "excluded_lines": 0}, "missing_lines": [29, 30, 31, 32, 33], "excluded_lines": []}, "DatabaseConnection._get_db_path": {"executed_lines": [], "summary": {"covered_lines": 0, "num_statements": 4, "percent_covered": 0.0, "percent_covered_display": "0", "missing_lines": 4, "excluded_lines": 0}, "missing_lines": [38, 39, 40, 41], "excluded_lines": []}, "DatabaseConnection._ensure_db_directory": {"executed_lines": [], "summary": {"covered_lines": 0, "num_statements": 1, "percent_covered": 0.0, "percent_covered_display": "0", "missing_lines": 1, "excluded_lines": 0}, "missing_lines": [45], "excluded_lines": []}, "DatabaseConnection._create_connection": {"executed_lines": [], "summary": {"covered_lines": 0, "num_statements": 7, "percent_covered": 0.0, "percent_covered_display": "0", "missing_lines": 7, "excluded_lines": 0}, "missing_lines": [49, 50, 51, 52, 53, 54, 55], "excluded_lines": []}, "DatabaseConnection.connection": {"executed_lines": [], "summary": {"covered_lines": 0, "num_statements": 3, "percent_covered": 0.0, "percent_covered_display": "0", "missing_lines": 3, "excluded_lines": 0}, "missing_lines": [60, 61, 62], "excluded_lines": []}, "DatabaseConnection.execute": {"executed_lines": [], "summary": {"covered_lines": 0, "num_statements": 8, "percent_covered": 0.0, "percent_covered_display": "0", "missing_lines": 8, "excluded_lines": 0}, "missing_lines": [75, 76, 77, 78, 79, 80, 81, 82], "excluded_lines": []}, "DatabaseConnection.fetch_all": {"executed_lines": [], "summary": {"covered_lines": 0, "num_statements": 2, "percent_covered": 0.0, "percent_covered_display": "0", "missing_lines": 2, "excluded_lines": 0}, "missing_lines": [95, 96], "excluded_lines": []}, "DatabaseConnection.fetch_one": {"executed_lines": [], "summary": {"covered_lines": 0, "num_statements": 2, "percent_covered": 0.0, "percent_covered_display": "0", "missing_lines": 2, "excluded_lines": 0}, "missing_lines": [109, 110], "excluded_lines": []}, "DatabaseConnection.close": {"executed_lines": [], "summary": {"covered_lines": 0, "num_statements": 4, "percent_covered": 0.0, "percent_covered_display": "0", "missing_lines": 4, "excluded_lines": 0}, "missing_lines": [114, 115, 116, 117], "excluded_lines": []}, "get_db_connection": {"executed_lines": [], "summary": {"covered_lines": 0, "num_statements": 6, "percent_covered": 0.0, "percent_covered_display": "0", "missing_lines": 6, "excluded_lines": 0}, "missing_lines": [128, 129, 130, 131, 132, 133], "excluded_lines": []}, "create_tables": {"executed_lines": [], "summary": {"covered_lines": 0, "num_statements": 6, "percent_covered": 0.0, "percent_covered_display": "0", "missing_lines": 6, "excluded_lines": 0}, "missing_lines": [142, 143, 146, 163, 166, 189], "excluded_lines": []}, "create_indexes": {"executed_lines": [], "summary": {"covered_lines": 0, "num_statements": 7, "percent_covered": 0.0, "percent_covered_display": "0", "missing_lines": 7, "excluded_lines": 0}, "missing_lines": [198, 199, 202, 207, 212, 217, 221], "excluded_lines": []}, "initialize_database": {"executed_lines": [], "summary": {"covered_lines": 0, "num_statements": 11, "percent_covered": 0.0, "percent_covered_display": "0", "missing_lines": 11, "excluded_lines": 0}, "missing_lines": [231, 232, 234, 237, 240, 241, 242, 244, 245, 246, 247], "excluded_lines": []}, "get_connection": {"executed_lines": [], "summary": {"covered_lines": 0, "num_statements": 2, "percent_covered": 0.0, "percent_covered_display": "0", "missing_lines": 2, "excluded_lines": 0}, "missing_lines": [257, 258], "excluded_lines": []}, "get_database_info": {"executed_lines": [], "summary": {"covered_lines": 0, "num_statements": 9, "percent_covered": 0.0, "percent_covered_display": "0", "missing_lines": 9, "excluded_lines": 0}, "missing_lines": [268, 271, 272, 273, 274, 275, 276, 277, 279], "excluded_lines": []}, "": {"executed_lines": [1, 7, 8, 9, 10, 12, 13, 16, 17, 19, 20, 22, 27, 35, 43, 47, 57, 58, 64, 84, 98, 112, 120, 121, 136, 192, 224, 250, 261, 287], "summary": {"covered_lines": 28, "num_statements": 31, "percent_covered": 90.3225806451613, "percent_covered_display": "90", "missing_lines": 3, "excluded_lines": 0}, "missing_lines": [289, 290, 291], "excluded_lines": []}}, "classes": {"DatabaseConnection": {"executed_lines": [], "summary": {"covered_lines": 0, "num_statements": 39, "percent_covered": 0.0, "percent_covered_display": "0", "missing_lines": 39, "excluded_lines": 0}, "missing_lines": [23, 24, 25, 29, 30, 31, 32, 33, 38, 39, 40, 41, 45, 49, 50, 51, 52, 53, 54, 55, 60, 61, 62, 75, 76, 77, 78, 79, 80, 81, 82, 95, 96, 109, 110, 114, 115, 116, 117], "excluded_lines": []}, "": {"executed_lines": [1, 7, 8, 9, 10, 12, 13, 16, 17, 19, 20, 22, 27, 35, 43, 47, 57, 58, 64, 84, 98, 112, 120, 121, 136, 192, 224, 250, 261, 287], "summary": {"covered_lines": 28, "num_statements": 72, "percent_covered": 38.888888888888886, "percent_covered_display": "39", "missing_lines": 44, "excluded_lines": 0}, "missing_lines": [128, 129, 130, 131, 132, 133, 142, 143, 146, 163, 166, 189, 198, 199, 202, 207, 212, 217, 221, 231, 232, 234, 237, 240, 241, 242, 244, 245, 246, 247, 257, 258, 268, 271, 272, 273, 274, 275, 276, 277, 279, 289, 290, 291], "excluded_lines": []}}}, "app/repositories/jobs_repository.py": {"executed_lines": [1, 7, 9, 10, 13, 14, 16, 20, 67, 84, 103, 133, 164, 197], "summary": {"covered_lines": 12, "num_statements": 82, "percent_covered": 14.634146341463415, "percent_covered_display": "15", "missing_lines": 70, "excluded_lines": 0}, "missing_lines": [18, 33, 42, 43, 59, 60, 61, 62, 63, 64, 65, 77, 78, 80, 81, 82, 96, 97, 99, 100, 101, 111, 112, 115, 116, 118, 119, 120, 122, 124, 126, 127, 128, 129, 130, 131, 144, 150, 151, 152, 153, 156, 157, 159, 160, 161, 162, 176, 177, 180, 181, 182, 183, 184, 185, 188, 191, 192, 194, 195, 207, 208, 210, 211, 212, 213, 214, 215, 217, 218], "excluded_lines": [], "functions": {"JobsRepository.__init__": {"executed_lines": [], "summary": {"covered_lines": 0, "num_statements": 1, "percent_covered": 0.0, "percent_covered_display": "0", "missing_lines": 1, "excluded_lines": 0}, "missing_lines": [18], "excluded_lines": []}, "JobsRepository.insert_job": {"executed_lines": [], "summary": {"covered_lines": 0, "num_statements": 10, "percent_covered": 0.0, "percent_covered_display": "0", "missing_lines": 10, "excluded_lines": 0}, "missing_lines": [33, 42, 43, 59, 60, 61, 62, 63, 64, 65], "excluded_lines": []}, "JobsRepository.get_job_by_id": {"executed_lines": [], "summary": {"covered_lines": 0, "num_statements": 5, "percent_covered": 0.0, "percent_covered_display": "0", "missing_lines": 5, "excluded_lines": 0}, "missing_lines": [77, 78, 80, 81, 82], "excluded_lines": []}, "JobsRepository.get_job_by_url": {"executed_lines": [], "summary": {"covered_lines": 0, "num_statements": 5, "percent_covered": 0.0, "percent_covered_display": "0", "missing_lines": 5, "excluded_lines": 0}, "missing_lines": [96, 97, 99, 100, 101], "excluded_lines": []}, "JobsRepository.update_job": {"executed_lines": [], "summary": {"covered_lines": 0, "num_statements": 15, "percent_covered": 0.0, "percent_covered_display": "0", "missing_lines": 15, "excluded_lines": 0}, "missing_lines": [111, 112, 115, 116, 118, 119, 120, 122, 124, 126, 127, 128, 129, 130, 131], "excluded_lines": []}, "JobsRepository.delete_job": {"executed_lines": [], "summary": {"covered_lines": 0, "num_statements": 11, "percent_covered": 0.0, "percent_covered_display": "0", "missing_lines": 11, "excluded_lines": 0}, "missing_lines": [144, 150, 151, 152, 153, 156, 157, 159, 160, 161, 162], "excluded_lines": []}, "JobsRepository.list_jobs": {"executed_lines": [], "summary": {"covered_lines": 0, "num_statements": 13, "percent_covered": 0.0, "percent_covered_display": "0", "missing_lines": 13, "excluded_lines": 0}, "missing_lines": [176, 177, 180, 181, 182, 183, 184, 185, 188, 191, 192, 194, 195], "excluded_lines": []}, "JobsRepository.count_jobs": {"executed_lines": [], "summary": {"covered_lines": 0, "num_statements": 10, "percent_covered": 0.0, "percent_covered_display": "0", "missing_lines": 10, "excluded_lines": 0}, "missing_lines": [207, 208, 210, 211, 212, 213, 214, 215, 217, 218], "excluded_lines": []}, "": {"executed_lines": [1, 7, 9, 10, 13, 14, 16, 20, 67, 84, 103, 133, 164, 197], "summary": {"covered_lines": 12, "num_statements": 12, "percent_covered": 100.0, "percent_covered_display": "100", "missing_lines": 0, "excluded_lines": 0}, "missing_lines": [], "excluded_lines": []}}, "classes": {"JobsRepository": {"executed_lines": [], "summary": {"covered_lines": 0, "num_statements": 70, "percent_covered": 0.0, "percent_covered_display": "0", "missing_lines": 70, "excluded_lines": 0}, "missing_lines": [18, 33, 42, 43, 59, 60, 61, 62, 63, 64, 65, 77, 78, 80, 81, 82, 96, 97, 99, 100, 101, 111, 112, 115, 116, 118, 119, 120, 122, 124, 126, 127, 128, 129, 130, 131, 144, 150, 151, 152, 153, 156, 157, 159, 160, 161, 162, 176, 177, 180, 181, 182, 183, 184, 185, 188, 191, 192, 194, 195, 207, 208, 210, 211, 212, 213, 214, 215, 217, 218], "excluded_lines": []}, "": {"executed_lines": [1, 7, 9, 10, 13, 14, 16, 20, 67, 84, 103, 133, 164, 197], "summary": {"covered_lines": 12, "num_statements": 12, "percent_covered": 100.0, "percent_covered_display": "100", "missing_lines": 0, "excluded_lines": 0}, "missing_lines": [], "excluded_lines": []}}}, "app/services/__init__.py": {"executed_lines": [], "summary": {"covered_lines": 0, "num_statements": 0, "percent_covered": 100.0, "percent_covered_display": "100", "missing_lines": 0, "excluded_lines": 0}, "missing_lines": [], "excluded_lines": [], "functions": {"": {"executed_lines": [], "summary": {"covered_lines": 0, "num_statements": 0, "percent_covered": 100.0, "percent_covered_display": "100", "missing_lines": 0, "excluded_lines": 0}, "missing_lines": [], "excluded_lines": []}}, "classes": {"": {"executed_lines": [], "summary": {"covered_lines": 0, "num_statements": 0, "percent_covered": 100.0, "percent_covered_display": "100", "missing_lines": 0, "excluded_lines": 0}, "missing_lines": [], "excluded_lines": []}}}, "app/services/job_processor.py": {"executed_lines": [], "summary": {"covered_lines": 0, "num_statements": 23, "percent_covered": 0.0, "percent_covered_display": "0", "missing_lines": 23, "excluded_lines": 0}, "missing_lines": [8, 9, 11, 13, 14, 17, 32, 39, 40, 42, 44, 77, 80, 81, 82, 83, 87, 89, 96, 109, 111, 112, 114], "excluded_lines": [], "functions": {"JobProcessorService.__init__": {"executed_lines": [], "summary": {"covered_lines": 0, "num_statements": 3, "percent_covered": 0.0, "percent_covered_display": "0", "missing_lines": 3, "excluded_lines": 0}, "missing_lines": [39, 40, 42], "excluded_lines": []}, "JobProcessorService.process_job": {"executed_lines": [], "summary": {"covered_lines": 0, "num_statements": 7, "percent_covered": 0.0, "percent_covered_display": "0", "missing_lines": 7, "excluded_lines": 0}, "missing_lines": [77, 80, 81, 82, 83, 87, 89], "excluded_lines": []}, "JobProcessorService.get_processing_status": {"executed_lines": [], "summary": {"covered_lines": 0, "num_statements": 4, "percent_covered": 0.0, "percent_covered_display": "0", "missing_lines": 4, "excluded_lines": 0}, "missing_lines": [109, 111, 112, 114], "excluded_lines": []}, "": {"executed_lines": [], "summary": {"covered_lines": 0, "num_statements": 9, "percent_covered": 0.0, "percent_covered_display": "0", "missing_lines": 9, "excluded_lines": 0}, "missing_lines": [8, 9, 11, 13, 14, 17, 32, 44, 96], "excluded_lines": []}}, "classes": {"JobProcessorService": {"executed_lines": [], "summary": {"covered_lines": 0, "num_statements": 14, "percent_covered": 0.0, "percent_covered_display": "0", "missing_lines": 14, "excluded_lines": 0}, "missing_lines": [39, 40, 42, 77, 80, 81, 82, 83, 87, 89, 109, 111, 112, 114], "excluded_lines": []}, "": {"executed_lines": [], "summary": {"covered_lines": 0, "num_statements": 9, "percent_covered": 0.0, "percent_covered_display": "0", "missing_lines": 9, "excluded_lines": 0}, "missing_lines": [8, 9, 11, 13, 14, 17, 32, 44, 96], "excluded_lines": []}}}, "app/ui/__init__.py": {"executed_lines": [], "summary": {"covered_lines": 0, "num_statements": 0, "percent_covered": 100.0, "percent_covered_display": "100", "missing_lines": 0, "excluded_lines": 0}, "missing_lines": [], "excluded_lines": [], "functions": {"": {"executed_lines": [], "summary": {"covered_lines": 0, "num_statements": 0, "percent_covered": 100.0, "percent_covered_display": "100", "missing_lines": 0, "excluded_lines": 0}, "missing_lines": [], "excluded_lines": []}}, "classes": {"": {"executed_lines": [], "summary": {"covered_lines": 0, "num_statements": 0, "percent_covered": 100.0, "percent_covered_display": "100", "missing_lines": 0, "excluded_lines": 0}, "missing_lines": [], "excluded_lines": []}}}, "app/ui/gradio_app.py": {"executed_lines": [], "summary": {"covered_lines": 0, "num_statements": 83, "percent_covered": 0.0, "percent_covered_display": "0", "missing_lines": 83, "excluded_lines": 0}, "missing_lines": [8, 10, 11, 14, 21, 22, 23, 25, 26, 27, 28, 29, 31, 32, 34, 35, 37, 40, 47, 48, 49, 51, 53, 54, 62, 65, 72, 73, 74, 76, 78, 79, 80, 81, 83, 84, 86, 89, 96, 97, 99, 100, 101, 102, 104, 105, 106, 107, 109, 110, 111, 112, 114, 115, 117, 120, 127, 128, 135, 136, 137, 139, 140, 142, 143, 145, 146, 148, 157, 160, 169, 170, 171, 172, 173, 174, 175, 178, 180, 182, 185, 188, 189], "excluded_lines": [], "functions": {"create_dashboard_tab": {"executed_lines": [], "summary": {"covered_lines": 0, "num_statements": 13, "percent_covered": 0.0, "percent_covered_display": "0", "missing_lines": 13, "excluded_lines": 0}, "missing_lines": [21, 22, 23, 25, 26, 27, 28, 29, 31, 32, 34, 35, 37], "excluded_lines": []}, "create_pipeline_tab": {"executed_lines": [], "summary": {"covered_lines": 0, "num_statements": 7, "percent_covered": 0.0, "percent_covered_display": "0", "missing_lines": 7, "excluded_lines": 0}, "missing_lines": [47, 48, 49, 51, 53, 54, 62], "excluded_lines": []}, "create_pending_tab": {"executed_lines": [], "summary": {"covered_lines": 0, "num_statements": 11, "percent_covered": 0.0, "percent_covered_display": "0", "missing_lines": 11, "excluded_lines": 0}, "missing_lines": [72, 73, 74, 76, 78, 79, 80, 81, 83, 84, 86], "excluded_lines": []}, "create_settings_tab": {"executed_lines": [], "summary": {"covered_lines": 0, "num_statements": 17, "percent_covered": 0.0, "percent_covered_display": "0", "missing_lines": 17, "excluded_lines": 0}, "missing_lines": [96, 97, 99, 100, 101, 102, 104, 105, 106, 107, 109, 110, 111, 112, 114, 115, 117], "excluded_lines": []}, "create_ui": {"executed_lines": [], "summary": {"covered_lines": 0, "num_statements": 13, "percent_covered": 0.0, "percent_covered_display": "0", "missing_lines": 13, "excluded_lines": 0}, "missing_lines": [127, 128, 135, 136, 137, 139, 140, 142, 143, 145, 146, 148, 157], "excluded_lines": []}, "start": {"executed_lines": [], "summary": {"covered_lines": 0, "num_statements": 7, "percent_covered": 0.0, "percent_covered_display": "0", "missing_lines": 7, "excluded_lines": 0}, "missing_lines": [169, 170, 171, 172, 173, 174, 175], "excluded_lines": []}, "": {"executed_lines": [], "summary": {"covered_lines": 0, "num_statements": 15, "percent_covered": 0.0, "percent_covered_display": "0", "missing_lines": 15, "excluded_lines": 0}, "missing_lines": [8, 10, 11, 14, 40, 65, 89, 120, 160, 178, 180, 182, 185, 188, 189], "excluded_lines": []}}, "classes": {"": {"executed_lines": [], "summary": {"covered_lines": 0, "num_statements": 83, "percent_covered": 0.0, "percent_covered_display": "0", "missing_lines": 83, "excluded_lines": 0}, "missing_lines": [8, 10, 11, 14, 21, 22, 23, 25, 26, 27, 28, 29, 31, 32, 34, 35, 37, 40, 47, 48, 49, 51, 53, 54, 62, 65, 72, 73, 74, 76, 78, 79, 80, 81, 83, 84, 86, 89, 96, 97, 99, 100, 101, 102, 104, 105, 106, 107, 109, 110, 111, 112, 114, 115, 117, 120, 127, 128, 135, 136, 137, 139, 140, 142, 143, 145, 146, 148, 157, 160, 169, 170, 171, 172, 173, 174, 175, 178, 180, 182, 185, 188, 189], "excluded_lines": []}}}}, "totals": {"covered_lines": 423, "num_statements": 2707, "percent_covered": 15.626154414480975, "percent_covered_display": "16", "missing_lines": 2284, "excluded_lines": 0}}